------Start of DE processing------ = [10/17/15 15:46:00:550 CDT]
Exception = com.ibm.websphere.servlet.error.ServletErrorReport
Source = com.ibm.ws.webcontainer.filter.FilterInstanceWrapper.doFilter
probeid = 144
Stack Dump = com.ibm.websphere.servlet.error.ServletErrorReport: java.lang.Error: Unresolved compilation problem: 
	name cannot be resolved to a variable

	at com.ibm.ws.webcontainer.servlet.ServletWrapper.service(ServletWrapper.java:1383)
	at com.ibm.ws.webcontainer.servlet.ServletWrapper.handleRequest(ServletWrapper.java:778)
	at com.ibm.ws.webcontainer.servlet.ServletWrapper.handleRequest(ServletWrapper.java:475)
	at com.ibm.ws.webcontainer.filter.WebAppFilterChain.invokeTarget(WebAppFilterChain.java:146)
	at com.ibm.ws.webcontainer.filter.WebAppFilterChain.doFilter(WebAppFilterChain.java:93)
	at com.ibm.ws.security.jaspi.JaspiServletFilter.doFilter(JaspiServletFilter.java:57)
	at com.ibm.ws.webcontainer.filter.FilterInstanceWrapper.doFilter(FilterInstanceWrapper.java:207)
	at com.ibm.ws.webcontainer.filter.WebAppFilterChain.doFilter(WebAppFilterChain.java:90)
	at com.ibm.ws.webcontainer.filter.WebAppFilterManager.doFilter(WebAppFilterManager.java:1020)
	at com.ibm.ws.webcontainer.filter.WebAppFilterManager.invokeFilters(WebAppFilterManager.java:1142)
	at com.ibm.ws.webcontainer.webapp.WebApp.handleRequest(WebApp.java:4867)
	at com.ibm.ws.webcontainer31.osgi.webapp.WebApp31.handleRequest(WebApp31.java:523)
	at com.ibm.ws.webcontainer.osgi.DynamicVirtualHost$2.handleRequest(DynamicVirtualHost.java:297)
	at com.ibm.ws.webcontainer.WebContainer.handleRequest(WebContainer.java:997)
	at com.ibm.ws.webcontainer.osgi.DynamicVirtualHost$2.run(DynamicVirtualHost.java:262)
	at com.ibm.ws.http.dispatcher.internal.channel.HttpDispatcherLink$TaskWrapper.run(HttpDispatcherLink.java:955)
	at com.ibm.ws.http.dispatcher.internal.channel.HttpDispatcherLink.ready(HttpDispatcherLink.java:341)
	at com.ibm.ws.http.channel.internal.inbound.HttpInboundLink.handleDiscrimination(HttpInboundLink.java:470)
	at com.ibm.ws.http.channel.internal.inbound.HttpInboundLink.handleNewRequest(HttpInboundLink.java:404)
	at com.ibm.ws.http.channel.internal.inbound.HttpInboundLink.processRequest(HttpInboundLink.java:284)
	at com.ibm.ws.http.channel.internal.inbound.HttpInboundLink.ready(HttpInboundLink.java:255)
	at com.ibm.ws.tcpchannel.internal.NewConnectionInitialReadCallback.sendToDiscriminators(NewConnectionInitialReadCallback.java:174)
	at com.ibm.ws.tcpchannel.internal.NewConnectionInitialReadCallback.complete(NewConnectionInitialReadCallback.java:83)
	at com.ibm.ws.tcpchannel.internal.WorkQueueManager.requestComplete(WorkQueueManager.java:504)
	at com.ibm.ws.tcpchannel.internal.WorkQueueManager.attemptIO(WorkQueueManager.java:574)
	at com.ibm.ws.tcpchannel.internal.WorkQueueManager.workerRun(WorkQueueManager.java:929)
	at com.ibm.ws.tcpchannel.internal.WorkQueueManager$Worker.run(WorkQueueManager.java:1018)
	at java.util.concurrent.ThreadPoolExecutor.runWorker(ThreadPoolExecutor.java:1142)
	at java.util.concurrent.ThreadPoolExecutor$Worker.run(ThreadPoolExecutor.java:617)
	at java.lang.Thread.run(Thread.java:745)
Caused by: java.lang.Error: Unresolved compilation problem: 
	name cannot be resolved to a variable

	at edu.umkc.mongorestapp.UserServlet.doGet(UserServlet.java:48)
	at javax.servlet.http.HttpServlet.service(HttpServlet.java:687)
	at javax.servlet.http.HttpServlet.service(HttpServlet.java:790)
	at com.ibm.ws.webcontainer.servlet.ServletWrapper.service(ServletWrapper.java:1287)
	... 29 more

Dump of callerThis
Object type = com.ibm.ws.webcontainer.filter.FilterInstanceWrapper
  FILTER_STATE_UNINITIALIZED = 0
  FILTER_STATE_INITIALIZING = 1
  FILTER_STATE_AVAILABLE = 2
  FILTER_STATE_DESTROYING = 3
  FILTER_STATE_DESTROYED = 4
  FILTER_STATE_UNAVAILABLE = 5
  _filterName = "com.ibm.ws.security.jaspi.servlet.filter"
  _filterInstance = class com.ibm.ws.security.jaspi.JaspiServletFilter@515ebe6d
    serialVersionUID = -1292833612206940252
    $$$tc$$$ = class com.ibm.websphere.ras.TraceComponent@25bdf8d7
      strings[0] = "TraceComponent[com.ibm.ws.security.jaspi.JaspiServletFilter,class com.ibm.ws.security.jaspi.JaspiServletFilter,[security],com.ibm.ws.security.jaspi.internal.resources.JaspiMessages,null]"
  _filterState = 2
  nServicing = class java.util.concurrent.atomic.AtomicInteger@4b70e67e
    serialVersionUID = 6214790243416807050
    unsafe = class sun.misc.Unsafe@672f0572
      theUnsafe = class sun.misc.Unsafe@672f0572
      INVALID_FIELD_OFFSET = -1
      ARRAY_BOOLEAN_BASE_OFFSET = 16
      ARRAY_BYTE_BASE_OFFSET = 16
      ARRAY_SHORT_BASE_OFFSET = 16
      ARRAY_CHAR_BASE_OFFSET = 16
      ARRAY_INT_BASE_OFFSET = 16
      ARRAY_LONG_BASE_OFFSET = 16
      ARRAY_FLOAT_BASE_OFFSET = 16
      ARRAY_DOUBLE_BASE_OFFSET = 16
      ARRAY_OBJECT_BASE_OFFSET = 16
      ARRAY_BOOLEAN_INDEX_SCALE = 1
      ARRAY_BYTE_INDEX_SCALE = 1
      ARRAY_SHORT_INDEX_SCALE = 2
      ARRAY_CHAR_INDEX_SCALE = 2
      ARRAY_INT_INDEX_SCALE = 4
      ARRAY_LONG_INDEX_SCALE = 8
      ARRAY_FLOAT_INDEX_SCALE = 4
      ARRAY_DOUBLE_INDEX_SCALE = 8
      ARRAY_OBJECT_INDEX_SCALE = 4
      ADDRESS_SIZE = 8
    valueOffset = 12
    value = 0
    serialVersionUID = -8742448824652078965
  logger = class com.ibm.ws.logging.internal.WsLogger@20ba9308
    tc = class com.ibm.websphere.ras.TraceComponent@133d2141
      strings[0] = "TraceComponent[com.ibm.ws.logging.internal.WsLogger,class com.ibm.ws.logging.internal.WsLogger,[logging],com.ibm.ws.logging.internal.resources.LoggingMessages,null]"
    ivCachedResourceBundleName = null
    ivCachedResourceBundle = null
    ivComponent = null
    ivOrganization = null
    ivProduct = null
    ivMinimumLocalizationLevelIntValue = 625
    ivTC = class com.ibm.websphere.ras.TraceComponent@58577d0a
      strings[0] = "TraceComponent[com.ibm.ws.webcontainer.filter,class com.ibm.wsspi.webcontainer.logging.LoggerFactory$1,[com.ibm.ws.webcontainer.filter],null,null]"
    loggerRegistrationComponent = class java.lang.ThreadLocal@3c3e844
      threadLocalHashCode = 723146039
      nextHashCode = class java.util.concurrent.atomic.AtomicInteger@3012d28e
      HASH_INCREMENT = 1640531527
    emptyHandlers = class java.util.logging.Handler[0]
    offValue = 2147483647
    SYSTEM_LOGGER_RB_NAME = "sun.util.logging.resources.logging"
    SYSTEM_BUNDLE = class java.util.logging.Logger$LoggerBundle@77414ad3
      resourceBundleName = "sun.util.logging.resources.logging"
      userBundle = null
    NO_RESOURCE_BUNDLE = class java.util.logging.Logger$LoggerBundle@69f7f6e1
      resourceBundleName = null
      userBundle = null
    manager = class com.ibm.ws.kernel.boot.logging.WsLogManager@75eab253
      CLASS_NAME = "com.ibm.ws.kernel.boot.logging.WsLogManager"
      CONFIGURE_BY_SERVER_PROPERTY_NAME = "java.util.logging.configureByServer"
      CONFIGURE_BY_LOGGING_PROPERTIES_FILE = "java.util.logging.configureByLoggingPropertiesFile"
      configureByServer = true
      configureByLoggingProperties = false
      wsLogger = class java.lang.reflect.Constructor@40aab0fb
      resetEnabled = true
      manager = class com.ibm.ws.kernel.boot.logging.WsLogManager@75eab253
      props = class java.util.Properties@61bb7a55
      defaultLevel = class java.util.logging.Level@2cc37dde
      listenerMap = class java.util.HashMap@6b154656
      systemContext = class java.util.logging.LogManager$SystemLoggerContext@7ead1ea7
      userContext = class java.util.logging.LogManager$LoggerContext@31a759b6
      rootLogger = class java.util.logging.LogManager$RootLogger@b74e405
      readPrimordialConfiguration = true
      initializedGlobalHandlers = true
      deathImminent = false
      initializedCalled = true
      initializationDone = true
      contextsMap = null
      loggerRefQueue = class java.lang.ref.ReferenceQueue@4a1224cb
      MAX_ITERATIONS = 400
      controlPermission = class java.util.logging.LoggingPermission@5c5c4308
      loggingMXBean = null
      LOGGING_MXBEAN_NAME = "java.util.logging:type=Logging"
      $assertionsDisabled = true
    name = "com.ibm.ws.webcontainer.filter"
    handlers = class java.util.concurrent.CopyOnWriteArrayList@4b988b6f
      serialVersionUID = 8673264195747942595
      lock = class java.util.concurrent.locks.ReentrantLock@ffdc77a
      array = class java.lang.Object[0]
      UNSAFE = class sun.misc.Unsafe@672f0572
      lockOffset = 12
    loggerBundle = class java.util.logging.Logger$LoggerBundle@36f2471d
      resourceBundleName = "com.ibm.ws.webcontainer.resources.Messages"
      userBundle = null
    useParentHandlers = true
    filter = null
    anonymous = false
    catalog = class com.ibm.ws.webcontainer.resources.Messages_en@6064ffdc
      resources = class [Ljava.lang.Object;[0]
      lookup = null
      INITIAL_CACHE_SIZE = 32
      NONEXISTENT_BUNDLE = class java.util.ResourceBundle$1@76558cb9
      cacheList = class java.util.concurrent.ConcurrentHashMap@70ffb9f
      referenceQueue = class java.lang.ref.ReferenceQueue@5e0d7868
      parent = class com.ibm.ws.webcontainer.resources.Messages@59acd401
      locale = class java.util.Locale@532a425d
      name = "com.ibm.ws.webcontainer.resources.Messages"
      expired = false
      cacheKey = class java.util.ResourceBundle$CacheKey@2347667b
      keySet = null
      providers = null
      $assertionsDisabled = true
    catalogName = "com.ibm.ws.webcontainer.resources.Messages"
    catalogLocale = class java.util.Locale@40bcb1a9
      LOCALECACHE = class java.util.Locale$Cache@61f679dd
      ENGLISH = class java.util.Locale@532a425d
      FRENCH = class java.util.Locale@311620cc
      GERMAN = class java.util.Locale@7ea7b1a5
      ITALIAN = class java.util.Locale@2c4d173d
      JAPANESE = class java.util.Locale@2d749043
      KOREAN = class java.util.Locale@2de4d561
      CHINESE = class java.util.Locale@6e8d63e1
      SIMPLIFIED_CHINESE = class java.util.Locale@2abd65f2
      TRADITIONAL_CHINESE = class java.util.Locale@23420e6e
      FRANCE = class java.util.Locale@280688ba
      GERMANY = class java.util.Locale@2d916430
      ITALY = class java.util.Locale@6c421685
      JAPAN = class java.util.Locale@5fc0441d
      KOREA = class java.util.Locale@431f5407
      CHINA = class java.util.Locale@2abd65f2
      PRC = class java.util.Locale@2abd65f2
      TAIWAN = class java.util.Locale@23420e6e
      UK = class java.util.Locale@658918b0
      US = class java.util.Locale@40bcb1a9
      CANADA = class java.util.Locale@1983ccba
      CANADA_FRENCH = class java.util.Locale@443e833b
      ROOT = class java.util.Locale@7db858d7
      PRIVATE_USE_EXTENSION = x
      UNICODE_LOCALE_EXTENSION = u
      serialVersionUID = 9149081749638150636
      DISPLAY_LANGUAGE = 0
      DISPLAY_COUNTRY = 1
      DISPLAY_VARIANT = 2
      DISPLAY_SCRIPT = 3
      baseLocale = class sun.util.locale.BaseLocale@50598348
      localeExtensions = null
      hashCodeValue = 96636889
      defaultLocale = class java.util.Locale@40bcb1a9
      defaultDisplayLocale = null
      defaultFormatLocale = class java.util.Locale@40bcb1a9
      languageTag = "en-US"
      serialPersistentFields = class java.io.ObjectStreamField[6]
      isoLanguages = null
      isoCountries = null
      $assertionsDisabled = true
    treeLock = class java.lang.Object@4ff08922
    parent = class com.ibm.ws.logging.internal.WsLogger@6b9ef56e
      tc = class com.ibm.websphere.ras.TraceComponent@133d2141
      ivCachedResourceBundleName = "com.ibm.ws.webcontainer.resources.Messages"
      ivCachedResourceBundle = class com.ibm.ws.webcontainer.resources.Messages_en@4262fe35
      ivComponent = null
      ivOrganization = null
      ivProduct = null
      ivMinimumLocalizationLevelIntValue = 625
      ivTC = class com.ibm.websphere.ras.TraceComponent@1b5db82a
      loggerRegistrationComponent = class java.lang.ThreadLocal@3c3e844
      emptyHandlers = class java.util.logging.Handler[0]
      offValue = 2147483647
      SYSTEM_LOGGER_RB_NAME = "sun.util.logging.resources.logging"
      SYSTEM_BUNDLE = class java.util.logging.Logger$LoggerBundle@77414ad3
      NO_RESOURCE_BUNDLE = class java.util.logging.Logger$LoggerBundle@69f7f6e1
      manager = class com.ibm.ws.kernel.boot.logging.WsLogManager@75eab253
      name = "com.ibm.ws.webcontainer"
      handlers = class java.util.concurrent.CopyOnWriteArrayList@71b47574
      loggerBundle = class java.util.logging.Logger$LoggerBundle@12e80846
      useParentHandlers = true
      filter = null
      anonymous = false
      catalog = class com.ibm.ws.webcontainer.resources.Messages_en@4262fe35
      catalogName = "com.ibm.ws.webcontainer.resources.Messages"
      catalogLocale = class java.util.Locale@40bcb1a9
      treeLock = class java.lang.Object@4ff08922
      parent = class java.util.logging.Logger@7834255f
      kids = class java.util.ArrayList@568f4cb9
      levelObject = class java.util.logging.Level@2cc37dde
      levelValue = 800
      callersClassLoaderRef = class java.lang.ref.WeakReference@4c28cc9
      isSystemLogger = false
      GLOBAL_LOGGER_NAME = "global"
      global = class java.util.logging.Logger@5d75c89e
      $assertionsDisabled = true
    kids = null
    levelObject = class java.util.logging.Level@2cc37dde
      defaultBundle = "sun.util.logging.resources.logging"
      name = "INFO"
      value = 800
      resourceBundleName = "sun.util.logging.resources.logging"
      localizedLevelName = "INFO"
      cachedLocale = class java.util.Locale@40bcb1a9
      OFF = class java.util.logging.Level@525cae98
      SEVERE = class java.util.logging.Level@f51c17d
      WARNING = class java.util.logging.Level@794657e
      INFO = class java.util.logging.Level@2cc37dde
      CONFIG = class java.util.logging.Level@2c4e4794
      FINE = class java.util.logging.Level@1bd104eb
      FINER = class java.util.logging.Level@1a0a64c5
      FINEST = class java.util.logging.Level@3e114d6f
      ALL = class java.util.logging.Level@603dcfde
      serialVersionUID = -8176160795706313070
    levelValue = 800
    callersClassLoaderRef = class java.lang.ref.WeakReference@957a016
      referent = class org.eclipse.osgi.internal.loader.EquinoxClassLoader@2c92d620
      queue = class java.lang.ref.ReferenceQueue$Null@6654965d
      next = null
      discovered = null
      lock = class java.lang.ref.Reference$Lock@65872e13
      pending = null
    isSystemLogger = false
    GLOBAL_LOGGER_NAME = "global"
    global = class java.util.logging.Logger@5d75c89e
      emptyHandlers = class java.util.logging.Handler[0]
      offValue = 2147483647
      SYSTEM_LOGGER_RB_NAME = "sun.util.logging.resources.logging"
      SYSTEM_BUNDLE = class java.util.logging.Logger$LoggerBundle@77414ad3
      NO_RESOURCE_BUNDLE = class java.util.logging.Logger$LoggerBundle@69f7f6e1
      manager = class com.ibm.ws.kernel.boot.logging.WsLogManager@75eab253
      name = "global"
      handlers = class java.util.concurrent.CopyOnWriteArrayList@5b71e72d
      loggerBundle = class java.util.logging.Logger$LoggerBundle@69f7f6e1
      useParentHandlers = true
      filter = null
      anonymous = false
      catalog = null
      catalogName = null
      catalogLocale = null
      treeLock = class java.lang.Object@4ff08922
      parent = class java.util.logging.LogManager$RootLogger@b74e405
      kids = null
      levelObject = null
      levelValue = 800
      callersClassLoaderRef = null
      isSystemLogger = true
      GLOBAL_LOGGER_NAME = "global"
      global = class java.util.logging.Logger@5d75c89e
      $assertionsDisabled = true
    $assertionsDisabled = true
  CLASS_NAME = "com.ibm.ws.webcontainer.filter.FilterInstanceWrapper"
  _filterEvent = null
  _filterConfig = class com.ibm.ws.webcontainer.filter.FilterConfig@66b1bf91
    dispatchMode = null
    filterClassLoader = null
    isInternal = false
    webAppConfig = class com.ibm.ws.webcontainer.osgi.webapp.WebAppConfiguration@612eb53a
      webModuleMetaData = class com.ibm.ws.webcontainer.osgi.metadata.WebModuleMetaDataImpl@60c30baa
      webComponentMetaData = class com.ibm.ws.webcontainer.osgi.metadata.WebComponentMetaDataImpl@7335296c
      dVirtualHost = class com.ibm.ws.webcontainer.osgi.DynamicVirtualHost@278a960e
      orderedLibPaths = class java.util.Collections$UnmodifiableRandomAccessList@7e86400c
      bundleHeaders = null
      cdiEnabled = false
      CLASS_NAME = "com.ibm.ws.webcontainer.webapp.WebAppConfiguration"
      logger = class com.ibm.ws.logging.internal.WsLogger@6789ab62
      tc = class com.ibm.websphere.ras.TraceComponent@6a33eb78
      nls = class com.ibm.ejs.ras.TraceNLS@18f1c1d3
      version = 30
      contextRoot = "/MongoRestApp"
      sessionTimeout = 0
      moduleSessionTimeoutSet = false
      moduleSessionTrackingModeSet = false
      sessionCookieConfig = class com.ibm.ws.session.SessionCookieConfigImpl@60230890
      hasProgrammaticCookieConfig = false
      sessionDefaultTrackingModeSet = class java.util.RegularEnumSet@2c3d24ef
      sessionManagerConfig = class com.ibm.ws.session.SessionManagerConfig@2170d95f
      displayName = "MongoRestApp"
      description = null
      reloadInterval = 0
      distributable = false
      denyUncoveredHttpMethods = false
      reloadingEnabled = false
      serveServletsByClassnameEnabled = false
      defaultErrorPage = null
      additionalClassPath = null
      fileServingEnabled = null
      directoryBrowsingEnabled = false
      autoRequestEncoding = false
      autoResponseEncoding = false
      autoLoadFilters = false
      requestListeners = null
      requestAttributeListeners = null
      sessionListeners = null
      localeMap = null
      moduleName = "MongoRestApp"
      j2eeModuleName = "MongoRestApp.war"
      moduleId = null
      isSyncToThreadEnabled = false
      isSystemApp = false
      ardEnabled = false
      ardDispatchType = null
      listeners = class java.util.ArrayList@7bd4ea54
      welcomeFileList = class java.util.ArrayList@34b1a36
      servletMappings = class java.util.HashMap@46145cec
      lastIndexBeforeDeclaredFilters = 0
      filterMappings = class java.util.ArrayList@6109cf50
      servletInfo = class java.util.HashMap@3dd31f6f
      filterInfo = class java.util.HashMap@66123849
      mimeMappings = class java.util.HashMap@205eb5b
      mimeFilters = null
      isMimeFilteringEnabled = false
      theWebGroup = null
      jspAttributes = class java.util.HashMap@2dd9d704
      fileServingAttributes = class java.util.HashMap@8d48db7
      invokerAttributes = class java.util.HashMap@7f733c94
      contextParams = class java.util.HashMap@52014f12
      virtualHost = "default_host"
      exceptionErrorPages = class java.util.HashMap@3103c3a1
      codeErrorPages = class java.util.HashMap@1d965903
      tagLibList = null
      precompileJsps = false
      webApp = class com.ibm.ws.webcontainer31.osgi.webapp.WebApp31@740272a8
      virtualHostList = class java.util.Collections$EmptyList@57f78d06
      appStartupWeight = 0
      moduleStartupWeight = 0
      metaDataComplete = false
      classesToScan = class java.util.ArrayList@7b6741b9
      uriFilterMappingInfos = class java.util.ArrayList@23c6f818
      servletFilterMappingInfos = null
      dynamicServletRegistrationMap = null
      applicationName = "MongoRestApp"
      libBinPathList = class java.util.ArrayList@c77290a
      webXmlDefinedListeners = class java.util.HashSet@230627c6
      allRefs = class java.util.EnumMap@62add096
      allRefBindings = class java.util.EnumMap@76bfe2e3
      envEntryValues = class java.util.HashMap@43b5aa47
      resourceRefConfigList = null
      disallowAllFileServingProp = "false"
      disallowServeServletsByClassnameProp = "true"
      disableStaticMappingCache = false
      jspCachedLocations = class java.util.HashMap@511f8de0
      _id = "WebAppGeneratedId11"
      _attributes = null
      serialVersionUID = 7511545662945734886
      $$$tc$$$ = class com.ibm.websphere.ras.TraceComponent@e3ebef5
    filter = null
    filterClass = class java.lang.Class@704e88f5
      ANNOTATION = 8192
      ENUM = 16384
      SYNTHETIC = 4096
      cachedConstructor = null
      newInstanceCallerCache = null
      name = "com.ibm.ws.security.jaspi.JaspiServletFilter"
      allPermDomain = class java.security.ProtectionDomain@2bb08da9
      useCaches = true
      reflectionData = class java.lang.ref.SoftReference@595513ef
      classRedefinedCount = 0
      genericInfo = null
      serialVersionUID = 3206093459760846163
      serialPersistentFields = class java.io.ObjectStreamField[0]
      reflectionFactory = class sun.reflect.ReflectionFactory@7e1e14b0
      initted = true
      enumConstants = null
      enumConstantDirectory = null
      annotationData = class java.lang.Class$AnnotationData@438dccb7
      annotationType = null
      classValueMap = null
    urlPatternMappings = class java.util.ArrayList@24803867
      serialVersionUID = 8683452581122892189
      DEFAULT_CAPACITY = 10
      EMPTY_ELEMENTDATA = class java.lang.Object[0]
      DEFAULTCAPACITY_EMPTY_ELEMENTDATA = class java.lang.Object[0]
      elementData = class java.lang.Object[10]
      size = 1
      MAX_ARRAY_SIZE = 2147483639
      modCount = 1
      MAX_ARRAY_SIZE = 2147483639
    servletNameMappings = null
    nls = class com.ibm.ejs.ras.TraceNLS@4c9f845b
      resolver = class com.ibm.ws.logging.internal.TraceNLSResolver@31399dd4
      finder = class com.ibm.ws.logging.internal.StackFinder@1d7b1f1f
      ivBundleName = "com.ibm.ws.webcontainer.resources.Messages"
      caller = class java.lang.Class@11dd2294
    logger = class com.ibm.ws.logging.internal.WsLogger@c3875dc
      tc = class com.ibm.websphere.ras.TraceComponent@133d2141
      ivCachedResourceBundleName = "com.ibm.ws.webcontainer.resources.Messages"
      ivCachedResourceBundle = class com.ibm.ws.webcontainer.resources.Messages_en@4262fe35
      ivComponent = null
      ivOrganization = null
      ivProduct = null
      ivMinimumLocalizationLevelIntValue = 625
      ivTC = class com.ibm.websphere.ras.TraceComponent@456954d3
      loggerRegistrationComponent = class java.lang.ThreadLocal@3c3e844
      emptyHandlers = class java.util.logging.Handler[0]
      offValue = 2147483647
      SYSTEM_LOGGER_RB_NAME = "sun.util.logging.resources.logging"
      SYSTEM_BUNDLE = class java.util.logging.Logger$LoggerBundle@77414ad3
      NO_RESOURCE_BUNDLE = class java.util.logging.Logger$LoggerBundle@69f7f6e1
      manager = class com.ibm.ws.kernel.boot.logging.WsLogManager@75eab253
      name = "com.ibm.ws.webcontainer.servlet"
      handlers = class java.util.concurrent.CopyOnWriteArrayList@79ea0027
      loggerBundle = class java.util.logging.Logger$LoggerBundle@6437c7b6
      useParentHandlers = true
      filter = null
      anonymous = false
      catalog = class com.ibm.ws.webcontainer.resources.Messages_en@4262fe35
      catalogName = "com.ibm.ws.webcontainer.resources.Messages"
      catalogLocale = class java.util.Locale@40bcb1a9
      treeLock = class java.lang.Object@4ff08922
      parent = class com.ibm.ws.logging.internal.WsLogger@6b9ef56e
      kids = null
      levelObject = class java.util.logging.Level@2cc37dde
      levelValue = 800
      callersClassLoaderRef = class java.lang.ref.WeakReference@7d25960c
      isSystemLogger = false
      GLOBAL_LOGGER_NAME = "global"
      global = class java.util.logging.Logger@5d75c89e
      $assertionsDisabled = true
    CLASS_NAME = "com.ibm.ws.webcontainer.servlet.TargetConfig"
    initParams = null
    fileName = null
    displayName = "com.ibm.ws.security.jaspi.servlet.filter"
    name = "com.ibm.ws.security.jaspi.servlet.filter"
    description = null
    smallIcon = null
    largeIcon = null
    context = class com.ibm.ws.webcontainer31.facade.ServletContextFacade31@5b003fd0
      context = class com.ibm.ws.webcontainer31.osgi.webapp.WebApp31@740272a8
    className = null
    asyncSupported = true
    _id = "com.ibm.ws.security.jaspi.servlet.filter"
    _attributes = null
    serialVersionUID = 7511545662945734886
    $$$tc$$$ = class com.ibm.websphere.ras.TraceComponent@e3ebef5
      strings[0] = "TraceComponent[com.ibm.ws.container.BaseConfiguration,class com.ibm.ws.container.BaseConfiguration,[],null,null]"
  _eventSource = class com.ibm.ws.webcontainer.webapp.WebAppEventSource@717c3dac
    _invocationListeners = class com.ibm.ws.webcontainer.util.EventListeners@13d1e2ed
      EMPTY_LISTENERS = interface java.util.EventListener[0]
      logger = class com.ibm.ws.logging.internal.WsLogger@74fa898e
      CLASS_NAME = "com.ibm.ws.webcontainer.util.EventListeners"
      listeners = interface java.util.EventListener[0]
    _servletListeners = class com.ibm.ws.webcontainer.util.EventListeners@6e9a65b0
      EMPTY_LISTENERS = interface java.util.EventListener[0]
      logger = class com.ibm.ws.logging.internal.WsLogger@74fa898e
      CLASS_NAME = "com.ibm.ws.webcontainer.util.EventListeners"
      listeners = interface java.util.EventListener[0]
    _errorListeners = class com.ibm.ws.webcontainer.util.EventListeners@39b3bb53
      EMPTY_LISTENERS = interface java.util.EventListener[0]
      logger = class com.ibm.ws.logging.internal.WsLogger@74fa898e
      CLASS_NAME = "com.ibm.ws.webcontainer.util.EventListeners"
      listeners = interface java.util.EventListener[0]
    _applicationListeners = class com.ibm.ws.webcontainer.util.EventListeners@8f17410
      EMPTY_LISTENERS = interface java.util.EventListener[0]
      logger = class com.ibm.ws.logging.internal.WsLogger@74fa898e
      CLASS_NAME = "com.ibm.ws.webcontainer.util.EventListeners"
      listeners = interface java.util.EventListener[0]
    _filterInvocationListeners = class com.ibm.ws.webcontainer.util.EventListeners@142b3969
      EMPTY_LISTENERS = interface java.util.EventListener[0]
      logger = class com.ibm.ws.logging.internal.WsLogger@74fa898e
      CLASS_NAME = "com.ibm.ws.webcontainer.util.EventListeners"
      listeners = interface java.util.EventListener[0]
    _filterListeners = class com.ibm.ws.webcontainer.util.EventListeners@292169b9
      EMPTY_LISTENERS = interface java.util.EventListener[0]
      logger = class com.ibm.ws.logging.internal.WsLogger@74fa898e
      CLASS_NAME = "com.ibm.ws.webcontainer.util.EventListeners"
      listeners = interface java.util.EventListener[0]
    _filterErrorListeners = class com.ibm.ws.webcontainer.util.EventListeners@d6c36ed
      EMPTY_LISTENERS = interface java.util.EventListener[0]
      logger = class com.ibm.ws.logging.internal.WsLogger@74fa898e
      CLASS_NAME = "com.ibm.ws.webcontainer.util.EventListeners"
      listeners = interface java.util.EventListener[0]
  _managedObject = class com.ibm.ws.managedobject.internal.ManagedObjectImpl@38b4c4ff
    serialVersionUID = 2312695316196219051
    object = "<sensitive com.ibm.ws.security.jaspi.JaspiServletFilter@515ebe6d>"
    $$$tc$$$ = class com.ibm.websphere.ras.TraceComponent@2d9a048a
      strings[0] = "TraceComponent[com.ibm.ws.managedobject.internal.ManagedObjectImpl,class com.ibm.ws.managedobject.internal.ManagedObjectImpl,[],null,null]"

