------Start of DE processing------ = [10/17/15 9:14:03:891 CDT]
Exception = com.ibm.websphere.servlet.error.ServletErrorReport
Source = com.ibm.ws.webcontainer.filter.WebAppFilterChain.doFilter
probeid = 82
Stack Dump = com.ibm.websphere.servlet.error.ServletErrorReport: java.lang.Error: Unresolved compilation problems: 
	JSONObject cannot be resolved to a type
	JSONObject cannot be resolved to a type

	at com.ibm.ws.webcontainer.servlet.ServletWrapper.service(ServletWrapper.java:1383)
	at com.ibm.ws.webcontainer.servlet.ServletWrapper.handleRequest(ServletWrapper.java:778)
	at com.ibm.ws.webcontainer.servlet.ServletWrapper.handleRequest(ServletWrapper.java:475)
	at com.ibm.ws.webcontainer.filter.WebAppFilterChain.invokeTarget(WebAppFilterChain.java:146)
	at com.ibm.ws.webcontainer.filter.WebAppFilterChain.doFilter(WebAppFilterChain.java:93)
	at com.ibm.ws.security.jaspi.JaspiServletFilter.doFilter(JaspiServletFilter.java:57)
	at com.ibm.ws.webcontainer.filter.FilterInstanceWrapper.doFilter(FilterInstanceWrapper.java:207)
	at com.ibm.ws.webcontainer.filter.WebAppFilterChain.doFilter(WebAppFilterChain.java:90)
	at com.ibm.ws.webcontainer.filter.WebAppFilterManager.doFilter(WebAppFilterManager.java:1020)
	at com.ibm.ws.webcontainer.filter.WebAppFilterManager.invokeFilters(WebAppFilterManager.java:1142)
	at com.ibm.ws.webcontainer.webapp.WebApp.handleRequest(WebApp.java:4867)
	at com.ibm.ws.webcontainer31.osgi.webapp.WebApp31.handleRequest(WebApp31.java:523)
	at com.ibm.ws.webcontainer.osgi.DynamicVirtualHost$2.handleRequest(DynamicVirtualHost.java:297)
	at com.ibm.ws.webcontainer.WebContainer.handleRequest(WebContainer.java:997)
	at com.ibm.ws.webcontainer.osgi.DynamicVirtualHost$2.run(DynamicVirtualHost.java:262)
	at com.ibm.ws.http.dispatcher.internal.channel.HttpDispatcherLink$TaskWrapper.run(HttpDispatcherLink.java:955)
	at com.ibm.ws.http.dispatcher.internal.channel.HttpDispatcherLink.ready(HttpDispatcherLink.java:341)
	at com.ibm.ws.http.channel.internal.inbound.HttpInboundLink.handleDiscrimination(HttpInboundLink.java:470)
	at com.ibm.ws.http.channel.internal.inbound.HttpInboundLink.handleNewRequest(HttpInboundLink.java:404)
	at com.ibm.ws.http.channel.internal.inbound.HttpInboundLink.processRequest(HttpInboundLink.java:284)
	at com.ibm.ws.http.channel.internal.inbound.HttpInboundLink.ready(HttpInboundLink.java:255)
	at com.ibm.ws.tcpchannel.internal.NewConnectionInitialReadCallback.sendToDiscriminators(NewConnectionInitialReadCallback.java:174)
	at com.ibm.ws.tcpchannel.internal.NewConnectionInitialReadCallback.complete(NewConnectionInitialReadCallback.java:83)
	at com.ibm.ws.tcpchannel.internal.WorkQueueManager.requestComplete(WorkQueueManager.java:504)
	at com.ibm.ws.tcpchannel.internal.WorkQueueManager.attemptIO(WorkQueueManager.java:574)
	at com.ibm.ws.tcpchannel.internal.WorkQueueManager.workerRun(WorkQueueManager.java:929)
	at com.ibm.ws.tcpchannel.internal.WorkQueueManager$Worker.run(WorkQueueManager.java:1018)
	at java.util.concurrent.ThreadPoolExecutor.runWorker(ThreadPoolExecutor.java:1142)
	at java.util.concurrent.ThreadPoolExecutor$Worker.run(ThreadPoolExecutor.java:617)
	at java.lang.Thread.run(Thread.java:745)
Caused by: java.lang.Error: Unresolved compilation problems: 
	JSONObject cannot be resolved to a type
	JSONObject cannot be resolved to a type

	at edu.umkc.mongorestapp.UserServlet.doGet(UserServlet.java:30)
	at javax.servlet.http.HttpServlet.service(HttpServlet.java:687)
	at javax.servlet.http.HttpServlet.service(HttpServlet.java:790)
	at com.ibm.ws.webcontainer.servlet.ServletWrapper.service(ServletWrapper.java:1287)
	... 29 more

Dump of callerThis
Object type = com.ibm.ws.webcontainer.filter.WebAppFilterChain
  _filters = class java.util.ArrayList@2cdc01cb
    serialVersionUID = 8683452581122892189
    DEFAULT_CAPACITY = 10
    EMPTY_ELEMENTDATA = class java.lang.Object[0]
    DEFAULTCAPACITY_EMPTY_ELEMENTDATA = class java.lang.Object[0]
    elementData = class java.lang.Object[5]
      elementData[0] = class com.ibm.ws.webcontainer.filter.FilterInstanceWrapper@15ab1436
      elementData[1] = null
      elementData[2] = null
      elementData[3] = null
      elementData[4] = null
    size = 1
    MAX_ARRAY_SIZE = 2147483639
    modCount = 1
    MAX_ARRAY_SIZE = 2147483639
  _currentFilterIndex = 1
  _numberOfFilters = 1
  requestProcessor = class com.ibm.ws.webcontainer.osgi.servlet.ServletWrapper@149eafd3
    serialVersionUID = 1
    _mo = class com.ibm.ws.managedobject.internal.ManagedObjectImpl@55700f5c
      serialVersionUID = 2312695316196219051
      object = "<sensitive edu.umkc.mongorestapp.UserServlet@678a7f4c>"
      $$$tc$$$ = class com.ibm.websphere.ras.TraceComponent@76c77d4f
    serialVersionUID = -4479626085298397598
    notifyInvocationListeners = false
    UNINITIALIZED_STATE = -1
    AVAILABLE_STATE = 0
    UNAVAILABLE_STATE = 1
    UNAVAILABLE_PERMANENTLY_STATE = 2
    collabHelper = class com.ibm.ws.webcontainer.osgi.collaborator.CollaboratorHelperImpl@14f473f1
    nServicing = class java.util.concurrent.atomic.AtomicInteger@a64f9f
      serialVersionUID = 6214790243416807050
      unsafe = class sun.misc.Unsafe@2c597a15
      valueOffset = 12
      value = 0
      serialVersionUID = -8742448824652078965
    lastAccessTime = 1445091243760
    state = 0
    logger = class com.ibm.ws.logging.internal.WsLogger@6b714032
      tc = class com.ibm.websphere.ras.TraceComponent@71db92d1
      ivCachedResourceBundleName = "com.ibm.ws.webcontainer.resources.Messages"
      ivCachedResourceBundle = class com.ibm.ws.webcontainer.resources.Messages_en@22b5c144
      ivComponent = null
      ivOrganization = null
      ivProduct = null
      ivMinimumLocalizationLevelIntValue = 625
      ivTC = class com.ibm.websphere.ras.TraceComponent@1f73bb64
      loggerRegistrationComponent = class java.lang.ThreadLocal@26105cc9
      emptyHandlers = class java.util.logging.Handler[0]
      offValue = 2147483647
      SYSTEM_LOGGER_RB_NAME = "sun.util.logging.resources.logging"
      SYSTEM_BUNDLE = class java.util.logging.Logger$LoggerBundle@4e404ffd
      NO_RESOURCE_BUNDLE = class java.util.logging.Logger$LoggerBundle@23ab0fdb
      manager = class com.ibm.ws.kernel.boot.logging.WsLogManager@779f973
      name = "com.ibm.ws.webcontainer.servlet"
      handlers = class java.util.concurrent.CopyOnWriteArrayList@496c2c8a
      loggerBundle = class java.util.logging.Logger$LoggerBundle@7ae0b5d9
      useParentHandlers = true
      filter = null
      anonymous = false
      catalog = class com.ibm.ws.webcontainer.resources.Messages_en@22b5c144
      catalogName = "com.ibm.ws.webcontainer.resources.Messages"
      catalogLocale = class java.util.Locale@6a4f0600
      treeLock = class java.lang.Object@3d64d567
      parent = class com.ibm.ws.logging.internal.WsLogger@3a3b0aa0
      kids = null
      levelObject = class java.util.logging.Level@36885342
      levelValue = 800
      callersClassLoaderRef = class java.lang.ref.WeakReference@77f15c44
      isSystemLogger = false
      GLOBAL_LOGGER_NAME = "global"
      global = class java.util.logging.Logger@2457a343
      $assertionsDisabled = true
    CLASS_NAME = "com.ibm.ws.webcontainer.servlet.ServletWrapper"
    nls = class com.ibm.ejs.ras.TraceNLS@4d07c4c3
      resolver = class com.ibm.ws.logging.internal.TraceNLSResolver@6b4a6a30
      finder = class com.ibm.ws.logging.internal.StackFinder@1a053741
      ivBundleName = "com.ibm.ws.webcontainer.resources.Messages"
      caller = class java.lang.Class@55f9a093
    servletConfig = class com.ibm.ws.webcontainer.servlet.ServletConfig@556208c8
      logger = class com.ibm.ws.logging.internal.WsLogger@6b714032
      CLASS_NAME = "com.ibm.ws.webcontainer.servlet.ServletConfig"
      nls = class com.ibm.ejs.ras.TraceNLS@5ec29555
      liberty_nls = class com.ibm.ejs.ras.TraceNLS@4751d86b
      enabled = true
      servletName = "edu.umkc.mongorestapp.UserServlet"
      className = "edu.umkc.mongorestapp.UserServlet"
      mappings = class java.util.ArrayList@489a1933
      startUpWeight = -1
      DEFAULT_STARTUP = -1
      isCachingEnabled = true
      isStatisticsEnabled = true
      isInternal = false
      metaData = class com.ibm.ws.webcontainer.osgi.metadata.WebComponentMetaDataImpl@14ee59
      singleThreadModelServlet = false
      isJsp = false
      webAppConfig = class com.ibm.ws.webcontainer.osgi.webapp.WebAppConfiguration@66a322c7
      servletWrapper = class com.ibm.ws.webcontainer.osgi.servlet.ServletWrapper@149eafd3
      servletClass = null
      servlet = null
      addedToLoadOnStartup = true
      previousWeight = null
      multipartConfig = null
      multipartConfigBaseLocation = null
      runAsRole = null
      servletSecurityElement = null
      declareRolesAnnotation = null
      logger = class com.ibm.ws.logging.internal.WsLogger@6b714032
      CLASS_NAME = "com.ibm.ws.webcontainer.servlet.TargetConfig"
      initParams = null
      fileName = null
      displayName = null
      name = "edu.umkc.mongorestapp.UserServlet"
      description = null
      smallIcon = null
      largeIcon = null
      context = class com.ibm.ws.webcontainer31.facade.ServletContextFacade31@65181ccf
      className = null
      asyncSupported = false
      _id = "ServletGeneratedId1"
      _attributes = null
      serialVersionUID = 7511545662945734886
      $$$tc$$$ = class com.ibm.websphere.ras.TraceComponent@6850ccf4
    context = class com.ibm.ws.webcontainer31.osgi.webapp.WebApp31@5ad92f1b
    target = class edu.umkc.mongorestapp.UserServlet@678a7f4c
      serialVersionUID = 1
      METHOD_DELETE = "DELETE"
      METHOD_HEAD = "HEAD"
      METHOD_GET = "GET"
      METHOD_OPTIONS = "OPTIONS"
      METHOD_POST = "POST"
      METHOD_PUT = "PUT"
      METHOD_TRACE = "TRACE"
      HEADER_IFMODSINCE = "If-Modified-Since"
      HEADER_LASTMOD = "Last-Modified"
      LSTRING_FILE = "javax.servlet.http.LocalStrings"
      lStrings = class java.util.PropertyResourceBundle@7ab9b68e
      LSTRING_FILE = "javax.servlet.LocalStrings"
      lStrings = class java.util.PropertyResourceBundle@60349f36
      config = class com.ibm.ws.webcontainer.servlet.ServletConfig@556208c8
    cacheWrappers = null
    targetLoader = class com.ibm.ws.classloading.internal.ThreadContextClassLoader@541ecbe8
    evtSource = class com.ibm.ws.webcontainer.webapp.WebAppEventSource@39982cb3
    event = class com.ibm.websphere.servlet.event.ServletEvent@61bc35f
      serialVersionUID = 3906650803920713522
      _servletName = "edu.umkc.mongorestapp.UserServlet"
      _servletClassName = "edu.umkc.mongorestapp.UserServlet"
      $$$tc$$$ = class com.ibm.websphere.ras.TraceComponent@769970fd
      serialVersionUID = 3546927969739289392
      _context = class com.ibm.ws.webcontainer31.facade.ServletContextFacade31@65181ccf
      _servletNames = class com.ibm.ws.webcontainer.util.EmptyEnumeration@2f3b4f8e
      $$$tc$$$ = class com.ibm.websphere.ras.TraceComponent@a541779
      serialVersionUID = 5516075349620653480
      source = class com.ibm.ws.webcontainer.osgi.servlet.ServletWrapper@149eafd3
    unavailableMessage = null
    unavailableUntil = -1
    isSTM = false
    internalServlet = false
    webAppInvocationCollaborators = null
    platformHelper = class com.ibm.ws.webcontainer.PlatformHelper@75493e83
    webAppNameSpaceCollab = class com.ibm.ws.webcontainer.osgi.collaborator.WebAppNameSpaceCollaboratorImpl@46ef80cf
    txCollab = class com.ibm.ws.transaction.services.WebAppTransactionCollaboratorImpl@7c2fb5a2
    connCollab = class com.ibm.ws.webcontainer.collaborator.ConnectionCollaborator@30a85caa
    suppressServletExceptionLogging = false
    throwExceptionEnum = class java.util.RegularEnumSet@46c25ec
      serialVersionUID = 3411599620347842686
      elements = 256
      elementType = class java.lang.Class@5288f179
      universe = class com.ibm.wsspi.webcontainer.collaborator.CollaboratorInvocationEnum[9]
      ZERO_LENGTH_ENUM_ARRAY = class java.lang.Enum[0]
      MAX_ARRAY_SIZE = 2147483639
    discernUnavailableServlet = false
    reInitServletonInitUnavailableException = true
    destroyServletonServiceUnavailableException = false
    servlet23 = true
    PARAMS_HEAD_TRACE = class java.lang.Class[2]
      PARAMS_HEAD_TRACE[0] = class java.lang.Class@4f4b2b61
      PARAMS_HEAD_TRACE[1] = class java.lang.Class@137a0849
    defaultHeadMethodInUse = false
    defaultTraceMethodInUse = false
    checkedForDefaultMethods = null
    defaultTraceRequestBehavior = false
    defaultHeadRequestBehavior = false
    useOriginalRequestState = false
    warningStatusSet = false
    LSTRING_FILE = "javax.servlet.LocalStrings"
    lStrings = class java.util.PropertyResourceBundle@60349f36
      lookup = class java.util.HashMap@5cac0a76
      INITIAL_CACHE_SIZE = 32
      NONEXISTENT_BUNDLE = class java.util.ResourceBundle$1@392e7ebf
      cacheList = class java.util.concurrent.ConcurrentHashMap@6ef26963
      referenceQueue = class java.lang.ref.ReferenceQueue@52b13171
      parent = null
      locale = class java.util.Locale@1c2908ad
      name = "javax.servlet.LocalStrings"
      expired = false
      cacheKey = class java.util.ResourceBundle$CacheKey@56b85611
      keySet = null
      providers = null
      $assertionsDisabled = true
    config = null
  _filtersDefined = true
  logger = class com.ibm.ws.logging.internal.WsLogger@3b966942
    tc = class com.ibm.websphere.ras.TraceComponent@71db92d1
      strings[0] = "TraceComponent[com.ibm.ws.logging.internal.WsLogger,class com.ibm.ws.logging.internal.WsLogger,[logging],com.ibm.ws.logging.internal.resources.LoggingMessages,null]"
    ivCachedResourceBundleName = null
    ivCachedResourceBundle = null
    ivComponent = null
    ivOrganization = null
    ivProduct = null
    ivMinimumLocalizationLevelIntValue = 625
    ivTC = class com.ibm.websphere.ras.TraceComponent@79c3ce97
      strings[0] = "TraceComponent[com.ibm.ws.webcontainer.filter,class com.ibm.wsspi.webcontainer.logging.LoggerFactory$1,[com.ibm.ws.webcontainer.filter],null,null]"
    loggerRegistrationComponent = class java.lang.ThreadLocal@26105cc9
      threadLocalHashCode = -1957966946
      nextHashCode = class java.util.concurrent.atomic.AtomicInteger@3f9a48e9
      HASH_INCREMENT = 1640531527
    emptyHandlers = class java.util.logging.Handler[0]
    offValue = 2147483647
    SYSTEM_LOGGER_RB_NAME = "sun.util.logging.resources.logging"
    SYSTEM_BUNDLE = class java.util.logging.Logger$LoggerBundle@4e404ffd
      resourceBundleName = "sun.util.logging.resources.logging"
      userBundle = null
    NO_RESOURCE_BUNDLE = class java.util.logging.Logger$LoggerBundle@23ab0fdb
      resourceBundleName = null
      userBundle = null
    manager = class com.ibm.ws.kernel.boot.logging.WsLogManager@779f973
      CLASS_NAME = "com.ibm.ws.kernel.boot.logging.WsLogManager"
      CONFIGURE_BY_SERVER_PROPERTY_NAME = "java.util.logging.configureByServer"
      CONFIGURE_BY_LOGGING_PROPERTIES_FILE = "java.util.logging.configureByLoggingPropertiesFile"
      configureByServer = true
      configureByLoggingProperties = false
      wsLogger = class java.lang.reflect.Constructor@39a49272
      resetEnabled = true
      manager = class com.ibm.ws.kernel.boot.logging.WsLogManager@779f973
      props = class java.util.Properties@4587b7e9
      defaultLevel = class java.util.logging.Level@36885342
      listenerMap = class java.util.HashMap@6949b573
      systemContext = class java.util.logging.LogManager$SystemLoggerContext@74638d2a
      userContext = class java.util.logging.LogManager$LoggerContext@8676cc5
      rootLogger = class java.util.logging.LogManager$RootLogger@7027badf
      readPrimordialConfiguration = true
      initializedGlobalHandlers = true
      deathImminent = false
      initializedCalled = true
      initializationDone = true
      contextsMap = null
      loggerRefQueue = class java.lang.ref.ReferenceQueue@54e16b85
      MAX_ITERATIONS = 400
      controlPermission = class java.util.logging.LoggingPermission@3c83a6ee
      loggingMXBean = null
      LOGGING_MXBEAN_NAME = "java.util.logging:type=Logging"
      $assertionsDisabled = true
    name = "com.ibm.ws.webcontainer.filter"
    handlers = class java.util.concurrent.CopyOnWriteArrayList@15e8529c
      serialVersionUID = 8673264195747942595
      lock = class java.util.concurrent.locks.ReentrantLock@9afd9e7
      array = class java.lang.Object[0]
      UNSAFE = class sun.misc.Unsafe@2c597a15
      lockOffset = 12
    loggerBundle = class java.util.logging.Logger$LoggerBundle@599bc87b
      resourceBundleName = "com.ibm.ws.webcontainer.resources.Messages"
      userBundle = null
    useParentHandlers = true
    filter = null
    anonymous = false
    catalog = class com.ibm.ws.webcontainer.resources.Messages_en@22b5c144
      resources = class [Ljava.lang.Object;[0]
      lookup = class java.util.HashMap@3fa3a11b
      INITIAL_CACHE_SIZE = 32
      NONEXISTENT_BUNDLE = class java.util.ResourceBundle$1@392e7ebf
      cacheList = class java.util.concurrent.ConcurrentHashMap@6ef26963
      referenceQueue = class java.lang.ref.ReferenceQueue@52b13171
      parent = class com.ibm.ws.webcontainer.resources.Messages@7f78b5b7
      locale = class java.util.Locale@5c84e9f6
      name = "com.ibm.ws.webcontainer.resources.Messages"
      expired = false
      cacheKey = class java.util.ResourceBundle$CacheKey@9e2fec3
      keySet = null
      providers = null
      $assertionsDisabled = true
    catalogName = "com.ibm.ws.webcontainer.resources.Messages"
    catalogLocale = class java.util.Locale@6a4f0600
      LOCALECACHE = class java.util.Locale$Cache@453e49cb
      ENGLISH = class java.util.Locale@5c84e9f6
      FRENCH = class java.util.Locale@28203f71
      GERMAN = class java.util.Locale@57acce16
      ITALIAN = class java.util.Locale@60eba539
      JAPANESE = class java.util.Locale@1bdb3b8b
      KOREAN = class java.util.Locale@32294436
      CHINESE = class java.util.Locale@3c4f01b
      SIMPLIFIED_CHINESE = class java.util.Locale@3e3b4f37
      TRADITIONAL_CHINESE = class java.util.Locale@7c7e3c18
      FRANCE = class java.util.Locale@48edf55
      GERMANY = class java.util.Locale@206eb3f7
      ITALY = class java.util.Locale@4448123a
      JAPAN = class java.util.Locale@49db6857
      KOREA = class java.util.Locale@3bdd724e
      CHINA = class java.util.Locale@3e3b4f37
      PRC = class java.util.Locale@3e3b4f37
      TAIWAN = class java.util.Locale@7c7e3c18
      UK = class java.util.Locale@6ef99fc9
      US = class java.util.Locale@6a4f0600
      CANADA = class java.util.Locale@6aa489ee
      CANADA_FRENCH = class java.util.Locale@782fdd3d
      ROOT = class java.util.Locale@1c2908ad
      PRIVATE_USE_EXTENSION = x
      UNICODE_LOCALE_EXTENSION = u
      serialVersionUID = 9149081749638150636
      DISPLAY_LANGUAGE = 0
      DISPLAY_COUNTRY = 1
      DISPLAY_VARIANT = 2
      DISPLAY_SCRIPT = 3
      baseLocale = class sun.util.locale.BaseLocale@28308f74
      localeExtensions = null
      hashCodeValue = 96636889
      defaultLocale = class java.util.Locale@6a4f0600
      defaultDisplayLocale = null
      defaultFormatLocale = class java.util.Locale@6a4f0600
      languageTag = "en-US"
      serialPersistentFields = class java.io.ObjectStreamField[6]
      isoLanguages = null
      isoCountries = null
      $assertionsDisabled = true
    treeLock = class java.lang.Object@3d64d567
    parent = class com.ibm.ws.logging.internal.WsLogger@3a3b0aa0
      tc = class com.ibm.websphere.ras.TraceComponent@71db92d1
      ivCachedResourceBundleName = "com.ibm.ws.webcontainer.resources.Messages"
      ivCachedResourceBundle = class com.ibm.ws.webcontainer.resources.Messages_en@280135c9
      ivComponent = null
      ivOrganization = null
      ivProduct = null
      ivMinimumLocalizationLevelIntValue = 625
      ivTC = class com.ibm.websphere.ras.TraceComponent@44c33f7a
      loggerRegistrationComponent = class java.lang.ThreadLocal@26105cc9
      emptyHandlers = class java.util.logging.Handler[0]
      offValue = 2147483647
      SYSTEM_LOGGER_RB_NAME = "sun.util.logging.resources.logging"
      SYSTEM_BUNDLE = class java.util.logging.Logger$LoggerBundle@4e404ffd
      NO_RESOURCE_BUNDLE = class java.util.logging.Logger$LoggerBundle@23ab0fdb
      manager = class com.ibm.ws.kernel.boot.logging.WsLogManager@779f973
      name = "com.ibm.ws.webcontainer"
      handlers = class java.util.concurrent.CopyOnWriteArrayList@615c7dcd
      loggerBundle = class java.util.logging.Logger$LoggerBundle@271c47e0
      useParentHandlers = true
      filter = null
      anonymous = false
      catalog = class com.ibm.ws.webcontainer.resources.Messages_en@280135c9
      catalogName = "com.ibm.ws.webcontainer.resources.Messages"
      catalogLocale = class java.util.Locale@6a4f0600
      treeLock = class java.lang.Object@3d64d567
      parent = class java.util.logging.Logger@c2946be
      kids = class java.util.ArrayList@2da7858f
      levelObject = class java.util.logging.Level@36885342
      levelValue = 800
      callersClassLoaderRef = class java.lang.ref.WeakReference@2f9737e3
      isSystemLogger = false
      GLOBAL_LOGGER_NAME = "global"
      global = class java.util.logging.Logger@2457a343
      $assertionsDisabled = true
    kids = null
    levelObject = class java.util.logging.Level@36885342
      defaultBundle = "sun.util.logging.resources.logging"
      name = "INFO"
      value = 800
      resourceBundleName = "sun.util.logging.resources.logging"
      localizedLevelName = "INFO"
      cachedLocale = class java.util.Locale@6a4f0600
      OFF = class java.util.logging.Level@5a90fb19
      SEVERE = class java.util.logging.Level@29d7fd3b
      WARNING = class java.util.logging.Level@1a6e6321
      INFO = class java.util.logging.Level@36885342
      CONFIG = class java.util.logging.Level@38579276
      FINE = class java.util.logging.Level@65c2fe56
      FINER = class java.util.logging.Level@73eae9f0
      FINEST = class java.util.logging.Level@1a74fbc7
      ALL = class java.util.logging.Level@1eb40edd
      serialVersionUID = -8176160795706313070
    levelValue = 800
    callersClassLoaderRef = class java.lang.ref.WeakReference@24652c95
      referent = class org.eclipse.osgi.internal.loader.EquinoxClassLoader@58c59ffa
      queue = class java.lang.ref.ReferenceQueue$Null@2d5419b
      next = null
      discovered = null
      lock = class java.lang.ref.Reference$Lock@2c5d98c0
      pending = null
    isSystemLogger = false
    GLOBAL_LOGGER_NAME = "global"
    global = class java.util.logging.Logger@2457a343
      emptyHandlers = class java.util.logging.Handler[0]
      offValue = 2147483647
      SYSTEM_LOGGER_RB_NAME = "sun.util.logging.resources.logging"
      SYSTEM_BUNDLE = class java.util.logging.Logger$LoggerBundle@4e404ffd
      NO_RESOURCE_BUNDLE = class java.util.logging.Logger$LoggerBundle@23ab0fdb
      manager = class com.ibm.ws.kernel.boot.logging.WsLogManager@779f973
      name = "global"
      handlers = class java.util.concurrent.CopyOnWriteArrayList@3c9eb15d
      loggerBundle = class java.util.logging.Logger$LoggerBundle@23ab0fdb
      useParentHandlers = true
      filter = null
      anonymous = false
      catalog = null
      catalogName = null
      catalogLocale = null
      treeLock = class java.lang.Object@3d64d567
      parent = class java.util.logging.LogManager$RootLogger@7027badf
      kids = null
      levelObject = null
      levelValue = 800
      callersClassLoaderRef = null
      isSystemLogger = true
      GLOBAL_LOGGER_NAME = "global"
      global = class java.util.logging.Logger@2457a343
      $assertionsDisabled = true
    $assertionsDisabled = true
  CLASS_NAME = "com.ibm.ws.webcontainer.filter.WebAppFilterChain"
  webapp = class com.ibm.ws.webcontainer31.osgi.webapp.WebApp31@5ad92f1b
    tc = class com.ibm.websphere.ras.TraceComponent@30f86330
      strings[0] = "TraceComponent[com.ibm.ws.webcontainer31.osgi.webapp.WebApp31,class com.ibm.ws.webcontainer31.osgi.webapp.WebApp31,[webcontainer],com.ibm.ws.webcontainer31.resources.Messages,null]"
    CLASS_NAME = "com.ibm.ws.webcontainer31.osgi.webapp.WebApp31"
    servlet31NLS = class com.ibm.ejs.ras.TraceNLS@1af12fb5
      resolver = class com.ibm.ws.logging.internal.TraceNLSResolver@6b4a6a30
      finder = class com.ibm.ws.logging.internal.StackFinder@1a053741
      ivBundleName = "com.ibm.ws.webcontainer31.resources.Messages"
      caller = class java.lang.Class@566fbeea
    validListenerClasses = class java.lang.Class[7]
      validListenerClasses[0] = class java.lang.Class@51d73251
      validListenerClasses[1] = class java.lang.Class@6ec63916
      validListenerClasses[2] = class java.lang.Class@1d240fda
      validListenerClasses[3] = class java.lang.Class@7bf03997
      validListenerClasses[4] = class java.lang.Class@13ddc902
      validListenerClasses[5] = class java.lang.Class@4c8c4ce6
      validListenerClasses[6] = class java.lang.Class@90de7fe
    wsocServHandler = class com.ibm.ws.wsoc.external.WsocHandlerImpl@73a4515a
      tc = class com.ibm.websphere.ras.TraceComponent@23d2b3e9
      noMoreAddsCalled = true
      serialVersionUID = -2067291126638824067
    tc = class com.ibm.websphere.ras.TraceComponent@6bac374
      strings[0] = "TraceComponent[com.ibm.ws.webcontainer.osgi.webapp.WebApp,class com.ibm.ws.webcontainer.osgi.webapp.WebApp,[webcontainer],com.ibm.ws.webcontainer.resources.LShimMessages,null]"
    CLASS_NAME = "com.ibm.ws.webcontainer.osgi.webapp.WebApp"
    metaDataService = class com.ibm.ws.container.service.metadata.internal.MetaDataServiceImpl@4b08390a
      applicationMetaDataManager = class com.ibm.ws.container.service.metadata.internal.ApplicationMetaDataManager@471d50c2
      moduleMetaDataManager = class com.ibm.ws.container.service.metadata.internal.ModuleMetaDataManager@bceb5c5
      componentMetaDataManager = class com.ibm.ws.container.service.metadata.internal.ComponentMetaDataManager@12499c64
      methodMetaDataManager = class com.ibm.ws.container.service.metadata.internal.MethodMetaDataManager@34ee657e
      appModuleNameToModuleContainer = class java.util.concurrent.ConcurrentHashMap@19d8a861
      jeeNameToComponentMetaData = class java.util.concurrent.ConcurrentHashMap@67c65602
      deferredMetaDataFactories = class com.ibm.wsspi.kernel.service.utils.ConcurrentServiceReferenceSet@39324c22
      deferredMetaDataInitializers = class com.ibm.wsspi.kernel.service.utils.ConcurrentServiceReferenceMap@7e301bef
      serialVersionUID = -8170959944924351750
      $$$tc$$$ = class com.ibm.websphere.ras.TraceComponent@686aec84
    namespacePopulated = false
    referenceContext = class com.ibm.ws.injectionengine.osgi.internal.OSGiReferenceContextImpl@58669e2f
      scopeData = class com.ibm.ws.injectionengine.osgi.internal.OSGiInjectionScopeData@70889a54
      serialVersionUID = 521511923892134915
      $$$tc$$$ = class com.ibm.websphere.ras.TraceComponent@127b200
      CLASS_NAME = "com.ibm.ws.injectionengine.ReferenceContextImpl"
      tc = class com.ibm.ejs.ras.TraceComponent@6a36f2f5
      ivInjectionEngine = class com.ibm.ws.injectionengine.osgi.internal.OSGiInjectionEngineImpl@77b708a7
      ivProviders = class java.util.ArrayList@400ddd19
      ivComponentJavaContext = null
      ivComponentNameSpace = null
      ivJavaColonCompEnvMap = class java.util.LinkedHashMap@349aea18
      ivEjbContext10 = class java.util.Properties@26e52265
      ivResourceRefConfigList = null
      isAlreadyProcessed = true
      ivProcessFailure = null
      ivInjectionTargetMap = class java.util.HashMap@6958e42e
      ivDeclaredInjectionTargets = class java.util.HashMap@47931909
      ivProcessedInjectionClasses = class java.util.HashSet@243af1c9
      ivProcessedInjectionBindings = class java.util.LinkedHashSet@2bc30921
      ivAnyProcessDynamic = true
      ivCheckAppConfig = false
    j2eeNameFactory = class com.ibm.ws.container.service.metadata.internal.J2EENameFactoryImpl@375c8bf7
      serialVersionUID = 3486344295038028821
      $$$tc$$$ = class com.ibm.websphere.ras.TraceComponent@1c4b4b0e
    moduleLoader = class com.ibm.ws.classloading.internal.AppClassLoader@2b05421a
      tc = class com.ibm.websphere.ras.TraceComponent@71ff5850
      PARENT_FIRST_SEARCH_ORDER = class java.util.Collections$UnmodifiableRandomAccessList@387c7928
      CLASS_LOADING_TRACE_PREFIX = "com.ibm.ws.class.load."
      DEFAULT_PACKAGE = "default.package"
      perPackageClassLoadingTraceComponents = class java.util.concurrent.ConcurrentHashMap@96ce51a
      config = class com.ibm.ws.classloading.internal.ClassLoaderConfigurationImpl@5ea78230
      privateLibraries = null
      delegateLoaders = class com.ibm.ws.classloading.internal.util.CompositeIterable@4cb45d7d
      nativeLibraryFiles = class java.util.ArrayList@175ac8fa
      transformers = class java.util.ArrayList@7970ab3e
      apiAccess = class com.ibm.ws.classloading.internal.GatewayClassLoader@713bdd00
      generator = class com.ibm.ws.classloading.internal.ClassGeneratorManager@1b240022
      serialVersionUID = -8755588715217099101
      tc = class com.ibm.websphere.ras.TraceComponent@71abf94f
      EMPTY_URL_ARRAY = class java.net.URL[0]
      smartClassPath = class com.ibm.ws.classloading.internal.ContainerClassLoader$SmartClassPathImpl@3449e2ce
      nativeLibraryContainers = class java.util.ArrayList@481c9622
      redefiner = class com.ibm.ws.classloading.internal.util.ClassRedefiner@7302aa13
      mapCreationQueue = class java.util.concurrent.Executors$FinalizableDelegatedExecutorService@29816464
      serialVersionUID = 1420723314841411509
      serialVersionUID = -7411549862368381758
      $$$tc$$$ = class com.ibm.websphere.ras.TraceComponent@5c3bb834
      serialVersionUID = -4868702105808481416
      $$$tc$$$ = class com.ibm.websphere.ras.TraceComponent@55bc6fcd
      serialVersionUID = 2596921220292114344
      $$$tc$$$ = class com.ibm.websphere.ras.TraceComponent@2da4c8d5
      initialized = true
      pdcache = class java.util.HashMap@3a90073f
      debug = null
      parent = class com.ibm.ws.classloading.internal.GatewayClassLoader@713bdd00
      parallelLockMap = null
      package2certs = class java.util.Hashtable@452aa999
      nocerts = class java.security.cert.Certificate[0]
      classes = class java.util.Vector@1fbb2789
      defaultDomain = class java.security.ProtectionDomain@a42ef9
      domains = class java.util.HashSet@3a37682d
      packages = class java.util.HashMap@2a417893
      scl = class sun.misc.Launcher$AppClassLoader@14dad5dc
      sclSet = true
      loadedLibraryNames = class java.util.Vector@6c00853d
      systemNativeLibraries = class java.util.Vector@4d72bda2
      nativeLibraries = class java.util.Vector@4c05d221
      nativeLibraryContext = class java.util.Stack@6d21aed2
      usr_paths = class java.lang.String[6]
      sys_paths = class java.lang.String[1]
      assertionLock = class com.ibm.ws.classloading.internal.AppClassLoader@2b05421a
      defaultAssertionStatus = false
      packageAssertionStatus = null
      classAssertionStatus = null
    webAppConfig = class com.ibm.ws.webcontainer.osgi.webapp.WebAppConfiguration@66a322c7
      webModuleMetaData = class com.ibm.ws.webcontainer.osgi.metadata.WebModuleMetaDataImpl@2bf5694
      webComponentMetaData = class com.ibm.ws.webcontainer.osgi.metadata.WebComponentMetaDataImpl@22d3ec3b
      dVirtualHost = class com.ibm.ws.webcontainer.osgi.DynamicVirtualHost@3795f749
      orderedLibPaths = class java.util.Collections$UnmodifiableRandomAccessList@7df34e5e
      bundleHeaders = null
      cdiEnabled = false
      CLASS_NAME = "com.ibm.ws.webcontainer.webapp.WebAppConfiguration"
      logger = class com.ibm.ws.logging.internal.WsLogger@1c5f9490
      tc = class com.ibm.websphere.ras.TraceComponent@6d2fbe90
      nls = class com.ibm.ejs.ras.TraceNLS@2cf994da
      version = 30
      contextRoot = "/MongoRestApp"
      sessionTimeout = 0
      moduleSessionTimeoutSet = false
      moduleSessionTrackingModeSet = false
      sessionCookieConfig = class com.ibm.ws.session.SessionCookieConfigImpl@61be3fd7
      hasProgrammaticCookieConfig = false
      sessionDefaultTrackingModeSet = class java.util.RegularEnumSet@479615c4
      sessionManagerConfig = class com.ibm.ws.session.SessionManagerConfig@5323493f
      displayName = "MongoRestApp"
      description = null
      reloadInterval = 0
      distributable = false
      denyUncoveredHttpMethods = false
      reloadingEnabled = false
      serveServletsByClassnameEnabled = false
      defaultErrorPage = null
      additionalClassPath = null
      fileServingEnabled = null
      directoryBrowsingEnabled = false
      autoRequestEncoding = false
      autoResponseEncoding = false
      autoLoadFilters = false
      requestListeners = null
      requestAttributeListeners = null
      sessionListeners = null
      localeMap = null
      moduleName = "MongoRestApp"
      j2eeModuleName = "MongoRestApp.war"
      moduleId = null
      isSyncToThreadEnabled = false
      isSystemApp = false
      ardEnabled = false
      ardDispatchType = null
      listeners = class java.util.ArrayList@339c48c5
      welcomeFileList = class java.util.ArrayList@234c89e6
      servletMappings = class java.util.HashMap@5483907e
      lastIndexBeforeDeclaredFilters = 0
      filterMappings = class java.util.ArrayList@1d204160
      servletInfo = class java.util.HashMap@4c2be861
      filterInfo = class java.util.HashMap@bef5bbb
      mimeMappings = class java.util.HashMap@43a72ad8
      mimeFilters = null
      isMimeFilteringEnabled = false
      theWebGroup = null
      jspAttributes = class java.util.HashMap@5c13588d
      fileServingAttributes = class java.util.HashMap@4f68db8e
      invokerAttributes = class java.util.HashMap@3eab635b
      contextParams = class java.util.HashMap@44a06fbc
      virtualHost = "default_host"
      exceptionErrorPages = class java.util.HashMap@2b18095
      codeErrorPages = class java.util.HashMap@b0c8fe6
      tagLibList = null
      precompileJsps = false
      webApp = class com.ibm.ws.webcontainer31.osgi.webapp.WebApp31@5ad92f1b
      virtualHostList = class java.util.Collections$EmptyList@6e589467
      appStartupWeight = 0
      moduleStartupWeight = 0
      metaDataComplete = false
      classesToScan = class java.util.ArrayList@29c2cb9f
      uriFilterMappingInfos = class java.util.ArrayList@2779531a
      servletFilterMappingInfos = null
      dynamicServletRegistrationMap = null
      applicationName = "MongoRestApp"
      libBinPathList = class java.util.ArrayList@48e59bac
      webXmlDefinedListeners = class java.util.HashSet@62b4d57b
      allRefs = class java.util.EnumMap@5d157481
      allRefBindings = class java.util.EnumMap@30191dba
      envEntryValues = class java.util.HashMap@54c5c8ee
      resourceRefConfigList = null
      disallowAllFileServingProp = "false"
      disallowServeServletsByClassnameProp = "true"
      disableStaticMappingCache = false
      jspCachedLocations = class java.util.HashMap@101ed000
      _id = "WebAppGeneratedId4"
      _attributes = null
      serialVersionUID = 7511545662945734886
      $$$tc$$$ = class com.ibm.websphere.ras.TraceComponent@6850ccf4
    extensionProcessingDisabled = false
    internalServletMetaData = interface com.ibm.wsspi.webcontainer.metadata.WebComponentMetaData[2]
      internalServletMetaData[0] = null
      internalServletMetaData[1] = null
    loginProcessor = null
    logoutProcessor = null
    collabHelper = class com.ibm.ws.webcontainer.osgi.collaborator.CollaboratorHelperImpl@14f473f1
      webAppInvCollabs = class java.util.Collections$UnmodifiableSet@709d1273
      securityDomainForApp = null
      logger = class com.ibm.ws.logging.internal.WsLogger@24a500ad
      staticDefaultSecurityCollaborator = class com.ibm.ws.webcontainer.collaborator.WebAppSecurityCollaborator@3039c2f6
      logger = class com.ibm.ws.logging.internal.WsLogger@673ab10d
      CLASS_NAME = "com.ibm.wsspi.webcontainer.collaborator.CollaboratorHelper"
      webApp = class com.ibm.ws.webcontainer31.osgi.webapp.WebApp31@5ad92f1b
      securityCollaborator = class com.ibm.ws.webcontainer.security.WebAppSecurityCollaboratorImpl@6b16652f
      nameSpaceCollaborator = class com.ibm.ws.webcontainer.osgi.collaborator.WebAppNameSpaceCollaboratorImpl@46ef80cf
      transactionCollaborator = class com.ibm.ws.transaction.services.WebAppTransactionCollaboratorImpl@7c2fb5a2
      connectionCollaborator = class com.ibm.ws.webcontainer.collaborator.ConnectionCollaborator@30a85caa
      allCollabEnum = class java.util.RegularEnumSet@15c634c9
      servlet_23_or_greater = true
      DEFER_SERVLET_REQUEST_LISTENER_DESTROY_ON_ERROR = false
    envObject = class com.ibm.ws.util.WSThreadLocal@54d5bd61
      tc = class com.ibm.ejs.ras.TraceComponent@23251977
      count = 7
      index = 4
      SUSPECTED_MISUSAGE_THRESHOLD = 200
      threadLocalHashCode = -1580135483
      nextHashCode = class java.util.concurrent.atomic.AtomicInteger@3f9a48e9
      HASH_INCREMENT = 1640531527
    orderedLibPaths = class java.util.Collections$UnmodifiableRandomAccessList@7df34e5e
      serialVersionUID = -2542308836966382001
      serialVersionUID = -283967356065247728
      list = class java.util.ArrayList@737251
      serialVersionUID = 1820017752578914078
      c = class java.util.ArrayList@737251
    perm = class com.ibm.websphere.security.WebSphereRuntimePermission@2b0301fa
      serialVersionUID = -3306242789188168337
      $$$tc$$$ = class com.ibm.websphere.ras.TraceComponent@fea75dd
      serialVersionUID = 6279438298436773498
      wildcard = false
      path = "accessServletContext"
      exitVM = false
      serialVersionUID = -5636570222231596674
      name = "accessServletContext"
    WELCOME_FILE_LIST = "com.ibm.ws.webcontainer.config.WelcomeFileList"
    DIR_BROWSING_MAPPING = "__dirBrowsing__1445090737955"
    FILTER_PROXY_MAPPING = "/__filterProxy__1445090737955"
    logger = class com.ibm.ws.logging.internal.WsLogger@1c5f9490
      tc = class com.ibm.websphere.ras.TraceComponent@71db92d1
      ivCachedResourceBundleName = null
      ivCachedResourceBundle = null
      ivComponent = null
      ivOrganization = null
      ivProduct = null
      ivMinimumLocalizationLevelIntValue = 625
      ivTC = class com.ibm.websphere.ras.TraceComponent@1bda6b12
      loggerRegistrationComponent = class java.lang.ThreadLocal@26105cc9
      emptyHandlers = class java.util.logging.Handler[0]
      offValue = 2147483647
      SYSTEM_LOGGER_RB_NAME = "sun.util.logging.resources.logging"
      SYSTEM_BUNDLE = class java.util.logging.Logger$LoggerBundle@4e404ffd
      NO_RESOURCE_BUNDLE = class java.util.logging.Logger$LoggerBundle@23ab0fdb
      manager = class com.ibm.ws.kernel.boot.logging.WsLogManager@779f973
      name = "com.ibm.ws.webcontainer.webapp"
      handlers = class java.util.concurrent.CopyOnWriteArrayList@4877b214
      loggerBundle = class java.util.logging.Logger$LoggerBundle@75e0c21e
      useParentHandlers = true
      filter = null
      anonymous = false
      catalog = class com.ibm.ws.webcontainer.resources.Messages_en@280135c9
      catalogName = "com.ibm.ws.webcontainer.resources.Messages"
      catalogLocale = class java.util.Locale@6a4f0600
      treeLock = class java.lang.Object@3d64d567
      parent = class com.ibm.ws.logging.internal.WsLogger@3a3b0aa0
      kids = null
      levelObject = class java.util.logging.Level@36885342
      levelValue = 800
      callersClassLoaderRef = class java.lang.ref.WeakReference@4b1cf899
      isSystemLogger = false
      GLOBAL_LOGGER_NAME = "global"
      global = class java.util.logging.Logger@2457a343
      $assertionsDisabled = true
    CLASS_NAME = "com.ibm.ws.webcontainer.webapp.WebApp"
    loader = class com.ibm.ws.classloading.internal.ThreadContextClassLoader@541ecbe8
      tc = class com.ibm.websphere.ras.TraceComponent@7ddec90f
      bundle = class java.util.concurrent.atomic.AtomicReference@2ba60ab0
      key = "WebModule:MongoRestApp#MongoRestApp.war"
      refCount = class java.util.concurrent.atomic.AtomicInteger@1149c77e
      appLoader = class com.ibm.ws.classloading.internal.AppClassLoader@2b05421a
      serialVersionUID = 7093379526360135425
      followOnClassLoaders = class java.util.ArrayList@fc32772
      serialVersionUID = -5107316606107305512
      $$$tc$$$ = class com.ibm.websphere.ras.TraceComponent@60900cb1
      serialVersionUID = -4868702105808481416
      $$$tc$$$ = class com.ibm.websphere.ras.TraceComponent@55bc6fcd
      serialVersionUID = 2596921220292114344
      $$$tc$$$ = class com.ibm.websphere.ras.TraceComponent@2da4c8d5
      initialized = true
      pdcache = class java.util.HashMap@78d4a78c
      debug = null
      parent = class com.ibm.ws.classloading.internal.GatewayClassLoader@480536a4
      parallelLockMap = null
      package2certs = class java.util.Hashtable@63bcd1ac
      nocerts = class java.security.cert.Certificate[0]
      classes = class java.util.Vector@3c118892
      defaultDomain = class java.security.ProtectionDomain@2affc0d5
      domains = class java.util.HashSet@77caeac1
      packages = class java.util.HashMap@72fe7425
      scl = class sun.misc.Launcher$AppClassLoader@14dad5dc
      sclSet = true
      loadedLibraryNames = class java.util.Vector@6c00853d
      systemNativeLibraries = class java.util.Vector@4d72bda2
      nativeLibraries = class java.util.Vector@421b27f0
      nativeLibraryContext = class java.util.Stack@6d21aed2
      usr_paths = class java.lang.String[6]
      sys_paths = class java.lang.String[1]
      assertionLock = class com.ibm.ws.classloading.internal.ThreadContextClassLoader@541ecbe8
      defaultAssertionStatus = false
      packageAssertionStatus = null
      classAssertionStatus = null
    facade = class com.ibm.ws.webcontainer31.facade.ServletContextFacade31@65181ccf
      context = class com.ibm.ws.webcontainer31.osgi.webapp.WebApp31@5ad92f1b
    features = class java.util.ArrayList@2fe2f8c
      serialVersionUID = 8683452581122892189
      DEFAULT_CAPACITY = 10
      EMPTY_ELEMENTDATA = class java.lang.Object[0]
      DEFAULTCAPACITY_EMPTY_ELEMENTDATA = class java.lang.Object[0]
      elementData = class java.lang.Object[0]
      size = 0
      MAX_ARRAY_SIZE = 2147483639
      modCount = 0
      MAX_ARRAY_SIZE = 2147483639
    applicationName = "MongoRestApp"
    config = class com.ibm.ws.webcontainer.osgi.webapp.WebAppConfiguration@66a322c7
    securityEnabledForApp = true
    webExtensionProcessor = class com.ibm.ws.webcontainer.osgi.extension.WebExtensionProcessor@31c1f2f8
      webApp = class com.ibm.ws.webcontainer31.osgi.webapp.WebApp31@5ad92f1b
      extensionContext = class com.ibm.ws.webcontainer31.osgi.webapp.WebApp31@5ad92f1b
    production = true
    isServlet23 = true
    contextPath = "/MongoRestApp"
    internalServletList = class [Ljava.lang.String;[2]
      internalServletList[0] = class java.lang.String[2]
      internalServletList[1] = class java.lang.String[2]
    BY_NAME_ONLY = "/_1445091242009_/"
    filterManager = class com.ibm.ws.webcontainer.osgi.filter.WebAppFilterManagerImpl@74819bd4
      _filterWrappers = class java.util.Hashtable@6e97deb2
      chainCache = class java.util.Collections$SynchronizedMap@4ef13f26
      forwardChainCache = class java.util.Collections$SynchronizedMap@8ce4ec0
      includeChainCache = class java.util.Collections$SynchronizedMap@4f6c3064
      errorChainCache = class java.util.Collections$SynchronizedMap@1fde1575
      _filtersDefined = true
      FMI_MAPPING_SINGLE_SLASH = 0
      FMI_MAPPING_PATH_MATCH = 1
      FMI_MAPPING_EXTENSION_MATCH = 2
      FMI_MAPPING_EXACT_MATCH = 3
      logger = class com.ibm.ws.logging.internal.WsLogger@3b966942
      CLASS_NAME = "com.ibm.ws.webcontainer.filter.WebAppFilterManager"
      nls = class com.ibm.ejs.ras.TraceNLS@589101a7
      webAppConfig = class com.ibm.ws.webcontainer.osgi.webapp.WebAppConfiguration@66a322c7
      webApp = class com.ibm.ws.webcontainer31.osgi.webapp.WebApp31@5ad92f1b
      collabHelper = class com.ibm.ws.webcontainer.osgi.collaborator.CollaboratorHelperImpl@14f473f1
      webAppNameSpaceCollab = class com.ibm.ws.webcontainer.osgi.collaborator.WebAppNameSpaceCollaboratorImpl@46ef80cf
      secCollab = class com.ibm.ws.webcontainer.security.WebAppSecurityCollaboratorImpl@6b16652f
      sessionSecurityIntegrationEnabled = true
      assumeFilterSuccessOnSecurityError = false
      useOriginalRequestState = false
      _evtSource = class com.ibm.ws.webcontainer.webapp.WebAppEventSource@39982cb3
      defaultComponentMetaData = class com.ibm.ws.webcontainer.osgi.metadata.WebComponentMetaDataImpl@22d3ec3b
      DEFER_SERVLET_REQUEST_LISTENER_DESTROY_ON_ERROR = false
    documentRoot = null
    SERVLET_API_VERSION = "Servlet 2.5"
    disableServletAuditLogging = -1
    serverInfo = "IBM WebSphere Liberty/8.5.5.7"
    sessionCtx = class com.ibm.ws.webcontainer31.session.impl.HttpSessionContext31Impl@7f05887
      methodClassName = "HttpSessionContextImpl"
      _smc = class com.ibm.ws.session.SessionManagerConfig@5323493f
      sessionStoreService = null
      _sap = class com.ibm.ws.session.SessionApplicationParameters@6ff34933
      _coreHttpSessionManager = class com.ibm.ws.session.SessionManager@7e8cf5d1
      _coreHttpAppSessionManager = null
      _sam = class com.ibm.ws.webcontainer.session.impl.SessionAffinityManagerImpl@806a4cc
      isSIPApplication = false
      sessionAttributeListener = false
      sessionListener = true
      mHttpSessionAttributeListeners = class java.util.ArrayList@758811a8
      mHttpSessionListeners = class java.util.ArrayList@4774fb
      mHttpSessionIdListeners = class java.util.ArrayList@197c2b5f
      mHttpSessionAttributeListenersJ2eeNames = class java.util.ArrayList@24e1cc78
      mHttpSessionListenersJ2eeNames = class java.util.ArrayList@11d18c1d
      mHttpSessionIdListenersJ2eeNames = class java.util.ArrayList@2a0ad270
      mLocalHost = null
      _refCount = 1
      currentThreadSacHashtable = null
      methodClassName = "SessionContext"
      ANONYMOUS_USER = "anonymous"
      wasHttpSessionObserver = class com.ibm.ws.session.WasHttpSessionObserver@52d432bd
      wasHttpSessionAttributeObserver = null
      _invalidator = class com.ibm.ws.session.SessionInvalidatorWithThreadPool@78fcb693
      _storer = class com.ibm.ws.session.EOSSessionStorer@65507cf5
      wasHttpAppSessionObserver = null
      mHttpAppSessionListeners = null
      cmvcInfo = "CMVC Version 1.9 6/24/07 11:12:24"
      _loggedVersion = true
      CREATE_CORE_SESSION_MANAGER = 0
      GET_REQUESTED_SESSION_ID = 1
      GET_IHTTP_SESSION = 2
      SESSION_PRE_INVOKE = 3
      SESSION_POST_INVOKE = 4
      STOP = 5
      STOP_LISTENERS = 6
      IS_VALID = 7
      ENCODE_URL = 8
      SHOULD_ENCODE_URL = 9
      IS_PROTOCOL_SWITCH = 10
      GET_LOCAL_HOST = 11
      ADD_HTTP_SESSION_ATTRIBUTE_LISTENER = 12
      ADD_HTTP_SESSION_LISTENER = 13
      GET_SESSION_AFFINITY_CONTEXT = 14
      CHECK_SECURITY = 15
      INVALIDATE = 16
      CHECK_SESSSIONID_IS_RIGHT_LENGTH = 17
      LOCK_SESSION = 18
      UNLOCK_SESSION = 19
      ADD_HTTP_SESSION_ID_LISTENER = 20
      methodNames = class java.lang.String[21]
    eventSource = class com.ibm.ws.webcontainer.webapp.WebAppEventSource@39982cb3
      _invocationListeners = class com.ibm.ws.webcontainer.util.EventListeners@3c67214a
      _servletListeners = class com.ibm.ws.webcontainer.util.EventListeners@4377fac6
      _errorListeners = class com.ibm.ws.webcontainer.util.EventListeners@2df0cbe6
      _applicationListeners = class com.ibm.ws.webcontainer.util.EventListeners@5ec00e3
      _filterInvocationListeners = class com.ibm.ws.webcontainer.util.EventListeners@840c65
      _filterListeners = class com.ibm.ws.webcontainer.util.EventListeners@7c597779
      _filterErrorListeners = class com.ibm.ws.webcontainer.util.EventListeners@57dd3cef
    nls = class com.ibm.ejs.ras.TraceNLS@389900ff
      resolver = class com.ibm.ws.logging.internal.TraceNLSResolver@6b4a6a30
      finder = class com.ibm.ws.logging.internal.StackFinder@1a053741
      ivBundleName = "com.ibm.ws.webcontainer.resources.Messages"
      caller = class java.lang.Class@7e95166c
    liberty_nls = class com.ibm.ejs.ras.TraceNLS@40be7303
      resolver = class com.ibm.ws.logging.internal.TraceNLSResolver@6b4a6a30
      finder = class com.ibm.ws.logging.internal.StackFinder@1a053741
      ivBundleName = "com.ibm.ws.webcontainer.resources.LShimMessages"
      caller = class java.lang.Class@7e95166c
    error_nls = class com.ibm.ejs.ras.TraceNLS@458f3ff3
      resolver = class com.ibm.ws.logging.internal.TraceNLSResolver@6b4a6a30
      finder = class com.ibm.ws.logging.internal.StackFinder@1a053741
      ivBundleName = "com.ibm.ws.webcontainer.resources.ErrorPage"
      caller = class java.lang.Class@7e95166c
    sessionListeners = class java.util.ArrayList@3d0a6e45
      serialVersionUID = 8683452581122892189
      DEFAULT_CAPACITY = 10
      EMPTY_ELEMENTDATA = class java.lang.Object[0]
      DEFAULTCAPACITY_EMPTY_ELEMENTDATA = class java.lang.Object[0]
      elementData = class java.lang.Object[10]
      size = 1
      MAX_ARRAY_SIZE = 2147483639
      modCount = 2
      MAX_ARRAY_SIZE = 2147483639
    sessionIdListeners = class java.util.ArrayList@4de41fe3
      serialVersionUID = 8683452581122892189
      DEFAULT_CAPACITY = 10
      EMPTY_ELEMENTDATA = class java.lang.Object[0]
      DEFAULTCAPACITY_EMPTY_ELEMENTDATA = class java.lang.Object[0]
      elementData = class java.lang.Object[0]
      size = 0
      MAX_ARRAY_SIZE = 2147483639
      modCount = 0
      MAX_ARRAY_SIZE = 2147483639
    sessionAttrListeners = class java.util.ArrayList@7ef14b37
      serialVersionUID = 8683452581122892189
      DEFAULT_CAPACITY = 10
      EMPTY_ELEMENTDATA = class java.lang.Object[0]
      DEFAULTCAPACITY_EMPTY_ELEMENTDATA = class java.lang.Object[0]
      elementData = class java.lang.Object[0]
      size = 0
      MAX_ARRAY_SIZE = 2147483639
      modCount = 1
      MAX_ARRAY_SIZE = 2147483639
    addedSessionListeners = class java.util.ArrayList@423d83bd
      serialVersionUID = 8683452581122892189
      DEFAULT_CAPACITY = 10
      EMPTY_ELEMENTDATA = class java.lang.Object[0]
      DEFAULTCAPACITY_EMPTY_ELEMENTDATA = class java.lang.Object[0]
      elementData = class java.lang.Object[0]
      size = 0
      MAX_ARRAY_SIZE = 2147483639
      modCount = 0
      MAX_ARRAY_SIZE = 2147483639
    addedSessionAttrListeners = class java.util.ArrayList@2cabb5f9
      serialVersionUID = 8683452581122892189
      DEFAULT_CAPACITY = 10
      EMPTY_ELEMENTDATA = class java.lang.Object[0]
      DEFAULTCAPACITY_EMPTY_ELEMENTDATA = class java.lang.Object[0]
      elementData = class java.lang.Object[0]
      size = 0
      MAX_ARRAY_SIZE = 2147483639
      modCount = 0
      MAX_ARRAY_SIZE = 2147483639
    servletContextListeners = class java.util.ArrayList@415dbc88
      serialVersionUID = 8683452581122892189
      DEFAULT_CAPACITY = 10
      EMPTY_ELEMENTDATA = class java.lang.Object[0]
      DEFAULTCAPACITY_EMPTY_ELEMENTDATA = class java.lang.Object[0]
      elementData = class java.lang.Object[10]
      size = 4
      MAX_ARRAY_SIZE = 2147483639
      modCount = 5
      MAX_ARRAY_SIZE = 2147483639
    servletContextLAttrListeners = class java.util.ArrayList@3581ef67
      serialVersionUID = 8683452581122892189
      DEFAULT_CAPACITY = 10
      EMPTY_ELEMENTDATA = class java.lang.Object[0]
      DEFAULTCAPACITY_EMPTY_ELEMENTDATA = class java.lang.Object[0]
      elementData = class java.lang.Object[0]
      size = 0
      MAX_ARRAY_SIZE = 2147483639
      modCount = 1
      MAX_ARRAY_SIZE = 2147483639
    servletRequestListeners = class java.util.ArrayList@1b0fa201
      serialVersionUID = 8683452581122892189
      DEFAULT_CAPACITY = 10
      EMPTY_ELEMENTDATA = class java.lang.Object[0]
      DEFAULTCAPACITY_EMPTY_ELEMENTDATA = class java.lang.Object[0]
      elementData = class java.lang.Object[0]
      size = 0
      MAX_ARRAY_SIZE = 2147483639
      modCount = 1
      MAX_ARRAY_SIZE = 2147483639
    servletRequestLAttrListeners = class java.util.ArrayList@6afac8e4
      serialVersionUID = 8683452581122892189
      DEFAULT_CAPACITY = 10
      EMPTY_ELEMENTDATA = class java.lang.Object[0]
      DEFAULTCAPACITY_EMPTY_ELEMENTDATA = class java.lang.Object[0]
      elementData = class java.lang.Object[0]
      size = 0
      MAX_ARRAY_SIZE = 2147483639
      modCount = 1
      MAX_ARRAY_SIZE = 2147483639
    prependSlashToResource = false
    destroyed = false
    webAppNameSpaceCollab = class com.ibm.ws.webcontainer.osgi.collaborator.WebAppNameSpaceCollaboratorImpl@46ef80cf
      cmdai = class com.ibm.ws.threadContext.ComponentMetaDataAccessorImpl@5fe6eedc
    txCollab = class com.ibm.ws.transaction.services.WebAppTransactionCollaboratorImpl@7c2fb5a2
      tc = class com.ibm.websphere.ras.TraceComponent@20234759
      ltCurrentRef = class com.ibm.wsspi.kernel.service.utils.AtomicServiceReference@f31f4ff
      tranMgrRef = class com.ibm.wsspi.kernel.service.utils.AtomicServiceReference@420d4684
      userTranRef = class com.ibm.wsspi.kernel.service.utils.AtomicServiceReference@1d6fa003
      uowCallbackRef = class com.ibm.wsspi.kernel.service.utils.AtomicServiceReference@3c7ac196
      serialVersionUID = -8319003162899973281
    sessionActivationListeners = class java.util.ArrayList@1ad61f8c
      serialVersionUID = 8683452581122892189
      DEFAULT_CAPACITY = 10
      EMPTY_ELEMENTDATA = class java.lang.Object[0]
      DEFAULTCAPACITY_EMPTY_ELEMENTDATA = class java.lang.Object[0]
      elementData = class java.lang.Object[0]
      size = 0
      MAX_ARRAY_SIZE = 2147483639
      modCount = 1
      MAX_ARRAY_SIZE = 2147483639
    sessionBindingListeners = class java.util.ArrayList@26d749da
      serialVersionUID = 8683452581122892189
      DEFAULT_CAPACITY = 10
      EMPTY_ELEMENTDATA = class java.lang.Object[0]
      DEFAULTCAPACITY_EMPTY_ELEMENTDATA = class java.lang.Object[0]
      elementData = class java.lang.Object[0]
      size = 0
      MAX_ARRAY_SIZE = 2147483639
      modCount = 1
      MAX_ARRAY_SIZE = 2147483639
    scratchdir = null
    jspClassLoaderLimit = 0
    jspClassLoaderExclusionList = null
    jspClassLoadersMap = null
    jspClassLoaderLimitTrackIF = false
    defaultExtProc = null
    directoryBrowsingServlet = null
    cdiContexts = class java.util.concurrent.ConcurrentHashMap@1c844c37
      serialVersionUID = 7249069246763182397
      MAXIMUM_CAPACITY = 1073741824
      DEFAULT_CAPACITY = 16
      MAX_ARRAY_SIZE = 2147483639
      DEFAULT_CONCURRENCY_LEVEL = 16
      LOAD_FACTOR = 0.75
      TREEIFY_THRESHOLD = 8
      UNTREEIFY_THRESHOLD = 6
      MIN_TREEIFY_CAPACITY = 64
      MIN_TRANSFER_STRIDE = 16
      RESIZE_STAMP_BITS = 16
      MAX_RESIZERS = 65535
      RESIZE_STAMP_SHIFT = 16
      MOVED = -1
      TREEBIN = -2
      RESERVED = -3
      HASH_BITS = 2147483647
      NCPU = 4
      serialPersistentFields = class java.io.ObjectStreamField[3]
      table = null
      nextTable = null
      baseCount = 0
      sizeCtl = 0
      transferIndex = 0
      cellsBusy = 0
      counterCells = null
      keySet = null
      values = null
      entrySet = null
      U = class sun.misc.Unsafe@2c597a15
      SIZECTL = 20
      TRANSFERINDEX = 32
      BASECOUNT = 24
      CELLSBUSY = 36
      CELLVALUE = 144
      ABASE = 16
      ASHIFT = 2
      keySet = null
      values = null
    moduleConfig = class com.ibm.ws.webcontainer.osgi.container.DeployedModule@1d8768a0
      tc = class com.ibm.websphere.ras.TraceComponent@5837f8cf
      loader = class com.ibm.ws.classloading.internal.ThreadContextClassLoader@541ecbe8
      webApp = class com.ibm.ws.webcontainer31.osgi.webapp.WebApp31@5ad92f1b
      webAppConfig = class com.ibm.ws.webcontainer.osgi.webapp.WebAppConfiguration@66a322c7
      contextRootAdded = null
      properContextRoot = "/MongoRestApp"
      mappingContextRoot = "/MongoRestApp/*"
      serialVersionUID = -2104814060051592457
      $$$tc$$$ = class com.ibm.websphere.ras.TraceComponent@28bfa8e6
    extensionFactories = class java.util.ArrayList@37072ee3
      serialVersionUID = 8683452581122892189
      DEFAULT_CAPACITY = 10
      EMPTY_ELEMENTDATA = class java.lang.Object[0]
      DEFAULTCAPACITY_EMPTY_ELEMENTDATA = class java.lang.Object[0]
      elementData = class java.lang.Object[10]
      size = 6
      MAX_ARRAY_SIZE = 2147483639
      modCount = 10
      MAX_ARRAY_SIZE = 2147483639
    initialized = true
    lock = class com.ibm.ws.webcontainer.webapp.WebApp$1@2b822840
      this$0 = class com.ibm.ws.webcontainer31.osgi.webapp.WebApp31@5ad92f1b
    afterServletContextCreated = false
    redirectContextRoot = false
    errorExceptionTypeFirst = false
    initFilterBeforeServletInit = false
    sortedServletConfigs = class java.util.ArrayList@15593cf3
      serialVersionUID = 8683452581122892189
      DEFAULT_CAPACITY = 10
      EMPTY_ELEMENTDATA = class java.lang.Object[0]
      DEFAULTCAPACITY_EMPTY_ELEMENTDATA = class java.lang.Object[0]
      elementData = class java.lang.Object[10]
      size = 1
      MAX_ARRAY_SIZE = 2147483639
      modCount = 1
      MAX_ARRAY_SIZE = 2147483639
    effectiveMajorVersion = 3
    effectiveMinorVersion = 0
    canAddServletContextListener = true
    withinContextInitOfProgAddListener = false
    lastProgAddListenerInitialized = "com.ibm.ws.cache.CacheServiceImpl"
    webInfLibClassloader = null
    metaInfCache = class com.ibm.ws.webcontainer.webapp.WebApp$2@333d9490
      this$0 = class com.ibm.ws.webcontainer31.osgi.webapp.WebApp31@5ad92f1b
      serialVersionUID = 3801124242820219131
      head = null
      tail = null
      accessOrder = true
      serialVersionUID = 362498820763181265
      DEFAULT_INITIAL_CAPACITY = 16
      MAXIMUM_CAPACITY = 1073741824
      DEFAULT_LOAD_FACTOR = 0.75
      TREEIFY_THRESHOLD = 8
      UNTREEIFY_THRESHOLD = 6
      MIN_TREEIFY_CAPACITY = 64
      table = null
      entrySet = null
      size = 0
      modCount = 0
      threshold = 32
      loadFactor = 1.0
      keySet = null
      values = null
    useMetaInfCache = true
    SUN_CONFIGURE_LISTENER_CLASSNAME = "com.sun.faces.config.ConfigureListener"
    MYFACES_LIFECYCLE_LISTENER_CLASSNAME = "org.apache.myfaces.webapp.StartupServletContextListener"
    JSF_IMPL_ENABLED_PARAM = "com.ibm.ws.jsf.JSF_IMPL_ENABLED"
    JSF_IMPL_ENABLED_CUSTOM = "Custom"
    JSF_IMPL_ENABLED_NONE = "None"
    staticDocRoot = class com.ibm.ws.webcontainer.util.DocumentRootUtils@3d43c422
      logger = class com.ibm.ws.logging.internal.WsLogger@1cee0e31
      CLASS_NAME = "com.ibm.ws.webcontainer.util.DocumentRootUtils"
      useContentLength = false
      matchedFile = null
      matchedZipFile = null
      matchedEntry = null
      matchedURL = null
      edrRoot = null
      pfedrRoot = null
      ctxt = class com.ibm.ws.webcontainer31.osgi.webapp.WebApp31@5ad92f1b
      baseDir = null
      edr = null
      pfedr = null
      metaInfRes = null
      searchpfEDR = false
      searchEDR = false
      searchMetaInfRes = true
      matchFromEDR = false
      matchFromMetaInfRes = false
      matchIsADirectory = false
      appConfig = class com.ibm.ws.webcontainer.osgi.webapp.WebAppConfiguration@66a322c7
      attributeType = "staticFile"
      STATIC_FILE = "staticFile"
      JSP = "jsp"
      PFEDR = "preFragmentExtendedDocumentRoot"
      EDR = "extendedDocumentRoot"
    jspDocRoot = class com.ibm.ws.webcontainer.util.DocumentRootUtils@7b93be2
      logger = class com.ibm.ws.logging.internal.WsLogger@1cee0e31
      CLASS_NAME = "com.ibm.ws.webcontainer.util.DocumentRootUtils"
      useContentLength = false
      matchedFile = null
      matchedZipFile = null
      matchedEntry = null
      matchedURL = null
      edrRoot = null
      pfedrRoot = null
      ctxt = class com.ibm.ws.webcontainer31.osgi.webapp.WebApp31@5ad92f1b
      baseDir = null
      edr = null
      pfedr = null
      metaInfRes = null
      searchpfEDR = false
      searchEDR = false
      searchMetaInfRes = true
      matchFromEDR = false
      matchFromMetaInfRes = false
      matchIsADirectory = false
      appConfig = class com.ibm.ws.webcontainer.osgi.webapp.WebAppConfiguration@66a322c7
      attributeType = "jsp"
      STATIC_FILE = "staticFile"
      JSP = "jsp"
      PFEDR = "preFragmentExtendedDocumentRoot"
      EDR = "extendedDocumentRoot"
    container = class com.ibm.ws.adaptable.module.internal.AdaptableContainerImpl@10a29df
      root = class com.ibm.ws.adaptable.module.internal.AdaptableContainerImpl@10a29df
      rootOverlay = class com.ibm.ws.artifact.overlay.internal.DirectoryBasedOverlayContainerImpl@33c477a0
      factoryHolder = class com.ibm.ws.adaptable.module.internal.AdaptableModuleFactoryImpl@ecbf7d7
      delegate = class com.ibm.ws.artifact.overlay.internal.DirectoryBasedOverlayContainerImpl@33c477a0
      notifier = class com.ibm.ws.adaptable.module.internal.NotifierImpl@12fdf3a4
      serialVersionUID = -5621513278641113667
      $$$tc$$$ = class com.ibm.websphere.ras.TraceComponent@7a40d2de
    metaInfResourceFinder = class com.ibm.ws.webcontainer.util.MetaInfResourceFinder@5bdb3142
      jarResourceContainers = class java.util.ArrayList@36c3bbb6
      container = class com.ibm.ws.adaptable.module.internal.AdaptableContainerImpl@10a29df
    postConstructMethods = class com.ibm.ws.webcontainer.webapp.WebApp$AnnotatedMethods@41db7bd
      annotationClass = class java.lang.Class@5d91a4ad
      noOpClassNames = class java.util.Collections$SynchronizedSet@5dbd7bd1
      annotatedMethodNames = class java.util.concurrent.ConcurrentHashMap@3ed5961e
      EMPTY_METHODS = class java.lang.reflect.Method[0]
    preDestroyMethods = class com.ibm.ws.webcontainer.webapp.WebApp$AnnotatedMethods@27dc01c8
      annotationClass = class java.lang.Class@74f2d1a1
      noOpClassNames = class java.util.Collections$SynchronizedSet@1eeec8d8
      annotatedMethodNames = class java.util.concurrent.ConcurrentHashMap@40bbccf3
      EMPTY_METHODS = class java.lang.reflect.Method[0]
    OBJ_EMPTY = class java.lang.Object[0]
    CLASS_EMPTY = class java.lang.Class[0]
    DEFAULT_JSP_EXTENSIONS = class java.util.ArrayList@69f458fa
      serialVersionUID = 8683452581122892189
      DEFAULT_CAPACITY = 10
      EMPTY_ELEMENTDATA = class java.lang.Object[0]
      DEFAULTCAPACITY_EMPTY_ELEMENTDATA = class java.lang.Object[0]
      elementData = class java.lang.Object[10]
      size = 4
      MAX_ARRAY_SIZE = 2147483639
      modCount = 4
      MAX_ARRAY_SIZE = 2147483639
    DEFER_SERVLET_REQUEST_LISTENER_DESTROY_ON_ERROR = false
    DO_ACCEPT_PARTIAL = true
    DO_NOT_ACCEPT_PARTIAL = false
    DO_ACCEPT_EXCLUDED = true
    DO_NOT_ACCEPT_EXCLUDED = false
    commands = class java.util.ArrayList@26ec721
      serialVersionUID = 8683452581122892189
      DEFAULT_CAPACITY = 10
      EMPTY_ELEMENTDATA = class java.lang.Object[0]
      DEFAULTCAPACITY_EMPTY_ELEMENTDATA = class java.lang.Object[0]
      elementData = class java.lang.Object[3]
      size = 0
      MAX_ARRAY_SIZE = 2147483639
      modCount = 0
      MAX_ARRAY_SIZE = 2147483639
    requestMapper = class com.ibm.wsspi.webcontainer.util.URIMapper@45fb44e5
      matcher = class com.ibm.wsspi.webcontainer.util.URIMatcher@4b2b255c
    parent = class com.ibm.ws.webcontainer.osgi.webapp.WebGroup@e83e728
      tc = class com.ibm.websphere.ras.TraceComponent@3cf8b625
      logger = class com.ibm.ws.logging.internal.WsLogger@1c5f9490
      CLASS_NAME = "com.ibm.ws.webcontainer.webapp.WebGroup"
      sessUrlRewritePrefix = ";jsessionid="
      qMark = "?"
      config = class com.ibm.ws.webcontainer.osgi.webapp.WebGroupConfiguration@25415f60
      webApp = class com.ibm.ws.webcontainer31.osgi.webapp.WebApp31@5ad92f1b
      commands = class java.util.ArrayList@1b453563
      requestMapper = null
      parent = class com.ibm.ws.webcontainer.osgi.DynamicVirtualHost@3795f749
      name = "/MongoRestApp/*"
      isAlive = true
      subElements = class java.util.HashMap@5b452ff
      attributes = null
      config = null
      serialVersionUID = -8271459000149267764
      $$$tc$$$ = class com.ibm.websphere.ras.TraceComponent@c5e0d62
    name = "MongoRestApp"
    isAlive = true
    subElements = null
    attributes = class java.util.Collections$SynchronizedMap@28f8f237
      serialVersionUID = 1978198479659022715
      m = class java.util.HashMap@123ccd8a
      mutex = class java.util.Collections$SynchronizedMap@28f8f237
      keySet = null
      entrySet = null
      values = null
    config = null
    serialVersionUID = -8271459000149267764
    $$$tc$$$ = class com.ibm.websphere.ras.TraceComponent@c5e0d62
      strings[0] = "TraceComponent[com.ibm.ws.container.AbstractContainer,class com.ibm.ws.container.AbstractContainer,[],null,null]"

