------Start of DE processing------ = [10/17/15 9:14:03:989 CDT]
Exception = com.ibm.websphere.servlet.error.ServletErrorReport
Source = com.ibm.ws.webcontainer.filter.FilterInstanceWrapper.doFilter
probeid = 144
Stack Dump = com.ibm.websphere.servlet.error.ServletErrorReport: java.lang.Error: Unresolved compilation problems: 
	JSONObject cannot be resolved to a type
	JSONObject cannot be resolved to a type

	at com.ibm.ws.webcontainer.servlet.ServletWrapper.service(ServletWrapper.java:1383)
	at com.ibm.ws.webcontainer.servlet.ServletWrapper.handleRequest(ServletWrapper.java:778)
	at com.ibm.ws.webcontainer.servlet.ServletWrapper.handleRequest(ServletWrapper.java:475)
	at com.ibm.ws.webcontainer.filter.WebAppFilterChain.invokeTarget(WebAppFilterChain.java:146)
	at com.ibm.ws.webcontainer.filter.WebAppFilterChain.doFilter(WebAppFilterChain.java:93)
	at com.ibm.ws.security.jaspi.JaspiServletFilter.doFilter(JaspiServletFilter.java:57)
	at com.ibm.ws.webcontainer.filter.FilterInstanceWrapper.doFilter(FilterInstanceWrapper.java:207)
	at com.ibm.ws.webcontainer.filter.WebAppFilterChain.doFilter(WebAppFilterChain.java:90)
	at com.ibm.ws.webcontainer.filter.WebAppFilterManager.doFilter(WebAppFilterManager.java:1020)
	at com.ibm.ws.webcontainer.filter.WebAppFilterManager.invokeFilters(WebAppFilterManager.java:1142)
	at com.ibm.ws.webcontainer.webapp.WebApp.handleRequest(WebApp.java:4867)
	at com.ibm.ws.webcontainer31.osgi.webapp.WebApp31.handleRequest(WebApp31.java:523)
	at com.ibm.ws.webcontainer.osgi.DynamicVirtualHost$2.handleRequest(DynamicVirtualHost.java:297)
	at com.ibm.ws.webcontainer.WebContainer.handleRequest(WebContainer.java:997)
	at com.ibm.ws.webcontainer.osgi.DynamicVirtualHost$2.run(DynamicVirtualHost.java:262)
	at com.ibm.ws.http.dispatcher.internal.channel.HttpDispatcherLink$TaskWrapper.run(HttpDispatcherLink.java:955)
	at com.ibm.ws.http.dispatcher.internal.channel.HttpDispatcherLink.ready(HttpDispatcherLink.java:341)
	at com.ibm.ws.http.channel.internal.inbound.HttpInboundLink.handleDiscrimination(HttpInboundLink.java:470)
	at com.ibm.ws.http.channel.internal.inbound.HttpInboundLink.handleNewRequest(HttpInboundLink.java:404)
	at com.ibm.ws.http.channel.internal.inbound.HttpInboundLink.processRequest(HttpInboundLink.java:284)
	at com.ibm.ws.http.channel.internal.inbound.HttpInboundLink.ready(HttpInboundLink.java:255)
	at com.ibm.ws.tcpchannel.internal.NewConnectionInitialReadCallback.sendToDiscriminators(NewConnectionInitialReadCallback.java:174)
	at com.ibm.ws.tcpchannel.internal.NewConnectionInitialReadCallback.complete(NewConnectionInitialReadCallback.java:83)
	at com.ibm.ws.tcpchannel.internal.WorkQueueManager.requestComplete(WorkQueueManager.java:504)
	at com.ibm.ws.tcpchannel.internal.WorkQueueManager.attemptIO(WorkQueueManager.java:574)
	at com.ibm.ws.tcpchannel.internal.WorkQueueManager.workerRun(WorkQueueManager.java:929)
	at com.ibm.ws.tcpchannel.internal.WorkQueueManager$Worker.run(WorkQueueManager.java:1018)
	at java.util.concurrent.ThreadPoolExecutor.runWorker(ThreadPoolExecutor.java:1142)
	at java.util.concurrent.ThreadPoolExecutor$Worker.run(ThreadPoolExecutor.java:617)
	at java.lang.Thread.run(Thread.java:745)
Caused by: java.lang.Error: Unresolved compilation problems: 
	JSONObject cannot be resolved to a type
	JSONObject cannot be resolved to a type

	at edu.umkc.mongorestapp.UserServlet.doGet(UserServlet.java:30)
	at javax.servlet.http.HttpServlet.service(HttpServlet.java:687)
	at javax.servlet.http.HttpServlet.service(HttpServlet.java:790)
	at com.ibm.ws.webcontainer.servlet.ServletWrapper.service(ServletWrapper.java:1287)
	... 29 more

Dump of callerThis
Object type = com.ibm.ws.webcontainer.filter.FilterInstanceWrapper
  FILTER_STATE_UNINITIALIZED = 0
  FILTER_STATE_INITIALIZING = 1
  FILTER_STATE_AVAILABLE = 2
  FILTER_STATE_DESTROYING = 3
  FILTER_STATE_DESTROYED = 4
  FILTER_STATE_UNAVAILABLE = 5
  _filterName = "com.ibm.ws.security.jaspi.servlet.filter"
  _filterInstance = class com.ibm.ws.security.jaspi.JaspiServletFilter@7f854515
    serialVersionUID = -1292833612206940252
    $$$tc$$$ = class com.ibm.websphere.ras.TraceComponent@729e5f69
      strings[0] = "TraceComponent[com.ibm.ws.security.jaspi.JaspiServletFilter,class com.ibm.ws.security.jaspi.JaspiServletFilter,[security],com.ibm.ws.security.jaspi.internal.resources.JaspiMessages,null]"
  _filterState = 2
  nServicing = class java.util.concurrent.atomic.AtomicInteger@64444aad
    serialVersionUID = 6214790243416807050
    unsafe = class sun.misc.Unsafe@2c597a15
      theUnsafe = class sun.misc.Unsafe@2c597a15
      INVALID_FIELD_OFFSET = -1
      ARRAY_BOOLEAN_BASE_OFFSET = 16
      ARRAY_BYTE_BASE_OFFSET = 16
      ARRAY_SHORT_BASE_OFFSET = 16
      ARRAY_CHAR_BASE_OFFSET = 16
      ARRAY_INT_BASE_OFFSET = 16
      ARRAY_LONG_BASE_OFFSET = 16
      ARRAY_FLOAT_BASE_OFFSET = 16
      ARRAY_DOUBLE_BASE_OFFSET = 16
      ARRAY_OBJECT_BASE_OFFSET = 16
      ARRAY_BOOLEAN_INDEX_SCALE = 1
      ARRAY_BYTE_INDEX_SCALE = 1
      ARRAY_SHORT_INDEX_SCALE = 2
      ARRAY_CHAR_INDEX_SCALE = 2
      ARRAY_INT_INDEX_SCALE = 4
      ARRAY_LONG_INDEX_SCALE = 8
      ARRAY_FLOAT_INDEX_SCALE = 4
      ARRAY_DOUBLE_INDEX_SCALE = 8
      ARRAY_OBJECT_INDEX_SCALE = 4
      ADDRESS_SIZE = 8
    valueOffset = 12
    value = 0
    serialVersionUID = -8742448824652078965
  logger = class com.ibm.ws.logging.internal.WsLogger@3b966942
    tc = class com.ibm.websphere.ras.TraceComponent@71db92d1
      strings[0] = "TraceComponent[com.ibm.ws.logging.internal.WsLogger,class com.ibm.ws.logging.internal.WsLogger,[logging],com.ibm.ws.logging.internal.resources.LoggingMessages,null]"
    ivCachedResourceBundleName = null
    ivCachedResourceBundle = null
    ivComponent = null
    ivOrganization = null
    ivProduct = null
    ivMinimumLocalizationLevelIntValue = 625
    ivTC = class com.ibm.websphere.ras.TraceComponent@79c3ce97
      strings[0] = "TraceComponent[com.ibm.ws.webcontainer.filter,class com.ibm.wsspi.webcontainer.logging.LoggerFactory$1,[com.ibm.ws.webcontainer.filter],null,null]"
    loggerRegistrationComponent = class java.lang.ThreadLocal@26105cc9
      threadLocalHashCode = -1957966946
      nextHashCode = class java.util.concurrent.atomic.AtomicInteger@3f9a48e9
      HASH_INCREMENT = 1640531527
    emptyHandlers = class java.util.logging.Handler[0]
    offValue = 2147483647
    SYSTEM_LOGGER_RB_NAME = "sun.util.logging.resources.logging"
    SYSTEM_BUNDLE = class java.util.logging.Logger$LoggerBundle@4e404ffd
      resourceBundleName = "sun.util.logging.resources.logging"
      userBundle = null
    NO_RESOURCE_BUNDLE = class java.util.logging.Logger$LoggerBundle@23ab0fdb
      resourceBundleName = null
      userBundle = null
    manager = class com.ibm.ws.kernel.boot.logging.WsLogManager@779f973
      CLASS_NAME = "com.ibm.ws.kernel.boot.logging.WsLogManager"
      CONFIGURE_BY_SERVER_PROPERTY_NAME = "java.util.logging.configureByServer"
      CONFIGURE_BY_LOGGING_PROPERTIES_FILE = "java.util.logging.configureByLoggingPropertiesFile"
      configureByServer = true
      configureByLoggingProperties = false
      wsLogger = class java.lang.reflect.Constructor@39a49272
      resetEnabled = true
      manager = class com.ibm.ws.kernel.boot.logging.WsLogManager@779f973
      props = class java.util.Properties@4587b7e9
      defaultLevel = class java.util.logging.Level@36885342
      listenerMap = class java.util.HashMap@6949b573
      systemContext = class java.util.logging.LogManager$SystemLoggerContext@74638d2a
      userContext = class java.util.logging.LogManager$LoggerContext@8676cc5
      rootLogger = class java.util.logging.LogManager$RootLogger@7027badf
      readPrimordialConfiguration = true
      initializedGlobalHandlers = true
      deathImminent = false
      initializedCalled = true
      initializationDone = true
      contextsMap = null
      loggerRefQueue = class java.lang.ref.ReferenceQueue@54e16b85
      MAX_ITERATIONS = 400
      controlPermission = class java.util.logging.LoggingPermission@3c83a6ee
      loggingMXBean = null
      LOGGING_MXBEAN_NAME = "java.util.logging:type=Logging"
      $assertionsDisabled = true
    name = "com.ibm.ws.webcontainer.filter"
    handlers = class java.util.concurrent.CopyOnWriteArrayList@15e8529c
      serialVersionUID = 8673264195747942595
      lock = class java.util.concurrent.locks.ReentrantLock@9afd9e7
      array = class java.lang.Object[0]
      UNSAFE = class sun.misc.Unsafe@2c597a15
      lockOffset = 12
    loggerBundle = class java.util.logging.Logger$LoggerBundle@599bc87b
      resourceBundleName = "com.ibm.ws.webcontainer.resources.Messages"
      userBundle = null
    useParentHandlers = true
    filter = null
    anonymous = false
    catalog = class com.ibm.ws.webcontainer.resources.Messages_en@22b5c144
      resources = class [Ljava.lang.Object;[0]
      lookup = class java.util.HashMap@3fa3a11b
      INITIAL_CACHE_SIZE = 32
      NONEXISTENT_BUNDLE = class java.util.ResourceBundle$1@392e7ebf
      cacheList = class java.util.concurrent.ConcurrentHashMap@6ef26963
      referenceQueue = class java.lang.ref.ReferenceQueue@52b13171
      parent = class com.ibm.ws.webcontainer.resources.Messages@7f78b5b7
      locale = class java.util.Locale@5c84e9f6
      name = "com.ibm.ws.webcontainer.resources.Messages"
      expired = false
      cacheKey = class java.util.ResourceBundle$CacheKey@9e2fec3
      keySet = null
      providers = null
      $assertionsDisabled = true
    catalogName = "com.ibm.ws.webcontainer.resources.Messages"
    catalogLocale = class java.util.Locale@6a4f0600
      LOCALECACHE = class java.util.Locale$Cache@453e49cb
      ENGLISH = class java.util.Locale@5c84e9f6
      FRENCH = class java.util.Locale@28203f71
      GERMAN = class java.util.Locale@57acce16
      ITALIAN = class java.util.Locale@60eba539
      JAPANESE = class java.util.Locale@1bdb3b8b
      KOREAN = class java.util.Locale@32294436
      CHINESE = class java.util.Locale@3c4f01b
      SIMPLIFIED_CHINESE = class java.util.Locale@3e3b4f37
      TRADITIONAL_CHINESE = class java.util.Locale@7c7e3c18
      FRANCE = class java.util.Locale@48edf55
      GERMANY = class java.util.Locale@206eb3f7
      ITALY = class java.util.Locale@4448123a
      JAPAN = class java.util.Locale@49db6857
      KOREA = class java.util.Locale@3bdd724e
      CHINA = class java.util.Locale@3e3b4f37
      PRC = class java.util.Locale@3e3b4f37
      TAIWAN = class java.util.Locale@7c7e3c18
      UK = class java.util.Locale@6ef99fc9
      US = class java.util.Locale@6a4f0600
      CANADA = class java.util.Locale@6aa489ee
      CANADA_FRENCH = class java.util.Locale@782fdd3d
      ROOT = class java.util.Locale@1c2908ad
      PRIVATE_USE_EXTENSION = x
      UNICODE_LOCALE_EXTENSION = u
      serialVersionUID = 9149081749638150636
      DISPLAY_LANGUAGE = 0
      DISPLAY_COUNTRY = 1
      DISPLAY_VARIANT = 2
      DISPLAY_SCRIPT = 3
      baseLocale = class sun.util.locale.BaseLocale@28308f74
      localeExtensions = null
      hashCodeValue = 96636889
      defaultLocale = class java.util.Locale@6a4f0600
      defaultDisplayLocale = null
      defaultFormatLocale = class java.util.Locale@6a4f0600
      languageTag = "en-US"
      serialPersistentFields = class java.io.ObjectStreamField[6]
      isoLanguages = null
      isoCountries = null
      $assertionsDisabled = true
    treeLock = class java.lang.Object@3d64d567
    parent = class com.ibm.ws.logging.internal.WsLogger@3a3b0aa0
      tc = class com.ibm.websphere.ras.TraceComponent@71db92d1
      ivCachedResourceBundleName = "com.ibm.ws.webcontainer.resources.Messages"
      ivCachedResourceBundle = class com.ibm.ws.webcontainer.resources.Messages_en@280135c9
      ivComponent = null
      ivOrganization = null
      ivProduct = null
      ivMinimumLocalizationLevelIntValue = 625
      ivTC = class com.ibm.websphere.ras.TraceComponent@44c33f7a
      loggerRegistrationComponent = class java.lang.ThreadLocal@26105cc9
      emptyHandlers = class java.util.logging.Handler[0]
      offValue = 2147483647
      SYSTEM_LOGGER_RB_NAME = "sun.util.logging.resources.logging"
      SYSTEM_BUNDLE = class java.util.logging.Logger$LoggerBundle@4e404ffd
      NO_RESOURCE_BUNDLE = class java.util.logging.Logger$LoggerBundle@23ab0fdb
      manager = class com.ibm.ws.kernel.boot.logging.WsLogManager@779f973
      name = "com.ibm.ws.webcontainer"
      handlers = class java.util.concurrent.CopyOnWriteArrayList@615c7dcd
      loggerBundle = class java.util.logging.Logger$LoggerBundle@271c47e0
      useParentHandlers = true
      filter = null
      anonymous = false
      catalog = class com.ibm.ws.webcontainer.resources.Messages_en@280135c9
      catalogName = "com.ibm.ws.webcontainer.resources.Messages"
      catalogLocale = class java.util.Locale@6a4f0600
      treeLock = class java.lang.Object@3d64d567
      parent = class java.util.logging.Logger@c2946be
      kids = class java.util.ArrayList@2da7858f
      levelObject = class java.util.logging.Level@36885342
      levelValue = 800
      callersClassLoaderRef = class java.lang.ref.WeakReference@2f9737e3
      isSystemLogger = false
      GLOBAL_LOGGER_NAME = "global"
      global = class java.util.logging.Logger@2457a343
      $assertionsDisabled = true
    kids = null
    levelObject = class java.util.logging.Level@36885342
      defaultBundle = "sun.util.logging.resources.logging"
      name = "INFO"
      value = 800
      resourceBundleName = "sun.util.logging.resources.logging"
      localizedLevelName = "INFO"
      cachedLocale = class java.util.Locale@6a4f0600
      OFF = class java.util.logging.Level@5a90fb19
      SEVERE = class java.util.logging.Level@29d7fd3b
      WARNING = class java.util.logging.Level@1a6e6321
      INFO = class java.util.logging.Level@36885342
      CONFIG = class java.util.logging.Level@38579276
      FINE = class java.util.logging.Level@65c2fe56
      FINER = class java.util.logging.Level@73eae9f0
      FINEST = class java.util.logging.Level@1a74fbc7
      ALL = class java.util.logging.Level@1eb40edd
      serialVersionUID = -8176160795706313070
    levelValue = 800
    callersClassLoaderRef = class java.lang.ref.WeakReference@24652c95
      referent = class org.eclipse.osgi.internal.loader.EquinoxClassLoader@58c59ffa
      queue = class java.lang.ref.ReferenceQueue$Null@2d5419b
      next = null
      discovered = null
      lock = class java.lang.ref.Reference$Lock@2c5d98c0
      pending = null
    isSystemLogger = false
    GLOBAL_LOGGER_NAME = "global"
    global = class java.util.logging.Logger@2457a343
      emptyHandlers = class java.util.logging.Handler[0]
      offValue = 2147483647
      SYSTEM_LOGGER_RB_NAME = "sun.util.logging.resources.logging"
      SYSTEM_BUNDLE = class java.util.logging.Logger$LoggerBundle@4e404ffd
      NO_RESOURCE_BUNDLE = class java.util.logging.Logger$LoggerBundle@23ab0fdb
      manager = class com.ibm.ws.kernel.boot.logging.WsLogManager@779f973
      name = "global"
      handlers = class java.util.concurrent.CopyOnWriteArrayList@3c9eb15d
      loggerBundle = class java.util.logging.Logger$LoggerBundle@23ab0fdb
      useParentHandlers = true
      filter = null
      anonymous = false
      catalog = null
      catalogName = null
      catalogLocale = null
      treeLock = class java.lang.Object@3d64d567
      parent = class java.util.logging.LogManager$RootLogger@7027badf
      kids = null
      levelObject = null
      levelValue = 800
      callersClassLoaderRef = null
      isSystemLogger = true
      GLOBAL_LOGGER_NAME = "global"
      global = class java.util.logging.Logger@2457a343
      $assertionsDisabled = true
    $assertionsDisabled = true
  CLASS_NAME = "com.ibm.ws.webcontainer.filter.FilterInstanceWrapper"
  _filterEvent = null
  _filterConfig = class com.ibm.ws.webcontainer.filter.FilterConfig@28109727
    dispatchMode = null
    filterClassLoader = null
    isInternal = false
    webAppConfig = class com.ibm.ws.webcontainer.osgi.webapp.WebAppConfiguration@66a322c7
      webModuleMetaData = class com.ibm.ws.webcontainer.osgi.metadata.WebModuleMetaDataImpl@2bf5694
      webComponentMetaData = class com.ibm.ws.webcontainer.osgi.metadata.WebComponentMetaDataImpl@22d3ec3b
      dVirtualHost = class com.ibm.ws.webcontainer.osgi.DynamicVirtualHost@3795f749
      orderedLibPaths = class java.util.Collections$UnmodifiableRandomAccessList@7df34e5e
      bundleHeaders = null
      cdiEnabled = false
      CLASS_NAME = "com.ibm.ws.webcontainer.webapp.WebAppConfiguration"
      logger = class com.ibm.ws.logging.internal.WsLogger@1c5f9490
      tc = class com.ibm.websphere.ras.TraceComponent@6d2fbe90
      nls = class com.ibm.ejs.ras.TraceNLS@2cf994da
      version = 30
      contextRoot = "/MongoRestApp"
      sessionTimeout = 0
      moduleSessionTimeoutSet = false
      moduleSessionTrackingModeSet = false
      sessionCookieConfig = class com.ibm.ws.session.SessionCookieConfigImpl@61be3fd7
      hasProgrammaticCookieConfig = false
      sessionDefaultTrackingModeSet = class java.util.RegularEnumSet@479615c4
      sessionManagerConfig = class com.ibm.ws.session.SessionManagerConfig@5323493f
      displayName = "MongoRestApp"
      description = null
      reloadInterval = 0
      distributable = false
      denyUncoveredHttpMethods = false
      reloadingEnabled = false
      serveServletsByClassnameEnabled = false
      defaultErrorPage = null
      additionalClassPath = null
      fileServingEnabled = null
      directoryBrowsingEnabled = false
      autoRequestEncoding = false
      autoResponseEncoding = false
      autoLoadFilters = false
      requestListeners = null
      requestAttributeListeners = null
      sessionListeners = null
      localeMap = null
      moduleName = "MongoRestApp"
      j2eeModuleName = "MongoRestApp.war"
      moduleId = null
      isSyncToThreadEnabled = false
      isSystemApp = false
      ardEnabled = false
      ardDispatchType = null
      listeners = class java.util.ArrayList@339c48c5
      welcomeFileList = class java.util.ArrayList@234c89e6
      servletMappings = class java.util.HashMap@5483907e
      lastIndexBeforeDeclaredFilters = 0
      filterMappings = class java.util.ArrayList@1d204160
      servletInfo = class java.util.HashMap@4c2be861
      filterInfo = class java.util.HashMap@bef5bbb
      mimeMappings = class java.util.HashMap@43a72ad8
      mimeFilters = null
      isMimeFilteringEnabled = false
      theWebGroup = null
      jspAttributes = class java.util.HashMap@5c13588d
      fileServingAttributes = class java.util.HashMap@4f68db8e
      invokerAttributes = class java.util.HashMap@3eab635b
      contextParams = class java.util.HashMap@44a06fbc
      virtualHost = "default_host"
      exceptionErrorPages = class java.util.HashMap@2b18095
      codeErrorPages = class java.util.HashMap@b0c8fe6
      tagLibList = null
      precompileJsps = false
      webApp = class com.ibm.ws.webcontainer31.osgi.webapp.WebApp31@5ad92f1b
      virtualHostList = class java.util.Collections$EmptyList@6e589467
      appStartupWeight = 0
      moduleStartupWeight = 0
      metaDataComplete = false
      classesToScan = class java.util.ArrayList@29c2cb9f
      uriFilterMappingInfos = class java.util.ArrayList@2779531a
      servletFilterMappingInfos = null
      dynamicServletRegistrationMap = null
      applicationName = "MongoRestApp"
      libBinPathList = class java.util.ArrayList@48e59bac
      webXmlDefinedListeners = class java.util.HashSet@62b4d57b
      allRefs = class java.util.EnumMap@5d157481
      allRefBindings = class java.util.EnumMap@30191dba
      envEntryValues = class java.util.HashMap@54c5c8ee
      resourceRefConfigList = null
      disallowAllFileServingProp = "false"
      disallowServeServletsByClassnameProp = "true"
      disableStaticMappingCache = false
      jspCachedLocations = class java.util.HashMap@101ed000
      _id = "WebAppGeneratedId4"
      _attributes = null
      serialVersionUID = 7511545662945734886
      $$$tc$$$ = class com.ibm.websphere.ras.TraceComponent@6850ccf4
    filter = null
    filterClass = class java.lang.Class@726ee804
      ANNOTATION = 8192
      ENUM = 16384
      SYNTHETIC = 4096
      cachedConstructor = null
      newInstanceCallerCache = null
      name = "com.ibm.ws.security.jaspi.JaspiServletFilter"
      allPermDomain = class java.security.ProtectionDomain@2fbded3
      useCaches = true
      reflectionData = class java.lang.ref.SoftReference@31b92c15
      classRedefinedCount = 0
      genericInfo = null
      serialVersionUID = 3206093459760846163
      serialPersistentFields = class java.io.ObjectStreamField[0]
      reflectionFactory = class sun.reflect.ReflectionFactory@37d8bb2c
      initted = true
      enumConstants = null
      enumConstantDirectory = null
      annotationData = class java.lang.Class$AnnotationData@43514e41
      annotationType = null
      classValueMap = null
    urlPatternMappings = class java.util.ArrayList@6ae868d
      serialVersionUID = 8683452581122892189
      DEFAULT_CAPACITY = 10
      EMPTY_ELEMENTDATA = class java.lang.Object[0]
      DEFAULTCAPACITY_EMPTY_ELEMENTDATA = class java.lang.Object[0]
      elementData = class java.lang.Object[10]
      size = 1
      MAX_ARRAY_SIZE = 2147483639
      modCount = 1
      MAX_ARRAY_SIZE = 2147483639
    servletNameMappings = null
    nls = class com.ibm.ejs.ras.TraceNLS@6726f39d
      resolver = class com.ibm.ws.logging.internal.TraceNLSResolver@6b4a6a30
      finder = class com.ibm.ws.logging.internal.StackFinder@1a053741
      ivBundleName = "com.ibm.ws.webcontainer.resources.Messages"
      caller = class java.lang.Class@6dc4a051
    logger = class com.ibm.ws.logging.internal.WsLogger@6b714032
      tc = class com.ibm.websphere.ras.TraceComponent@71db92d1
      ivCachedResourceBundleName = "com.ibm.ws.webcontainer.resources.Messages"
      ivCachedResourceBundle = class com.ibm.ws.webcontainer.resources.Messages_en@22b5c144
      ivComponent = null
      ivOrganization = null
      ivProduct = null
      ivMinimumLocalizationLevelIntValue = 625
      ivTC = class com.ibm.websphere.ras.TraceComponent@1f73bb64
      loggerRegistrationComponent = class java.lang.ThreadLocal@26105cc9
      emptyHandlers = class java.util.logging.Handler[0]
      offValue = 2147483647
      SYSTEM_LOGGER_RB_NAME = "sun.util.logging.resources.logging"
      SYSTEM_BUNDLE = class java.util.logging.Logger$LoggerBundle@4e404ffd
      NO_RESOURCE_BUNDLE = class java.util.logging.Logger$LoggerBundle@23ab0fdb
      manager = class com.ibm.ws.kernel.boot.logging.WsLogManager@779f973
      name = "com.ibm.ws.webcontainer.servlet"
      handlers = class java.util.concurrent.CopyOnWriteArrayList@496c2c8a
      loggerBundle = class java.util.logging.Logger$LoggerBundle@7ae0b5d9
      useParentHandlers = true
      filter = null
      anonymous = false
      catalog = class com.ibm.ws.webcontainer.resources.Messages_en@22b5c144
      catalogName = "com.ibm.ws.webcontainer.resources.Messages"
      catalogLocale = class java.util.Locale@6a4f0600
      treeLock = class java.lang.Object@3d64d567
      parent = class com.ibm.ws.logging.internal.WsLogger@3a3b0aa0
      kids = null
      levelObject = class java.util.logging.Level@36885342
      levelValue = 800
      callersClassLoaderRef = class java.lang.ref.WeakReference@77f15c44
      isSystemLogger = false
      GLOBAL_LOGGER_NAME = "global"
      global = class java.util.logging.Logger@2457a343
      $assertionsDisabled = true
    CLASS_NAME = "com.ibm.ws.webcontainer.servlet.TargetConfig"
    initParams = null
    fileName = null
    displayName = "com.ibm.ws.security.jaspi.servlet.filter"
    name = "com.ibm.ws.security.jaspi.servlet.filter"
    description = null
    smallIcon = null
    largeIcon = null
    context = class com.ibm.ws.webcontainer31.facade.ServletContextFacade31@65181ccf
      context = class com.ibm.ws.webcontainer31.osgi.webapp.WebApp31@5ad92f1b
    className = null
    asyncSupported = true
    _id = "com.ibm.ws.security.jaspi.servlet.filter"
    _attributes = null
    serialVersionUID = 7511545662945734886
    $$$tc$$$ = class com.ibm.websphere.ras.TraceComponent@6850ccf4
      strings[0] = "TraceComponent[com.ibm.ws.container.BaseConfiguration,class com.ibm.ws.container.BaseConfiguration,[],null,null]"
  _eventSource = class com.ibm.ws.webcontainer.webapp.WebAppEventSource@39982cb3
    _invocationListeners = class com.ibm.ws.webcontainer.util.EventListeners@3c67214a
      EMPTY_LISTENERS = interface java.util.EventListener[0]
      logger = class com.ibm.ws.logging.internal.WsLogger@1cee0e31
      CLASS_NAME = "com.ibm.ws.webcontainer.util.EventListeners"
      listeners = interface java.util.EventListener[0]
    _servletListeners = class com.ibm.ws.webcontainer.util.EventListeners@4377fac6
      EMPTY_LISTENERS = interface java.util.EventListener[0]
      logger = class com.ibm.ws.logging.internal.WsLogger@1cee0e31
      CLASS_NAME = "com.ibm.ws.webcontainer.util.EventListeners"
      listeners = interface java.util.EventListener[0]
    _errorListeners = class com.ibm.ws.webcontainer.util.EventListeners@2df0cbe6
      EMPTY_LISTENERS = interface java.util.EventListener[0]
      logger = class com.ibm.ws.logging.internal.WsLogger@1cee0e31
      CLASS_NAME = "com.ibm.ws.webcontainer.util.EventListeners"
      listeners = interface java.util.EventListener[0]
    _applicationListeners = class com.ibm.ws.webcontainer.util.EventListeners@5ec00e3
      EMPTY_LISTENERS = interface java.util.EventListener[0]
      logger = class com.ibm.ws.logging.internal.WsLogger@1cee0e31
      CLASS_NAME = "com.ibm.ws.webcontainer.util.EventListeners"
      listeners = interface java.util.EventListener[0]
    _filterInvocationListeners = class com.ibm.ws.webcontainer.util.EventListeners@840c65
      EMPTY_LISTENERS = interface java.util.EventListener[0]
      logger = class com.ibm.ws.logging.internal.WsLogger@1cee0e31
      CLASS_NAME = "com.ibm.ws.webcontainer.util.EventListeners"
      listeners = interface java.util.EventListener[0]
    _filterListeners = class com.ibm.ws.webcontainer.util.EventListeners@7c597779
      EMPTY_LISTENERS = interface java.util.EventListener[0]
      logger = class com.ibm.ws.logging.internal.WsLogger@1cee0e31
      CLASS_NAME = "com.ibm.ws.webcontainer.util.EventListeners"
      listeners = interface java.util.EventListener[0]
    _filterErrorListeners = class com.ibm.ws.webcontainer.util.EventListeners@57dd3cef
      EMPTY_LISTENERS = interface java.util.EventListener[0]
      logger = class com.ibm.ws.logging.internal.WsLogger@1cee0e31
      CLASS_NAME = "com.ibm.ws.webcontainer.util.EventListeners"
      listeners = interface java.util.EventListener[0]
  _managedObject = class com.ibm.ws.managedobject.internal.ManagedObjectImpl@29c29ae3
    serialVersionUID = 2312695316196219051
    object = "<sensitive com.ibm.ws.security.jaspi.JaspiServletFilter@7f854515>"
    $$$tc$$$ = class com.ibm.websphere.ras.TraceComponent@76c77d4f
      strings[0] = "TraceComponent[com.ibm.ws.managedobject.internal.ManagedObjectImpl,class com.ibm.ws.managedobject.internal.ManagedObjectImpl,[],null,null]"

