------Start of DE processing------ = [10/17/15 15:46:29:107 CDT]
Exception = com.ibm.ws.webcontainer.webapp.WebAppErrorReport
Source = com.ibm.ws.webcontainer.filter.WebAppFilterChain.doFilter
probeid = 82
Stack Dump = com.ibm.ws.webcontainer.webapp.WebAppErrorReport: java.io.IOException: Unexpected character &#39;&#37;&#39; on line 1, column 2
	at com.ibm.ws.webcontainer.webapp.WebAppErrorReport.constructErrorReport(WebAppErrorReport.java:153)
	at com.ibm.ws.webcontainer.webapp.WebAppErrorReport.constructErrorReport(WebAppErrorReport.java:194)
	at com.ibm.ws.webcontainer.servlet.ServletWrapper.handleRequest(ServletWrapper.java:849)
	at com.ibm.ws.webcontainer.servlet.ServletWrapper.handleRequest(ServletWrapper.java:475)
	at com.ibm.ws.webcontainer.filter.WebAppFilterChain.invokeTarget(WebAppFilterChain.java:146)
	at com.ibm.ws.webcontainer.filter.WebAppFilterChain.doFilter(WebAppFilterChain.java:93)
	at com.ibm.ws.security.jaspi.JaspiServletFilter.doFilter(JaspiServletFilter.java:57)
	at com.ibm.ws.webcontainer.filter.FilterInstanceWrapper.doFilter(FilterInstanceWrapper.java:207)
	at com.ibm.ws.webcontainer.filter.WebAppFilterChain.doFilter(WebAppFilterChain.java:90)
	at com.ibm.ws.webcontainer.filter.WebAppFilterManager.doFilter(WebAppFilterManager.java:1020)
	at com.ibm.ws.webcontainer.filter.WebAppFilterManager.invokeFilters(WebAppFilterManager.java:1142)
	at com.ibm.ws.webcontainer.webapp.WebApp.handleRequest(WebApp.java:4867)
	at com.ibm.ws.webcontainer31.osgi.webapp.WebApp31.handleRequest(WebApp31.java:523)
	at com.ibm.ws.webcontainer.osgi.DynamicVirtualHost$2.handleRequest(DynamicVirtualHost.java:297)
	at com.ibm.ws.webcontainer.WebContainer.handleRequest(WebContainer.java:997)
	at com.ibm.ws.webcontainer.osgi.DynamicVirtualHost$2.run(DynamicVirtualHost.java:262)
	at com.ibm.ws.http.dispatcher.internal.channel.HttpDispatcherLink$TaskWrapper.run(HttpDispatcherLink.java:955)
	at com.ibm.ws.http.dispatcher.internal.channel.HttpDispatcherLink.ready(HttpDispatcherLink.java:341)
	at com.ibm.ws.http.channel.internal.inbound.HttpInboundLink.handleDiscrimination(HttpInboundLink.java:470)
	at com.ibm.ws.http.channel.internal.inbound.HttpInboundLink.handleNewRequest(HttpInboundLink.java:404)
	at com.ibm.ws.http.channel.internal.inbound.HttpInboundLink.processRequest(HttpInboundLink.java:284)
	at com.ibm.ws.http.channel.internal.inbound.HttpInboundLink.ready(HttpInboundLink.java:255)
	at com.ibm.ws.tcpchannel.internal.NewConnectionInitialReadCallback.sendToDiscriminators(NewConnectionInitialReadCallback.java:174)
	at com.ibm.ws.tcpchannel.internal.NewConnectionInitialReadCallback.complete(NewConnectionInitialReadCallback.java:83)
	at com.ibm.ws.tcpchannel.internal.WorkQueueManager.requestComplete(WorkQueueManager.java:504)
	at com.ibm.ws.tcpchannel.internal.WorkQueueManager.attemptIO(WorkQueueManager.java:574)
	at com.ibm.ws.tcpchannel.internal.WorkQueueManager.workerRun(WorkQueueManager.java:929)
	at com.ibm.ws.tcpchannel.internal.WorkQueueManager$Worker.run(WorkQueueManager.java:1018)
	at java.util.concurrent.ThreadPoolExecutor.runWorker(ThreadPoolExecutor.java:1142)
	at java.util.concurrent.ThreadPoolExecutor$Worker.run(ThreadPoolExecutor.java:617)
	at java.lang.Thread.run(Thread.java:745)
Caused by: java.io.IOException: Unexpected character '%' on line 1, column 2
	at com.ibm.json.java.internal.Tokenizer.next(Tokenizer.java:129)
	at com.ibm.json.java.internal.Parser.parseObject(Parser.java:91)
	at com.ibm.json.java.internal.Parser.parse(Parser.java:58)
	at com.ibm.json.java.internal.Parser.parse(Parser.java:47)
	at com.ibm.json.java.JSONObject.parse(JSONObject.java:79)
	at com.ibm.json.java.JSONObject.parse(JSONObject.java:91)
	at edu.umkc.mongorestapp.UserServlet.doGet(UserServlet.java:47)
	at javax.servlet.http.HttpServlet.service(HttpServlet.java:687)
	at javax.servlet.http.HttpServlet.service(HttpServlet.java:790)
	at com.ibm.ws.webcontainer.servlet.ServletWrapper.service(ServletWrapper.java:1287)
	at com.ibm.ws.webcontainer.servlet.ServletWrapper.handleRequest(ServletWrapper.java:778)
	... 28 more

Dump of callerThis
Object type = com.ibm.ws.webcontainer.filter.WebAppFilterChain
  _filters = class java.util.ArrayList@51d371d1
    serialVersionUID = 8683452581122892189
    DEFAULT_CAPACITY = 10
    EMPTY_ELEMENTDATA = class java.lang.Object[0]
    DEFAULTCAPACITY_EMPTY_ELEMENTDATA = class java.lang.Object[0]
    elementData = class java.lang.Object[5]
      elementData[0] = class com.ibm.ws.webcontainer.filter.FilterInstanceWrapper@2ae24709
      elementData[1] = null
      elementData[2] = null
      elementData[3] = null
      elementData[4] = null
    size = 1
    MAX_ARRAY_SIZE = 2147483639
    modCount = 1
    MAX_ARRAY_SIZE = 2147483639
  _currentFilterIndex = 1
  _numberOfFilters = 1
  requestProcessor = class com.ibm.ws.webcontainer.osgi.servlet.ServletWrapper@4c5f6745
    serialVersionUID = 1
    _mo = class com.ibm.ws.managedobject.internal.ManagedObjectImpl@1abe6574
      serialVersionUID = 2312695316196219051
      object = "<sensitive edu.umkc.mongorestapp.UserServlet@7935bfaf>"
      $$$tc$$$ = class com.ibm.websphere.ras.TraceComponent@2d9a048a
    serialVersionUID = -4479626085298397598
    notifyInvocationListeners = false
    UNINITIALIZED_STATE = -1
    AVAILABLE_STATE = 0
    UNAVAILABLE_STATE = 1
    UNAVAILABLE_PERMANENTLY_STATE = 2
    collabHelper = class com.ibm.ws.webcontainer.osgi.collaborator.CollaboratorHelperImpl@3a8fc650
    nServicing = class java.util.concurrent.atomic.AtomicInteger@42db9607
      serialVersionUID = 6214790243416807050
      unsafe = class sun.misc.Unsafe@672f0572
      valueOffset = 12
      value = 0
      serialVersionUID = -8742448824652078965
    lastAccessTime = 1445114789066
    state = 0
    logger = class com.ibm.ws.logging.internal.WsLogger@c3875dc
      tc = class com.ibm.websphere.ras.TraceComponent@133d2141
      ivCachedResourceBundleName = "com.ibm.ws.webcontainer.resources.Messages"
      ivCachedResourceBundle = class com.ibm.ws.webcontainer.resources.Messages_en@4262fe35
      ivComponent = null
      ivOrganization = null
      ivProduct = null
      ivMinimumLocalizationLevelIntValue = 625
      ivTC = class com.ibm.websphere.ras.TraceComponent@456954d3
      loggerRegistrationComponent = class java.lang.ThreadLocal@3c3e844
      emptyHandlers = class java.util.logging.Handler[0]
      offValue = 2147483647
      SYSTEM_LOGGER_RB_NAME = "sun.util.logging.resources.logging"
      SYSTEM_BUNDLE = class java.util.logging.Logger$LoggerBundle@77414ad3
      NO_RESOURCE_BUNDLE = class java.util.logging.Logger$LoggerBundle@69f7f6e1
      manager = class com.ibm.ws.kernel.boot.logging.WsLogManager@75eab253
      name = "com.ibm.ws.webcontainer.servlet"
      handlers = class java.util.concurrent.CopyOnWriteArrayList@79ea0027
      loggerBundle = class java.util.logging.Logger$LoggerBundle@6437c7b6
      useParentHandlers = true
      filter = null
      anonymous = false
      catalog = class com.ibm.ws.webcontainer.resources.Messages_en@4262fe35
      catalogName = "com.ibm.ws.webcontainer.resources.Messages"
      catalogLocale = class java.util.Locale@40bcb1a9
      treeLock = class java.lang.Object@4ff08922
      parent = class com.ibm.ws.logging.internal.WsLogger@6b9ef56e
      kids = null
      levelObject = class java.util.logging.Level@2cc37dde
      levelValue = 800
      callersClassLoaderRef = class java.lang.ref.WeakReference@7d25960c
      isSystemLogger = false
      GLOBAL_LOGGER_NAME = "global"
      global = class java.util.logging.Logger@5d75c89e
      $assertionsDisabled = true
    CLASS_NAME = "com.ibm.ws.webcontainer.servlet.ServletWrapper"
    nls = class com.ibm.ejs.ras.TraceNLS@2dab29ab
      resolver = class com.ibm.ws.logging.internal.TraceNLSResolver@31399dd4
      finder = class com.ibm.ws.logging.internal.StackFinder@1d7b1f1f
      ivBundleName = "com.ibm.ws.webcontainer.resources.Messages"
      caller = class java.lang.Class@f154485
    servletConfig = class com.ibm.ws.webcontainer.servlet.ServletConfig@47c69889
      logger = class com.ibm.ws.logging.internal.WsLogger@c3875dc
      CLASS_NAME = "com.ibm.ws.webcontainer.servlet.ServletConfig"
      nls = class com.ibm.ejs.ras.TraceNLS@2e2738f
      liberty_nls = class com.ibm.ejs.ras.TraceNLS@695efe75
      enabled = true
      servletName = "edu.umkc.mongorestapp.UserServlet"
      className = "edu.umkc.mongorestapp.UserServlet"
      mappings = class java.util.ArrayList@ff148a5
      startUpWeight = -1
      DEFAULT_STARTUP = -1
      isCachingEnabled = true
      isStatisticsEnabled = true
      isInternal = false
      metaData = class com.ibm.ws.webcontainer.osgi.metadata.WebComponentMetaDataImpl@1ef014ae
      singleThreadModelServlet = false
      isJsp = false
      webAppConfig = class com.ibm.ws.webcontainer.osgi.webapp.WebAppConfiguration@58030df4
      servletWrapper = class com.ibm.ws.webcontainer.osgi.servlet.ServletWrapper@4c5f6745
      servletClass = null
      servlet = null
      addedToLoadOnStartup = true
      previousWeight = null
      multipartConfig = null
      multipartConfigBaseLocation = null
      runAsRole = null
      servletSecurityElement = null
      declareRolesAnnotation = null
      logger = class com.ibm.ws.logging.internal.WsLogger@c3875dc
      CLASS_NAME = "com.ibm.ws.webcontainer.servlet.TargetConfig"
      initParams = null
      fileName = null
      displayName = null
      name = "edu.umkc.mongorestapp.UserServlet"
      description = null
      smallIcon = null
      largeIcon = null
      context = class com.ibm.ws.webcontainer31.facade.ServletContextFacade31@4d5c02b3
      className = null
      asyncSupported = false
      _id = "ServletGeneratedId1"
      _attributes = null
      serialVersionUID = 7511545662945734886
      $$$tc$$$ = class com.ibm.websphere.ras.TraceComponent@e3ebef5
    context = class com.ibm.ws.webcontainer31.osgi.webapp.WebApp31@1bed796
    target = class edu.umkc.mongorestapp.UserServlet@7935bfaf
      serialVersionUID = 1
      METHOD_DELETE = "DELETE"
      METHOD_HEAD = "HEAD"
      METHOD_GET = "GET"
      METHOD_OPTIONS = "OPTIONS"
      METHOD_POST = "POST"
      METHOD_PUT = "PUT"
      METHOD_TRACE = "TRACE"
      HEADER_IFMODSINCE = "If-Modified-Since"
      HEADER_LASTMOD = "Last-Modified"
      LSTRING_FILE = "javax.servlet.http.LocalStrings"
      lStrings = class java.util.PropertyResourceBundle@2716875f
      LSTRING_FILE = "javax.servlet.LocalStrings"
      lStrings = class java.util.PropertyResourceBundle@32983fa8
      config = class com.ibm.ws.webcontainer.servlet.ServletConfig@47c69889
    cacheWrappers = null
    targetLoader = class com.ibm.ws.classloading.internal.ThreadContextClassLoader@f793809
    evtSource = class com.ibm.ws.webcontainer.webapp.WebAppEventSource@42798887
    event = class com.ibm.websphere.servlet.event.ServletEvent@1049f038
      serialVersionUID = 3906650803920713522
      _servletName = "edu.umkc.mongorestapp.UserServlet"
      _servletClassName = "edu.umkc.mongorestapp.UserServlet"
      $$$tc$$$ = class com.ibm.websphere.ras.TraceComponent@598b5948
      serialVersionUID = 3546927969739289392
      _context = class com.ibm.ws.webcontainer31.facade.ServletContextFacade31@4d5c02b3
      _servletNames = class com.ibm.ws.webcontainer.util.EmptyEnumeration@5465303f
      $$$tc$$$ = class com.ibm.websphere.ras.TraceComponent@21ac1952
      serialVersionUID = 5516075349620653480
      source = class com.ibm.ws.webcontainer.osgi.servlet.ServletWrapper@4c5f6745
    unavailableMessage = null
    unavailableUntil = -1
    isSTM = false
    internalServlet = false
    webAppInvocationCollaborators = null
    platformHelper = class com.ibm.ws.webcontainer.PlatformHelper@2a28cc5d
    webAppNameSpaceCollab = class com.ibm.ws.webcontainer.osgi.collaborator.WebAppNameSpaceCollaboratorImpl@4c4f303c
    txCollab = class com.ibm.ws.transaction.services.WebAppTransactionCollaboratorImpl@74265798
    connCollab = class com.ibm.ws.webcontainer.collaborator.ConnectionCollaborator@ebc3798
    suppressServletExceptionLogging = false
    throwExceptionEnum = class java.util.RegularEnumSet@520aa847
      serialVersionUID = 3411599620347842686
      elements = 256
      elementType = class java.lang.Class@2ec5ad41
      universe = class com.ibm.wsspi.webcontainer.collaborator.CollaboratorInvocationEnum[9]
      ZERO_LENGTH_ENUM_ARRAY = class java.lang.Enum[0]
      MAX_ARRAY_SIZE = 2147483639
    discernUnavailableServlet = false
    reInitServletonInitUnavailableException = true
    destroyServletonServiceUnavailableException = false
    servlet23 = true
    PARAMS_HEAD_TRACE = class java.lang.Class[2]
      PARAMS_HEAD_TRACE[0] = class java.lang.Class@491016fb
      PARAMS_HEAD_TRACE[1] = class java.lang.Class@355ad7f3
    defaultHeadMethodInUse = false
    defaultTraceMethodInUse = false
    checkedForDefaultMethods = null
    defaultTraceRequestBehavior = false
    defaultHeadRequestBehavior = false
    useOriginalRequestState = false
    warningStatusSet = false
    LSTRING_FILE = "javax.servlet.LocalStrings"
    lStrings = class java.util.PropertyResourceBundle@32983fa8
      lookup = class java.util.HashMap@309d38de
      INITIAL_CACHE_SIZE = 32
      NONEXISTENT_BUNDLE = class java.util.ResourceBundle$1@76558cb9
      cacheList = class java.util.concurrent.ConcurrentHashMap@70ffb9f
      referenceQueue = class java.lang.ref.ReferenceQueue@5e0d7868
      parent = null
      locale = class java.util.Locale@7db858d7
      name = "javax.servlet.LocalStrings"
      expired = false
      cacheKey = class java.util.ResourceBundle$CacheKey@4e9690e7
      keySet = null
      providers = null
      $assertionsDisabled = true
    config = null
  _filtersDefined = true
  logger = class com.ibm.ws.logging.internal.WsLogger@20ba9308
    tc = class com.ibm.websphere.ras.TraceComponent@133d2141
      strings[0] = "TraceComponent[com.ibm.ws.logging.internal.WsLogger,class com.ibm.ws.logging.internal.WsLogger,[logging],com.ibm.ws.logging.internal.resources.LoggingMessages,null]"
    ivCachedResourceBundleName = null
    ivCachedResourceBundle = null
    ivComponent = null
    ivOrganization = null
    ivProduct = null
    ivMinimumLocalizationLevelIntValue = 625
    ivTC = class com.ibm.websphere.ras.TraceComponent@58577d0a
      strings[0] = "TraceComponent[com.ibm.ws.webcontainer.filter,class com.ibm.wsspi.webcontainer.logging.LoggerFactory$1,[com.ibm.ws.webcontainer.filter],null,null]"
    loggerRegistrationComponent = class java.lang.ThreadLocal@3c3e844
      threadLocalHashCode = 723146039
      nextHashCode = class java.util.concurrent.atomic.AtomicInteger@3012d28e
      HASH_INCREMENT = 1640531527
    emptyHandlers = class java.util.logging.Handler[0]
    offValue = 2147483647
    SYSTEM_LOGGER_RB_NAME = "sun.util.logging.resources.logging"
    SYSTEM_BUNDLE = class java.util.logging.Logger$LoggerBundle@77414ad3
      resourceBundleName = "sun.util.logging.resources.logging"
      userBundle = null
    NO_RESOURCE_BUNDLE = class java.util.logging.Logger$LoggerBundle@69f7f6e1
      resourceBundleName = null
      userBundle = null
    manager = class com.ibm.ws.kernel.boot.logging.WsLogManager@75eab253
      CLASS_NAME = "com.ibm.ws.kernel.boot.logging.WsLogManager"
      CONFIGURE_BY_SERVER_PROPERTY_NAME = "java.util.logging.configureByServer"
      CONFIGURE_BY_LOGGING_PROPERTIES_FILE = "java.util.logging.configureByLoggingPropertiesFile"
      configureByServer = true
      configureByLoggingProperties = false
      wsLogger = class java.lang.reflect.Constructor@40aab0fb
      resetEnabled = true
      manager = class com.ibm.ws.kernel.boot.logging.WsLogManager@75eab253
      props = class java.util.Properties@61bb7a55
      defaultLevel = class java.util.logging.Level@2cc37dde
      listenerMap = class java.util.HashMap@6b154656
      systemContext = class java.util.logging.LogManager$SystemLoggerContext@7ead1ea7
      userContext = class java.util.logging.LogManager$LoggerContext@31a759b6
      rootLogger = class java.util.logging.LogManager$RootLogger@b74e405
      readPrimordialConfiguration = true
      initializedGlobalHandlers = true
      deathImminent = false
      initializedCalled = true
      initializationDone = true
      contextsMap = null
      loggerRefQueue = class java.lang.ref.ReferenceQueue@4a1224cb
      MAX_ITERATIONS = 400
      controlPermission = class java.util.logging.LoggingPermission@5c5c4308
      loggingMXBean = null
      LOGGING_MXBEAN_NAME = "java.util.logging:type=Logging"
      $assertionsDisabled = true
    name = "com.ibm.ws.webcontainer.filter"
    handlers = class java.util.concurrent.CopyOnWriteArrayList@4b988b6f
      serialVersionUID = 8673264195747942595
      lock = class java.util.concurrent.locks.ReentrantLock@ffdc77a
      array = class java.lang.Object[0]
      UNSAFE = class sun.misc.Unsafe@672f0572
      lockOffset = 12
    loggerBundle = class java.util.logging.Logger$LoggerBundle@36f2471d
      resourceBundleName = "com.ibm.ws.webcontainer.resources.Messages"
      userBundle = null
    useParentHandlers = true
    filter = null
    anonymous = false
    catalog = class com.ibm.ws.webcontainer.resources.Messages_en@6064ffdc
      resources = class [Ljava.lang.Object;[0]
      lookup = null
      INITIAL_CACHE_SIZE = 32
      NONEXISTENT_BUNDLE = class java.util.ResourceBundle$1@76558cb9
      cacheList = class java.util.concurrent.ConcurrentHashMap@70ffb9f
      referenceQueue = class java.lang.ref.ReferenceQueue@5e0d7868
      parent = class com.ibm.ws.webcontainer.resources.Messages@59acd401
      locale = class java.util.Locale@532a425d
      name = "com.ibm.ws.webcontainer.resources.Messages"
      expired = false
      cacheKey = class java.util.ResourceBundle$CacheKey@2347667b
      keySet = null
      providers = null
      $assertionsDisabled = true
    catalogName = "com.ibm.ws.webcontainer.resources.Messages"
    catalogLocale = class java.util.Locale@40bcb1a9
      LOCALECACHE = class java.util.Locale$Cache@61f679dd
      ENGLISH = class java.util.Locale@532a425d
      FRENCH = class java.util.Locale@311620cc
      GERMAN = class java.util.Locale@7ea7b1a5
      ITALIAN = class java.util.Locale@2c4d173d
      JAPANESE = class java.util.Locale@2d749043
      KOREAN = class java.util.Locale@2de4d561
      CHINESE = class java.util.Locale@6e8d63e1
      SIMPLIFIED_CHINESE = class java.util.Locale@2abd65f2
      TRADITIONAL_CHINESE = class java.util.Locale@23420e6e
      FRANCE = class java.util.Locale@280688ba
      GERMANY = class java.util.Locale@2d916430
      ITALY = class java.util.Locale@6c421685
      JAPAN = class java.util.Locale@5fc0441d
      KOREA = class java.util.Locale@431f5407
      CHINA = class java.util.Locale@2abd65f2
      PRC = class java.util.Locale@2abd65f2
      TAIWAN = class java.util.Locale@23420e6e
      UK = class java.util.Locale@658918b0
      US = class java.util.Locale@40bcb1a9
      CANADA = class java.util.Locale@1983ccba
      CANADA_FRENCH = class java.util.Locale@443e833b
      ROOT = class java.util.Locale@7db858d7
      PRIVATE_USE_EXTENSION = x
      UNICODE_LOCALE_EXTENSION = u
      serialVersionUID = 9149081749638150636
      DISPLAY_LANGUAGE = 0
      DISPLAY_COUNTRY = 1
      DISPLAY_VARIANT = 2
      DISPLAY_SCRIPT = 3
      baseLocale = class sun.util.locale.BaseLocale@50598348
      localeExtensions = null
      hashCodeValue = 96636889
      defaultLocale = class java.util.Locale@40bcb1a9
      defaultDisplayLocale = null
      defaultFormatLocale = class java.util.Locale@40bcb1a9
      languageTag = "en-US"
      serialPersistentFields = class java.io.ObjectStreamField[6]
      isoLanguages = null
      isoCountries = null
      $assertionsDisabled = true
    treeLock = class java.lang.Object@4ff08922
    parent = class com.ibm.ws.logging.internal.WsLogger@6b9ef56e
      tc = class com.ibm.websphere.ras.TraceComponent@133d2141
      ivCachedResourceBundleName = "com.ibm.ws.webcontainer.resources.Messages"
      ivCachedResourceBundle = class com.ibm.ws.webcontainer.resources.Messages_en@4262fe35
      ivComponent = null
      ivOrganization = null
      ivProduct = null
      ivMinimumLocalizationLevelIntValue = 625
      ivTC = class com.ibm.websphere.ras.TraceComponent@1b5db82a
      loggerRegistrationComponent = class java.lang.ThreadLocal@3c3e844
      emptyHandlers = class java.util.logging.Handler[0]
      offValue = 2147483647
      SYSTEM_LOGGER_RB_NAME = "sun.util.logging.resources.logging"
      SYSTEM_BUNDLE = class java.util.logging.Logger$LoggerBundle@77414ad3
      NO_RESOURCE_BUNDLE = class java.util.logging.Logger$LoggerBundle@69f7f6e1
      manager = class com.ibm.ws.kernel.boot.logging.WsLogManager@75eab253
      name = "com.ibm.ws.webcontainer"
      handlers = class java.util.concurrent.CopyOnWriteArrayList@71b47574
      loggerBundle = class java.util.logging.Logger$LoggerBundle@12e80846
      useParentHandlers = true
      filter = null
      anonymous = false
      catalog = class com.ibm.ws.webcontainer.resources.Messages_en@4262fe35
      catalogName = "com.ibm.ws.webcontainer.resources.Messages"
      catalogLocale = class java.util.Locale@40bcb1a9
      treeLock = class java.lang.Object@4ff08922
      parent = class java.util.logging.Logger@7834255f
      kids = class java.util.ArrayList@568f4cb9
      levelObject = class java.util.logging.Level@2cc37dde
      levelValue = 800
      callersClassLoaderRef = class java.lang.ref.WeakReference@4c28cc9
      isSystemLogger = false
      GLOBAL_LOGGER_NAME = "global"
      global = class java.util.logging.Logger@5d75c89e
      $assertionsDisabled = true
    kids = null
    levelObject = class java.util.logging.Level@2cc37dde
      defaultBundle = "sun.util.logging.resources.logging"
      name = "INFO"
      value = 800
      resourceBundleName = "sun.util.logging.resources.logging"
      localizedLevelName = "INFO"
      cachedLocale = class java.util.Locale@40bcb1a9
      OFF = class java.util.logging.Level@525cae98
      SEVERE = class java.util.logging.Level@f51c17d
      WARNING = class java.util.logging.Level@794657e
      INFO = class java.util.logging.Level@2cc37dde
      CONFIG = class java.util.logging.Level@2c4e4794
      FINE = class java.util.logging.Level@1bd104eb
      FINER = class java.util.logging.Level@1a0a64c5
      FINEST = class java.util.logging.Level@3e114d6f
      ALL = class java.util.logging.Level@603dcfde
      serialVersionUID = -8176160795706313070
    levelValue = 800
    callersClassLoaderRef = class java.lang.ref.WeakReference@957a016
      referent = class org.eclipse.osgi.internal.loader.EquinoxClassLoader@2c92d620
      queue = class java.lang.ref.ReferenceQueue$Null@6654965d
      next = null
      discovered = null
      lock = class java.lang.ref.Reference$Lock@65872e13
      pending = null
    isSystemLogger = false
    GLOBAL_LOGGER_NAME = "global"
    global = class java.util.logging.Logger@5d75c89e
      emptyHandlers = class java.util.logging.Handler[0]
      offValue = 2147483647
      SYSTEM_LOGGER_RB_NAME = "sun.util.logging.resources.logging"
      SYSTEM_BUNDLE = class java.util.logging.Logger$LoggerBundle@77414ad3
      NO_RESOURCE_BUNDLE = class java.util.logging.Logger$LoggerBundle@69f7f6e1
      manager = class com.ibm.ws.kernel.boot.logging.WsLogManager@75eab253
      name = "global"
      handlers = class java.util.concurrent.CopyOnWriteArrayList@5b71e72d
      loggerBundle = class java.util.logging.Logger$LoggerBundle@69f7f6e1
      useParentHandlers = true
      filter = null
      anonymous = false
      catalog = null
      catalogName = null
      catalogLocale = null
      treeLock = class java.lang.Object@4ff08922
      parent = class java.util.logging.LogManager$RootLogger@b74e405
      kids = null
      levelObject = null
      levelValue = 800
      callersClassLoaderRef = null
      isSystemLogger = true
      GLOBAL_LOGGER_NAME = "global"
      global = class java.util.logging.Logger@5d75c89e
      $assertionsDisabled = true
    $assertionsDisabled = true
  CLASS_NAME = "com.ibm.ws.webcontainer.filter.WebAppFilterChain"
  webapp = class com.ibm.ws.webcontainer31.osgi.webapp.WebApp31@1bed796
    tc = class com.ibm.websphere.ras.TraceComponent@64a38d06
      strings[0] = "TraceComponent[com.ibm.ws.webcontainer31.osgi.webapp.WebApp31,class com.ibm.ws.webcontainer31.osgi.webapp.WebApp31,[webcontainer],com.ibm.ws.webcontainer31.resources.Messages,null]"
    CLASS_NAME = "com.ibm.ws.webcontainer31.osgi.webapp.WebApp31"
    servlet31NLS = class com.ibm.ejs.ras.TraceNLS@cc8e9b9
      resolver = class com.ibm.ws.logging.internal.TraceNLSResolver@31399dd4
      finder = class com.ibm.ws.logging.internal.StackFinder@1d7b1f1f
      ivBundleName = "com.ibm.ws.webcontainer31.resources.Messages"
      caller = class java.lang.Class@33b2c30e
    validListenerClasses = class java.lang.Class[7]
      validListenerClasses[0] = class java.lang.Class@27003b9b
      validListenerClasses[1] = class java.lang.Class@73ae7417
      validListenerClasses[2] = class java.lang.Class@3b30aa8
      validListenerClasses[3] = class java.lang.Class@4969fe25
      validListenerClasses[4] = class java.lang.Class@6f93d870
      validListenerClasses[5] = class java.lang.Class@6f9d0759
      validListenerClasses[6] = class java.lang.Class@6af40c8f
    wsocServHandler = class com.ibm.ws.wsoc.external.WsocHandlerImpl@1294ab8e
      tc = class com.ibm.websphere.ras.TraceComponent@3b6c84fe
      noMoreAddsCalled = true
      serialVersionUID = -2067291126638824067
    tc = class com.ibm.websphere.ras.TraceComponent@28bfd37a
      strings[0] = "TraceComponent[com.ibm.ws.webcontainer.osgi.webapp.WebApp,class com.ibm.ws.webcontainer.osgi.webapp.WebApp,[webcontainer],com.ibm.ws.webcontainer.resources.LShimMessages,null]"
    CLASS_NAME = "com.ibm.ws.webcontainer.osgi.webapp.WebApp"
    metaDataService = class com.ibm.ws.container.service.metadata.internal.MetaDataServiceImpl@4c951358
      applicationMetaDataManager = class com.ibm.ws.container.service.metadata.internal.ApplicationMetaDataManager@37c527da
      moduleMetaDataManager = class com.ibm.ws.container.service.metadata.internal.ModuleMetaDataManager@73c86eae
      componentMetaDataManager = class com.ibm.ws.container.service.metadata.internal.ComponentMetaDataManager@5d625eac
      methodMetaDataManager = class com.ibm.ws.container.service.metadata.internal.MethodMetaDataManager@723c7eda
      appModuleNameToModuleContainer = class java.util.concurrent.ConcurrentHashMap@6c596cb0
      jeeNameToComponentMetaData = class java.util.concurrent.ConcurrentHashMap@5cd4c28b
      deferredMetaDataFactories = class com.ibm.wsspi.kernel.service.utils.ConcurrentServiceReferenceSet@138c6083
      deferredMetaDataInitializers = class com.ibm.wsspi.kernel.service.utils.ConcurrentServiceReferenceMap@2571686
      serialVersionUID = -8170959944924351750
      $$$tc$$$ = class com.ibm.websphere.ras.TraceComponent@382106d9
    namespacePopulated = false
    referenceContext = class com.ibm.ws.injectionengine.osgi.internal.OSGiReferenceContextImpl@1326bb4f
      scopeData = class com.ibm.ws.injectionengine.osgi.internal.OSGiInjectionScopeData@4fd1de0a
      serialVersionUID = 521511923892134915
      $$$tc$$$ = class com.ibm.websphere.ras.TraceComponent@399de0c6
      CLASS_NAME = "com.ibm.ws.injectionengine.ReferenceContextImpl"
      tc = class com.ibm.ejs.ras.TraceComponent@3a9aa0ac
      ivInjectionEngine = class com.ibm.ws.injectionengine.osgi.internal.OSGiInjectionEngineImpl@3c2dcf01
      ivProviders = class java.util.ArrayList@5671f6b7
      ivComponentJavaContext = null
      ivComponentNameSpace = null
      ivJavaColonCompEnvMap = class java.util.LinkedHashMap@7b7a4d19
      ivEjbContext10 = class java.util.Properties@63b58d9d
      ivResourceRefConfigList = null
      isAlreadyProcessed = true
      ivProcessFailure = null
      ivInjectionTargetMap = class java.util.HashMap@435f44d
      ivDeclaredInjectionTargets = class java.util.HashMap@5da86e32
      ivProcessedInjectionClasses = class java.util.HashSet@7413e21b
      ivProcessedInjectionBindings = class java.util.LinkedHashSet@3b855061
      ivAnyProcessDynamic = true
      ivCheckAppConfig = false
    j2eeNameFactory = class com.ibm.ws.container.service.metadata.internal.J2EENameFactoryImpl@28ad2feb
      serialVersionUID = 3486344295038028821
      $$$tc$$$ = class com.ibm.websphere.ras.TraceComponent@17928ba7
    moduleLoader = class com.ibm.ws.classloading.internal.AppClassLoader@4bab4a3f
      tc = class com.ibm.websphere.ras.TraceComponent@2f9d9c60
      PARENT_FIRST_SEARCH_ORDER = class java.util.Collections$UnmodifiableRandomAccessList@25ccd690
      CLASS_LOADING_TRACE_PREFIX = "com.ibm.ws.class.load."
      DEFAULT_PACKAGE = "default.package"
      perPackageClassLoadingTraceComponents = class java.util.concurrent.ConcurrentHashMap@1929f042
      config = class com.ibm.ws.classloading.internal.ClassLoaderConfigurationImpl@bd65a35
      privateLibraries = null
      delegateLoaders = class com.ibm.ws.classloading.internal.util.CompositeIterable@2d0760d4
      nativeLibraryFiles = class java.util.ArrayList@6b485db0
      transformers = class java.util.ArrayList@3db50b7b
      apiAccess = class com.ibm.ws.classloading.internal.GatewayClassLoader@38cc061
      generator = class com.ibm.ws.classloading.internal.ClassGeneratorManager@617b61bd
      serialVersionUID = -8755588715217099101
      tc = class com.ibm.websphere.ras.TraceComponent@61ada8e0
      EMPTY_URL_ARRAY = class java.net.URL[0]
      smartClassPath = class com.ibm.ws.classloading.internal.ContainerClassLoader$SmartClassPathImpl@40be90a
      nativeLibraryContainers = class java.util.ArrayList@129c289f
      redefiner = class com.ibm.ws.classloading.internal.util.ClassRedefiner@7fae7f41
      mapCreationQueue = class java.util.concurrent.Executors$FinalizableDelegatedExecutorService@4916e483
      serialVersionUID = 1420723314841411509
      serialVersionUID = -7411549862368381758
      $$$tc$$$ = class com.ibm.websphere.ras.TraceComponent@fa4145c
      serialVersionUID = -4868702105808481416
      $$$tc$$$ = class com.ibm.websphere.ras.TraceComponent@40379e0d
      serialVersionUID = 2596921220292114344
      $$$tc$$$ = class com.ibm.websphere.ras.TraceComponent@2b56306
      initialized = true
      pdcache = class java.util.HashMap@3b9042a1
      debug = null
      parent = class com.ibm.ws.classloading.internal.GatewayClassLoader@38cc061
      parallelLockMap = null
      package2certs = class java.util.Hashtable@2e6b787b
      nocerts = class java.security.cert.Certificate[0]
      classes = class java.util.Vector@75738705
      defaultDomain = class java.security.ProtectionDomain@6d881e4
      domains = class java.util.HashSet@3fe44ed4
      packages = class java.util.HashMap@4a3951f3
      scl = class sun.misc.Launcher$AppClassLoader@14dad5dc
      sclSet = true
      loadedLibraryNames = class java.util.Vector@6b12a250
      systemNativeLibraries = class java.util.Vector@74a65a72
      nativeLibraries = class java.util.Vector@239bac1e
      nativeLibraryContext = class java.util.Stack@328bee97
      usr_paths = class java.lang.String[6]
      sys_paths = class java.lang.String[1]
      assertionLock = class com.ibm.ws.classloading.internal.AppClassLoader@4bab4a3f
      defaultAssertionStatus = false
      packageAssertionStatus = null
      classAssertionStatus = null
    webAppConfig = class com.ibm.ws.webcontainer.osgi.webapp.WebAppConfiguration@58030df4
      webModuleMetaData = class com.ibm.ws.webcontainer.osgi.metadata.WebModuleMetaDataImpl@2e3cc325
      webComponentMetaData = class com.ibm.ws.webcontainer.osgi.metadata.WebComponentMetaDataImpl@41256db0
      dVirtualHost = class com.ibm.ws.webcontainer.osgi.DynamicVirtualHost@278a960e
      orderedLibPaths = class java.util.Collections$UnmodifiableRandomAccessList@df0d254
      bundleHeaders = null
      cdiEnabled = false
      CLASS_NAME = "com.ibm.ws.webcontainer.webapp.WebAppConfiguration"
      logger = class com.ibm.ws.logging.internal.WsLogger@6789ab62
      tc = class com.ibm.websphere.ras.TraceComponent@6a33eb78
      nls = class com.ibm.ejs.ras.TraceNLS@18f1c1d3
      version = 30
      contextRoot = "/MongoRestApp"
      sessionTimeout = 0
      moduleSessionTimeoutSet = false
      moduleSessionTrackingModeSet = false
      sessionCookieConfig = class com.ibm.ws.session.SessionCookieConfigImpl@378c83ca
      hasProgrammaticCookieConfig = false
      sessionDefaultTrackingModeSet = class java.util.RegularEnumSet@3e9f2704
      sessionManagerConfig = class com.ibm.ws.session.SessionManagerConfig@15da97bd
      displayName = "MongoRestApp"
      description = null
      reloadInterval = 0
      distributable = false
      denyUncoveredHttpMethods = false
      reloadingEnabled = false
      serveServletsByClassnameEnabled = false
      defaultErrorPage = null
      additionalClassPath = null
      fileServingEnabled = null
      directoryBrowsingEnabled = false
      autoRequestEncoding = false
      autoResponseEncoding = false
      autoLoadFilters = false
      requestListeners = null
      requestAttributeListeners = null
      sessionListeners = null
      localeMap = null
      moduleName = "MongoRestApp"
      j2eeModuleName = "MongoRestApp.war"
      moduleId = null
      isSyncToThreadEnabled = false
      isSystemApp = false
      ardEnabled = false
      ardDispatchType = null
      listeners = class java.util.ArrayList@516db28f
      welcomeFileList = class java.util.ArrayList@1a8ace04
      servletMappings = class java.util.HashMap@494b8c4c
      lastIndexBeforeDeclaredFilters = 0
      filterMappings = class java.util.ArrayList@eab2566
      servletInfo = class java.util.HashMap@32ee17f6
      filterInfo = class java.util.HashMap@7e581541
      mimeMappings = class java.util.HashMap@6b64cf2a
      mimeFilters = null
      isMimeFilteringEnabled = false
      theWebGroup = null
      jspAttributes = class java.util.HashMap@3cb34735
      fileServingAttributes = class java.util.HashMap@7e20a6f2
      invokerAttributes = class java.util.HashMap@40ec466a
      contextParams = class java.util.HashMap@d3cccc2
      virtualHost = "default_host"
      exceptionErrorPages = class java.util.HashMap@2b90b8bf
      codeErrorPages = class java.util.HashMap@50fc8c09
      tagLibList = null
      precompileJsps = false
      webApp = class com.ibm.ws.webcontainer31.osgi.webapp.WebApp31@1bed796
      virtualHostList = class java.util.Collections$EmptyList@57f78d06
      appStartupWeight = 0
      moduleStartupWeight = 0
      metaDataComplete = false
      classesToScan = class java.util.ArrayList@72015f6a
      uriFilterMappingInfos = class java.util.ArrayList@1930c734
      servletFilterMappingInfos = null
      dynamicServletRegistrationMap = null
      applicationName = "MongoRestApp"
      libBinPathList = class java.util.ArrayList@374bc1ed
      webXmlDefinedListeners = class java.util.HashSet@3e38fc9
      allRefs = class java.util.EnumMap@7be16ad0
      allRefBindings = class java.util.EnumMap@64f70bff
      envEntryValues = class java.util.HashMap@d5aea25
      resourceRefConfigList = null
      disallowAllFileServingProp = "false"
      disallowServeServletsByClassnameProp = "true"
      disableStaticMappingCache = false
      jspCachedLocations = class java.util.HashMap@1258a180
      _id = "WebAppGeneratedId12"
      _attributes = null
      serialVersionUID = 7511545662945734886
      $$$tc$$$ = class com.ibm.websphere.ras.TraceComponent@e3ebef5
    extensionProcessingDisabled = false
    internalServletMetaData = interface com.ibm.wsspi.webcontainer.metadata.WebComponentMetaData[2]
      internalServletMetaData[0] = null
      internalServletMetaData[1] = null
    loginProcessor = null
    logoutProcessor = null
    collabHelper = class com.ibm.ws.webcontainer.osgi.collaborator.CollaboratorHelperImpl@3a8fc650
      webAppInvCollabs = class java.util.Collections$UnmodifiableSet@5aebcd00
      securityDomainForApp = null
      logger = class com.ibm.ws.logging.internal.WsLogger@5002f80e
      staticDefaultSecurityCollaborator = class com.ibm.ws.webcontainer.collaborator.WebAppSecurityCollaborator@4f1973e9
      logger = class com.ibm.ws.logging.internal.WsLogger@2f7acecb
      CLASS_NAME = "com.ibm.wsspi.webcontainer.collaborator.CollaboratorHelper"
      webApp = class com.ibm.ws.webcontainer31.osgi.webapp.WebApp31@1bed796
      securityCollaborator = class com.ibm.ws.webcontainer.security.WebAppSecurityCollaboratorImpl@687f81a2
      nameSpaceCollaborator = class com.ibm.ws.webcontainer.osgi.collaborator.WebAppNameSpaceCollaboratorImpl@4c4f303c
      transactionCollaborator = class com.ibm.ws.transaction.services.WebAppTransactionCollaboratorImpl@74265798
      connectionCollaborator = class com.ibm.ws.webcontainer.collaborator.ConnectionCollaborator@ebc3798
      allCollabEnum = class java.util.RegularEnumSet@6cfd217f
      servlet_23_or_greater = true
      DEFER_SERVLET_REQUEST_LISTENER_DESTROY_ON_ERROR = false
    envObject = class com.ibm.ws.util.WSThreadLocal@72662219
      tc = class com.ibm.ejs.ras.TraceComponent@508022b3
      count = 7
      index = 4
      SUSPECTED_MISUSAGE_THRESHOLD = 200
      threadLocalHashCode = 1074300286
      nextHashCode = class java.util.concurrent.atomic.AtomicInteger@3012d28e
      HASH_INCREMENT = 1640531527
    orderedLibPaths = class java.util.Collections$UnmodifiableRandomAccessList@df0d254
      serialVersionUID = -2542308836966382001
      serialVersionUID = -283967356065247728
      list = class java.util.ArrayList@232664d
      serialVersionUID = 1820017752578914078
      c = class java.util.ArrayList@232664d
    perm = class com.ibm.websphere.security.WebSphereRuntimePermission@1e96fde9
      serialVersionUID = -3306242789188168337
      $$$tc$$$ = class com.ibm.websphere.ras.TraceComponent@6b297d25
      serialVersionUID = 6279438298436773498
      wildcard = false
      path = "accessServletContext"
      exitVM = false
      serialVersionUID = -5636570222231596674
      name = "accessServletContext"
    WELCOME_FILE_LIST = "com.ibm.ws.webcontainer.config.WelcomeFileList"
    DIR_BROWSING_MAPPING = "__dirBrowsing__1445095394428"
    FILTER_PROXY_MAPPING = "/__filterProxy__1445095394428"
    logger = class com.ibm.ws.logging.internal.WsLogger@6789ab62
      tc = class com.ibm.websphere.ras.TraceComponent@133d2141
      ivCachedResourceBundleName = null
      ivCachedResourceBundle = null
      ivComponent = null
      ivOrganization = null
      ivProduct = null
      ivMinimumLocalizationLevelIntValue = 625
      ivTC = class com.ibm.websphere.ras.TraceComponent@3886cbdf
      loggerRegistrationComponent = class java.lang.ThreadLocal@3c3e844
      emptyHandlers = class java.util.logging.Handler[0]
      offValue = 2147483647
      SYSTEM_LOGGER_RB_NAME = "sun.util.logging.resources.logging"
      SYSTEM_BUNDLE = class java.util.logging.Logger$LoggerBundle@77414ad3
      NO_RESOURCE_BUNDLE = class java.util.logging.Logger$LoggerBundle@69f7f6e1
      manager = class com.ibm.ws.kernel.boot.logging.WsLogManager@75eab253
      name = "com.ibm.ws.webcontainer.webapp"
      handlers = class java.util.concurrent.CopyOnWriteArrayList@a359fb9
      loggerBundle = class java.util.logging.Logger$LoggerBundle@38028f20
      useParentHandlers = true
      filter = null
      anonymous = false
      catalog = class com.ibm.ws.webcontainer.resources.Messages_en@4262fe35
      catalogName = "com.ibm.ws.webcontainer.resources.Messages"
      catalogLocale = class java.util.Locale@40bcb1a9
      treeLock = class java.lang.Object@4ff08922
      parent = class com.ibm.ws.logging.internal.WsLogger@6b9ef56e
      kids = null
      levelObject = class java.util.logging.Level@2cc37dde
      levelValue = 800
      callersClassLoaderRef = class java.lang.ref.WeakReference@3578a5a2
      isSystemLogger = false
      GLOBAL_LOGGER_NAME = "global"
      global = class java.util.logging.Logger@5d75c89e
      $assertionsDisabled = true
    CLASS_NAME = "com.ibm.ws.webcontainer.webapp.WebApp"
    loader = class com.ibm.ws.classloading.internal.ThreadContextClassLoader@f793809
      tc = class com.ibm.websphere.ras.TraceComponent@193fb052
      bundle = class java.util.concurrent.atomic.AtomicReference@e7e790b
      key = "WebModule:MongoRestApp#MongoRestApp.war"
      refCount = class java.util.concurrent.atomic.AtomicInteger@659651e5
      appLoader = class com.ibm.ws.classloading.internal.AppClassLoader@4bab4a3f
      serialVersionUID = 7093379526360135425
      followOnClassLoaders = class java.util.ArrayList@7481036e
      serialVersionUID = -5107316606107305512
      $$$tc$$$ = class com.ibm.websphere.ras.TraceComponent@59d0cf8e
      serialVersionUID = -4868702105808481416
      $$$tc$$$ = class com.ibm.websphere.ras.TraceComponent@40379e0d
      serialVersionUID = 2596921220292114344
      $$$tc$$$ = class com.ibm.websphere.ras.TraceComponent@2b56306
      initialized = true
      pdcache = class java.util.HashMap@2e848e62
      debug = null
      parent = class com.ibm.ws.classloading.internal.GatewayClassLoader@56d5c84f
      parallelLockMap = null
      package2certs = class java.util.Hashtable@534f0c98
      nocerts = class java.security.cert.Certificate[0]
      classes = class java.util.Vector@481766d
      defaultDomain = class java.security.ProtectionDomain@78679fe0
      domains = class java.util.HashSet@721af910
      packages = class java.util.HashMap@599a0007
      scl = class sun.misc.Launcher$AppClassLoader@14dad5dc
      sclSet = true
      loadedLibraryNames = class java.util.Vector@6b12a250
      systemNativeLibraries = class java.util.Vector@74a65a72
      nativeLibraries = class java.util.Vector@56a72747
      nativeLibraryContext = class java.util.Stack@328bee97
      usr_paths = class java.lang.String[6]
      sys_paths = class java.lang.String[1]
      assertionLock = class com.ibm.ws.classloading.internal.ThreadContextClassLoader@f793809
      defaultAssertionStatus = false
      packageAssertionStatus = null
      classAssertionStatus = null
    facade = class com.ibm.ws.webcontainer31.facade.ServletContextFacade31@4d5c02b3
      context = class com.ibm.ws.webcontainer31.osgi.webapp.WebApp31@1bed796
    features = class java.util.ArrayList@2b8c712a
      serialVersionUID = 8683452581122892189
      DEFAULT_CAPACITY = 10
      EMPTY_ELEMENTDATA = class java.lang.Object[0]
      DEFAULTCAPACITY_EMPTY_ELEMENTDATA = class java.lang.Object[0]
      elementData = class java.lang.Object[0]
      size = 0
      MAX_ARRAY_SIZE = 2147483639
      modCount = 0
      MAX_ARRAY_SIZE = 2147483639
    applicationName = "MongoRestApp"
    config = class com.ibm.ws.webcontainer.osgi.webapp.WebAppConfiguration@58030df4
    securityEnabledForApp = true
    webExtensionProcessor = class com.ibm.ws.webcontainer.osgi.extension.WebExtensionProcessor@6f758f4d
      webApp = class com.ibm.ws.webcontainer31.osgi.webapp.WebApp31@1bed796
      extensionContext = class com.ibm.ws.webcontainer31.osgi.webapp.WebApp31@1bed796
    production = true
    isServlet23 = true
    contextPath = "/MongoRestApp"
    internalServletList = class [Ljava.lang.String;[2]
      internalServletList[0] = class java.lang.String[2]
      internalServletList[1] = class java.lang.String[2]
    BY_NAME_ONLY = "/_1445114785373_/"
    filterManager = class com.ibm.ws.webcontainer.osgi.filter.WebAppFilterManagerImpl@49f84d2f
      _filterWrappers = class java.util.Hashtable@4404746e
      chainCache = class java.util.Collections$SynchronizedMap@5acf4d24
      forwardChainCache = class java.util.Collections$SynchronizedMap@6a7e2579
      includeChainCache = class java.util.Collections$SynchronizedMap@6e3096b
      errorChainCache = class java.util.Collections$SynchronizedMap@6123aadd
      _filtersDefined = true
      FMI_MAPPING_SINGLE_SLASH = 0
      FMI_MAPPING_PATH_MATCH = 1
      FMI_MAPPING_EXTENSION_MATCH = 2
      FMI_MAPPING_EXACT_MATCH = 3
      logger = class com.ibm.ws.logging.internal.WsLogger@20ba9308
      CLASS_NAME = "com.ibm.ws.webcontainer.filter.WebAppFilterManager"
      nls = class com.ibm.ejs.ras.TraceNLS@95dfb2d
      webAppConfig = class com.ibm.ws.webcontainer.osgi.webapp.WebAppConfiguration@58030df4
      webApp = class com.ibm.ws.webcontainer31.osgi.webapp.WebApp31@1bed796
      collabHelper = class com.ibm.ws.webcontainer.osgi.collaborator.CollaboratorHelperImpl@3a8fc650
      webAppNameSpaceCollab = class com.ibm.ws.webcontainer.osgi.collaborator.WebAppNameSpaceCollaboratorImpl@4c4f303c
      secCollab = class com.ibm.ws.webcontainer.security.WebAppSecurityCollaboratorImpl@687f81a2
      sessionSecurityIntegrationEnabled = true
      assumeFilterSuccessOnSecurityError = false
      useOriginalRequestState = false
      _evtSource = class com.ibm.ws.webcontainer.webapp.WebAppEventSource@42798887
      defaultComponentMetaData = class com.ibm.ws.webcontainer.osgi.metadata.WebComponentMetaDataImpl@41256db0
      DEFER_SERVLET_REQUEST_LISTENER_DESTROY_ON_ERROR = false
    documentRoot = null
    SERVLET_API_VERSION = "Servlet 2.5"
    disableServletAuditLogging = -1
    serverInfo = "IBM WebSphere Liberty/8.5.5.7"
    sessionCtx = class com.ibm.ws.webcontainer31.session.impl.HttpSessionContext31Impl@1b5701b
      methodClassName = "HttpSessionContextImpl"
      _smc = class com.ibm.ws.session.SessionManagerConfig@15da97bd
      sessionStoreService = null
      _sap = class com.ibm.ws.session.SessionApplicationParameters@64db4383
      _coreHttpSessionManager = class com.ibm.ws.session.SessionManager@265a8a17
      _coreHttpAppSessionManager = null
      _sam = class com.ibm.ws.webcontainer.session.impl.SessionAffinityManagerImpl@374b909f
      isSIPApplication = false
      sessionAttributeListener = false
      sessionListener = true
      mHttpSessionAttributeListeners = class java.util.ArrayList@76ed9eb4
      mHttpSessionListeners = class java.util.ArrayList@48940cb1
      mHttpSessionIdListeners = class java.util.ArrayList@3aec2d86
      mHttpSessionAttributeListenersJ2eeNames = class java.util.ArrayList@51c89d2c
      mHttpSessionListenersJ2eeNames = class java.util.ArrayList@4bcab19f
      mHttpSessionIdListenersJ2eeNames = class java.util.ArrayList@2353cdd3
      mLocalHost = null
      _refCount = 1
      currentThreadSacHashtable = null
      methodClassName = "SessionContext"
      ANONYMOUS_USER = "anonymous"
      wasHttpSessionObserver = class com.ibm.ws.session.WasHttpSessionObserver@78085422
      wasHttpSessionAttributeObserver = null
      _invalidator = class com.ibm.ws.session.SessionInvalidatorWithThreadPool@6d3c97f2
      _storer = class com.ibm.ws.session.EOSSessionStorer@73648583
      wasHttpAppSessionObserver = null
      mHttpAppSessionListeners = null
      cmvcInfo = "CMVC Version 1.9 6/24/07 11:12:24"
      _loggedVersion = true
      CREATE_CORE_SESSION_MANAGER = 0
      GET_REQUESTED_SESSION_ID = 1
      GET_IHTTP_SESSION = 2
      SESSION_PRE_INVOKE = 3
      SESSION_POST_INVOKE = 4
      STOP = 5
      STOP_LISTENERS = 6
      IS_VALID = 7
      ENCODE_URL = 8
      SHOULD_ENCODE_URL = 9
      IS_PROTOCOL_SWITCH = 10
      GET_LOCAL_HOST = 11
      ADD_HTTP_SESSION_ATTRIBUTE_LISTENER = 12
      ADD_HTTP_SESSION_LISTENER = 13
      GET_SESSION_AFFINITY_CONTEXT = 14
      CHECK_SECURITY = 15
      INVALIDATE = 16
      CHECK_SESSSIONID_IS_RIGHT_LENGTH = 17
      LOCK_SESSION = 18
      UNLOCK_SESSION = 19
      ADD_HTTP_SESSION_ID_LISTENER = 20
      methodNames = class java.lang.String[21]
    eventSource = class com.ibm.ws.webcontainer.webapp.WebAppEventSource@42798887
      _invocationListeners = class com.ibm.ws.webcontainer.util.EventListeners@3eeba9ae
      _servletListeners = class com.ibm.ws.webcontainer.util.EventListeners@64ba7794
      _errorListeners = class com.ibm.ws.webcontainer.util.EventListeners@33399e22
      _applicationListeners = class com.ibm.ws.webcontainer.util.EventListeners@2ecc86c2
      _filterInvocationListeners = class com.ibm.ws.webcontainer.util.EventListeners@4d89ec6c
      _filterListeners = class com.ibm.ws.webcontainer.util.EventListeners@7ab8349e
      _filterErrorListeners = class com.ibm.ws.webcontainer.util.EventListeners@58f7d65
    nls = class com.ibm.ejs.ras.TraceNLS@7893d76d
      resolver = class com.ibm.ws.logging.internal.TraceNLSResolver@31399dd4
      finder = class com.ibm.ws.logging.internal.StackFinder@1d7b1f1f
      ivBundleName = "com.ibm.ws.webcontainer.resources.Messages"
      caller = class java.lang.Class@67b76e1
    liberty_nls = class com.ibm.ejs.ras.TraceNLS@67fdf997
      resolver = class com.ibm.ws.logging.internal.TraceNLSResolver@31399dd4
      finder = class com.ibm.ws.logging.internal.StackFinder@1d7b1f1f
      ivBundleName = "com.ibm.ws.webcontainer.resources.LShimMessages"
      caller = class java.lang.Class@67b76e1
    error_nls = class com.ibm.ejs.ras.TraceNLS@3620d7c1
      resolver = class com.ibm.ws.logging.internal.TraceNLSResolver@31399dd4
      finder = class com.ibm.ws.logging.internal.StackFinder@1d7b1f1f
      ivBundleName = "com.ibm.ws.webcontainer.resources.ErrorPage"
      caller = class java.lang.Class@67b76e1
    sessionListeners = class java.util.ArrayList@4271b2f7
      serialVersionUID = 8683452581122892189
      DEFAULT_CAPACITY = 10
      EMPTY_ELEMENTDATA = class java.lang.Object[0]
      DEFAULTCAPACITY_EMPTY_ELEMENTDATA = class java.lang.Object[0]
      elementData = class java.lang.Object[10]
      size = 1
      MAX_ARRAY_SIZE = 2147483639
      modCount = 2
      MAX_ARRAY_SIZE = 2147483639
    sessionIdListeners = class java.util.ArrayList@49eb0ea3
      serialVersionUID = 8683452581122892189
      DEFAULT_CAPACITY = 10
      EMPTY_ELEMENTDATA = class java.lang.Object[0]
      DEFAULTCAPACITY_EMPTY_ELEMENTDATA = class java.lang.Object[0]
      elementData = class java.lang.Object[0]
      size = 0
      MAX_ARRAY_SIZE = 2147483639
      modCount = 0
      MAX_ARRAY_SIZE = 2147483639
    sessionAttrListeners = class java.util.ArrayList@63f48a2d
      serialVersionUID = 8683452581122892189
      DEFAULT_CAPACITY = 10
      EMPTY_ELEMENTDATA = class java.lang.Object[0]
      DEFAULTCAPACITY_EMPTY_ELEMENTDATA = class java.lang.Object[0]
      elementData = class java.lang.Object[0]
      size = 0
      MAX_ARRAY_SIZE = 2147483639
      modCount = 1
      MAX_ARRAY_SIZE = 2147483639
    addedSessionListeners = class java.util.ArrayList@6d471b64
      serialVersionUID = 8683452581122892189
      DEFAULT_CAPACITY = 10
      EMPTY_ELEMENTDATA = class java.lang.Object[0]
      DEFAULTCAPACITY_EMPTY_ELEMENTDATA = class java.lang.Object[0]
      elementData = class java.lang.Object[0]
      size = 0
      MAX_ARRAY_SIZE = 2147483639
      modCount = 0
      MAX_ARRAY_SIZE = 2147483639
    addedSessionAttrListeners = class java.util.ArrayList@22eefa31
      serialVersionUID = 8683452581122892189
      DEFAULT_CAPACITY = 10
      EMPTY_ELEMENTDATA = class java.lang.Object[0]
      DEFAULTCAPACITY_EMPTY_ELEMENTDATA = class java.lang.Object[0]
      elementData = class java.lang.Object[0]
      size = 0
      MAX_ARRAY_SIZE = 2147483639
      modCount = 0
      MAX_ARRAY_SIZE = 2147483639
    servletContextListeners = class java.util.ArrayList@33e176d9
      serialVersionUID = 8683452581122892189
      DEFAULT_CAPACITY = 10
      EMPTY_ELEMENTDATA = class java.lang.Object[0]
      DEFAULTCAPACITY_EMPTY_ELEMENTDATA = class java.lang.Object[0]
      elementData = class java.lang.Object[10]
      size = 4
      MAX_ARRAY_SIZE = 2147483639
      modCount = 5
      MAX_ARRAY_SIZE = 2147483639
    servletContextLAttrListeners = class java.util.ArrayList@7403276a
      serialVersionUID = 8683452581122892189
      DEFAULT_CAPACITY = 10
      EMPTY_ELEMENTDATA = class java.lang.Object[0]
      DEFAULTCAPACITY_EMPTY_ELEMENTDATA = class java.lang.Object[0]
      elementData = class java.lang.Object[0]
      size = 0
      MAX_ARRAY_SIZE = 2147483639
      modCount = 1
      MAX_ARRAY_SIZE = 2147483639
    servletRequestListeners = class java.util.ArrayList@21ca9eb5
      serialVersionUID = 8683452581122892189
      DEFAULT_CAPACITY = 10
      EMPTY_ELEMENTDATA = class java.lang.Object[0]
      DEFAULTCAPACITY_EMPTY_ELEMENTDATA = class java.lang.Object[0]
      elementData = class java.lang.Object[0]
      size = 0
      MAX_ARRAY_SIZE = 2147483639
      modCount = 1
      MAX_ARRAY_SIZE = 2147483639
    servletRequestLAttrListeners = class java.util.ArrayList@74a0c7cf
      serialVersionUID = 8683452581122892189
      DEFAULT_CAPACITY = 10
      EMPTY_ELEMENTDATA = class java.lang.Object[0]
      DEFAULTCAPACITY_EMPTY_ELEMENTDATA = class java.lang.Object[0]
      elementData = class java.lang.Object[0]
      size = 0
      MAX_ARRAY_SIZE = 2147483639
      modCount = 1
      MAX_ARRAY_SIZE = 2147483639
    prependSlashToResource = false
    destroyed = false
    webAppNameSpaceCollab = class com.ibm.ws.webcontainer.osgi.collaborator.WebAppNameSpaceCollaboratorImpl@4c4f303c
      cmdai = class com.ibm.ws.threadContext.ComponentMetaDataAccessorImpl@1a19ad8
    txCollab = class com.ibm.ws.transaction.services.WebAppTransactionCollaboratorImpl@74265798
      tc = class com.ibm.websphere.ras.TraceComponent@398faaa8
      ltCurrentRef = class com.ibm.wsspi.kernel.service.utils.AtomicServiceReference@1adf1efc
      tranMgrRef = class com.ibm.wsspi.kernel.service.utils.AtomicServiceReference@6916d14f
      userTranRef = class com.ibm.wsspi.kernel.service.utils.AtomicServiceReference@1131e248
      uowCallbackRef = class com.ibm.wsspi.kernel.service.utils.AtomicServiceReference@40884261
      serialVersionUID = -8319003162899973281
    sessionActivationListeners = class java.util.ArrayList@219a76a8
      serialVersionUID = 8683452581122892189
      DEFAULT_CAPACITY = 10
      EMPTY_ELEMENTDATA = class java.lang.Object[0]
      DEFAULTCAPACITY_EMPTY_ELEMENTDATA = class java.lang.Object[0]
      elementData = class java.lang.Object[0]
      size = 0
      MAX_ARRAY_SIZE = 2147483639
      modCount = 1
      MAX_ARRAY_SIZE = 2147483639
    sessionBindingListeners = class java.util.ArrayList@54506b18
      serialVersionUID = 8683452581122892189
      DEFAULT_CAPACITY = 10
      EMPTY_ELEMENTDATA = class java.lang.Object[0]
      DEFAULTCAPACITY_EMPTY_ELEMENTDATA = class java.lang.Object[0]
      elementData = class java.lang.Object[0]
      size = 0
      MAX_ARRAY_SIZE = 2147483639
      modCount = 1
      MAX_ARRAY_SIZE = 2147483639
    scratchdir = null
    jspClassLoaderLimit = 0
    jspClassLoaderExclusionList = null
    jspClassLoadersMap = null
    jspClassLoaderLimitTrackIF = false
    defaultExtProc = null
    directoryBrowsingServlet = null
    cdiContexts = class java.util.concurrent.ConcurrentHashMap@263c40e2
      serialVersionUID = 7249069246763182397
      MAXIMUM_CAPACITY = 1073741824
      DEFAULT_CAPACITY = 16
      MAX_ARRAY_SIZE = 2147483639
      DEFAULT_CONCURRENCY_LEVEL = 16
      LOAD_FACTOR = 0.75
      TREEIFY_THRESHOLD = 8
      UNTREEIFY_THRESHOLD = 6
      MIN_TREEIFY_CAPACITY = 64
      MIN_TRANSFER_STRIDE = 16
      RESIZE_STAMP_BITS = 16
      MAX_RESIZERS = 65535
      RESIZE_STAMP_SHIFT = 16
      MOVED = -1
      TREEBIN = -2
      RESERVED = -3
      HASH_BITS = 2147483647
      NCPU = 4
      serialPersistentFields = class java.io.ObjectStreamField[3]
      table = null
      nextTable = null
      baseCount = 0
      sizeCtl = 0
      transferIndex = 0
      cellsBusy = 0
      counterCells = null
      keySet = null
      values = null
      entrySet = null
      U = class sun.misc.Unsafe@672f0572
      SIZECTL = 20
      TRANSFERINDEX = 32
      BASECOUNT = 24
      CELLSBUSY = 36
      CELLVALUE = 144
      ABASE = 16
      ASHIFT = 2
      keySet = null
      values = null
    moduleConfig = class com.ibm.ws.webcontainer.osgi.container.DeployedModule@13c74ac9
      tc = class com.ibm.websphere.ras.TraceComponent@86ec670
      loader = class com.ibm.ws.classloading.internal.ThreadContextClassLoader@f793809
      webApp = class com.ibm.ws.webcontainer31.osgi.webapp.WebApp31@1bed796
      webAppConfig = class com.ibm.ws.webcontainer.osgi.webapp.WebAppConfiguration@58030df4
      contextRootAdded = null
      properContextRoot = "/MongoRestApp"
      mappingContextRoot = "/MongoRestApp/*"
      serialVersionUID = -2104814060051592457
      $$$tc$$$ = class com.ibm.websphere.ras.TraceComponent@52966c59
    extensionFactories = class java.util.ArrayList@1b3377e2
      serialVersionUID = 8683452581122892189
      DEFAULT_CAPACITY = 10
      EMPTY_ELEMENTDATA = class java.lang.Object[0]
      DEFAULTCAPACITY_EMPTY_ELEMENTDATA = class java.lang.Object[0]
      elementData = class java.lang.Object[10]
      size = 6
      MAX_ARRAY_SIZE = 2147483639
      modCount = 10
      MAX_ARRAY_SIZE = 2147483639
    initialized = true
    lock = class com.ibm.ws.webcontainer.webapp.WebApp$1@619a412f
      this$0 = class com.ibm.ws.webcontainer31.osgi.webapp.WebApp31@1bed796
    afterServletContextCreated = false
    redirectContextRoot = false
    errorExceptionTypeFirst = false
    initFilterBeforeServletInit = false
    sortedServletConfigs = class java.util.ArrayList@3645feaf
      serialVersionUID = 8683452581122892189
      DEFAULT_CAPACITY = 10
      EMPTY_ELEMENTDATA = class java.lang.Object[0]
      DEFAULTCAPACITY_EMPTY_ELEMENTDATA = class java.lang.Object[0]
      elementData = class java.lang.Object[10]
      size = 1
      MAX_ARRAY_SIZE = 2147483639
      modCount = 1
      MAX_ARRAY_SIZE = 2147483639
    effectiveMajorVersion = 3
    effectiveMinorVersion = 0
    canAddServletContextListener = true
    withinContextInitOfProgAddListener = false
    lastProgAddListenerInitialized = "com.ibm.ws.cache.CacheServiceImpl"
    webInfLibClassloader = null
    metaInfCache = class com.ibm.ws.webcontainer.webapp.WebApp$2@723a93d5
      this$0 = class com.ibm.ws.webcontainer31.osgi.webapp.WebApp31@1bed796
      serialVersionUID = 3801124242820219131
      head = null
      tail = null
      accessOrder = true
      serialVersionUID = 362498820763181265
      DEFAULT_INITIAL_CAPACITY = 16
      MAXIMUM_CAPACITY = 1073741824
      DEFAULT_LOAD_FACTOR = 0.75
      TREEIFY_THRESHOLD = 8
      UNTREEIFY_THRESHOLD = 6
      MIN_TREEIFY_CAPACITY = 64
      table = null
      entrySet = null
      size = 0
      modCount = 0
      threshold = 32
      loadFactor = 1.0
      keySet = null
      values = null
    useMetaInfCache = true
    SUN_CONFIGURE_LISTENER_CLASSNAME = "com.sun.faces.config.ConfigureListener"
    MYFACES_LIFECYCLE_LISTENER_CLASSNAME = "org.apache.myfaces.webapp.StartupServletContextListener"
    JSF_IMPL_ENABLED_PARAM = "com.ibm.ws.jsf.JSF_IMPL_ENABLED"
    JSF_IMPL_ENABLED_CUSTOM = "Custom"
    JSF_IMPL_ENABLED_NONE = "None"
    staticDocRoot = class com.ibm.ws.webcontainer.util.DocumentRootUtils@5b020e59
      logger = class com.ibm.ws.logging.internal.WsLogger@74fa898e
      CLASS_NAME = "com.ibm.ws.webcontainer.util.DocumentRootUtils"
      useContentLength = false
      matchedFile = null
      matchedZipFile = null
      matchedEntry = null
      matchedURL = null
      edrRoot = null
      pfedrRoot = null
      ctxt = class com.ibm.ws.webcontainer31.osgi.webapp.WebApp31@1bed796
      baseDir = null
      edr = null
      pfedr = null
      metaInfRes = null
      searchpfEDR = false
      searchEDR = false
      searchMetaInfRes = true
      matchFromEDR = false
      matchFromMetaInfRes = false
      matchIsADirectory = false
      appConfig = class com.ibm.ws.webcontainer.osgi.webapp.WebAppConfiguration@58030df4
      attributeType = "staticFile"
      STATIC_FILE = "staticFile"
      JSP = "jsp"
      PFEDR = "preFragmentExtendedDocumentRoot"
      EDR = "extendedDocumentRoot"
    jspDocRoot = class com.ibm.ws.webcontainer.util.DocumentRootUtils@68a2bf2f
      logger = class com.ibm.ws.logging.internal.WsLogger@74fa898e
      CLASS_NAME = "com.ibm.ws.webcontainer.util.DocumentRootUtils"
      useContentLength = false
      matchedFile = null
      matchedZipFile = null
      matchedEntry = null
      matchedURL = null
      edrRoot = null
      pfedrRoot = null
      ctxt = class com.ibm.ws.webcontainer31.osgi.webapp.WebApp31@1bed796
      baseDir = null
      edr = null
      pfedr = null
      metaInfRes = null
      searchpfEDR = false
      searchEDR = false
      searchMetaInfRes = true
      matchFromEDR = false
      matchFromMetaInfRes = false
      matchIsADirectory = false
      appConfig = class com.ibm.ws.webcontainer.osgi.webapp.WebAppConfiguration@58030df4
      attributeType = "jsp"
      STATIC_FILE = "staticFile"
      JSP = "jsp"
      PFEDR = "preFragmentExtendedDocumentRoot"
      EDR = "extendedDocumentRoot"
    container = class com.ibm.ws.adaptable.module.internal.AdaptableContainerImpl@7fb05084
      root = class com.ibm.ws.adaptable.module.internal.AdaptableContainerImpl@7fb05084
      rootOverlay = class com.ibm.ws.artifact.overlay.internal.DirectoryBasedOverlayContainerImpl@4ee4f369
      factoryHolder = class com.ibm.ws.adaptable.module.internal.AdaptableModuleFactoryImpl@67a9d04a
      delegate = class com.ibm.ws.artifact.overlay.internal.DirectoryBasedOverlayContainerImpl@4ee4f369
      notifier = class com.ibm.ws.adaptable.module.internal.NotifierImpl@74f717d3
      serialVersionUID = -5621513278641113667
      $$$tc$$$ = class com.ibm.websphere.ras.TraceComponent@470621d0
    metaInfResourceFinder = class com.ibm.ws.webcontainer.util.MetaInfResourceFinder@710b9412
      jarResourceContainers = class java.util.ArrayList@7c37ce89
      container = class com.ibm.ws.adaptable.module.internal.AdaptableContainerImpl@7fb05084
    postConstructMethods = class com.ibm.ws.webcontainer.webapp.WebApp$AnnotatedMethods@570915dd
      annotationClass = class java.lang.Class@53397cf1
      noOpClassNames = class java.util.Collections$SynchronizedSet@2612c276
      annotatedMethodNames = class java.util.concurrent.ConcurrentHashMap@4135b88d
      EMPTY_METHODS = class java.lang.reflect.Method[0]
    preDestroyMethods = class com.ibm.ws.webcontainer.webapp.WebApp$AnnotatedMethods@1cb2a9a3
      annotationClass = class java.lang.Class@474c9663
      noOpClassNames = class java.util.Collections$SynchronizedSet@29d1f4d7
      annotatedMethodNames = class java.util.concurrent.ConcurrentHashMap@764609e5
      EMPTY_METHODS = class java.lang.reflect.Method[0]
    OBJ_EMPTY = class java.lang.Object[0]
    CLASS_EMPTY = class java.lang.Class[0]
    DEFAULT_JSP_EXTENSIONS = class java.util.ArrayList@3e4331e4
      serialVersionUID = 8683452581122892189
      DEFAULT_CAPACITY = 10
      EMPTY_ELEMENTDATA = class java.lang.Object[0]
      DEFAULTCAPACITY_EMPTY_ELEMENTDATA = class java.lang.Object[0]
      elementData = class java.lang.Object[10]
      size = 4
      MAX_ARRAY_SIZE = 2147483639
      modCount = 4
      MAX_ARRAY_SIZE = 2147483639
    DEFER_SERVLET_REQUEST_LISTENER_DESTROY_ON_ERROR = false
    DO_ACCEPT_PARTIAL = true
    DO_NOT_ACCEPT_PARTIAL = false
    DO_ACCEPT_EXCLUDED = true
    DO_NOT_ACCEPT_EXCLUDED = false
    commands = class java.util.ArrayList@611426dd
      serialVersionUID = 8683452581122892189
      DEFAULT_CAPACITY = 10
      EMPTY_ELEMENTDATA = class java.lang.Object[0]
      DEFAULTCAPACITY_EMPTY_ELEMENTDATA = class java.lang.Object[0]
      elementData = class java.lang.Object[3]
      size = 0
      MAX_ARRAY_SIZE = 2147483639
      modCount = 0
      MAX_ARRAY_SIZE = 2147483639
    requestMapper = class com.ibm.wsspi.webcontainer.util.URIMapper@4c1285e9
      matcher = class com.ibm.wsspi.webcontainer.util.URIMatcher@629ffef1
    parent = class com.ibm.ws.webcontainer.osgi.webapp.WebGroup@53aac64b
      tc = class com.ibm.websphere.ras.TraceComponent@7df3ffd9
      logger = class com.ibm.ws.logging.internal.WsLogger@6789ab62
      CLASS_NAME = "com.ibm.ws.webcontainer.webapp.WebGroup"
      sessUrlRewritePrefix = ";jsessionid="
      qMark = "?"
      config = class com.ibm.ws.webcontainer.osgi.webapp.WebGroupConfiguration@445d3f67
      webApp = class com.ibm.ws.webcontainer31.osgi.webapp.WebApp31@1bed796
      commands = class java.util.ArrayList@38540073
      requestMapper = null
      parent = class com.ibm.ws.webcontainer.osgi.DynamicVirtualHost@278a960e
      name = "/MongoRestApp/*"
      isAlive = true
      subElements = class java.util.HashMap@52f6a224
      attributes = null
      config = null
      serialVersionUID = -8271459000149267764
      $$$tc$$$ = class com.ibm.websphere.ras.TraceComponent@3acc2db5
    name = "MongoRestApp"
    isAlive = true
    subElements = null
    attributes = class java.util.Collections$SynchronizedMap@5a5c922c
      serialVersionUID = 1978198479659022715
      m = class java.util.HashMap@127b2aec
      mutex = class java.util.Collections$SynchronizedMap@5a5c922c
      keySet = null
      entrySet = null
      values = null
    config = null
    serialVersionUID = -8271459000149267764
    $$$tc$$$ = class com.ibm.websphere.ras.TraceComponent@3acc2db5
      strings[0] = "TraceComponent[com.ibm.ws.container.AbstractContainer,class com.ibm.ws.container.AbstractContainer,[],null,null]"

