------Start of DE processing------ = [10/23/15 14:04:45:273 CDT]
Exception = com.ibm.websphere.servlet.error.ServletErrorReport
Source = com.ibm.ws.webcontainer.filter.WebAppFilterChain.doFilter
probeid = 82
Stack Dump = com.ibm.websphere.servlet.error.ServletErrorReport: java.lang.Error: Unresolved compilation problems: 
	The local variable putData may not have been initialized
	The local variable putData may not have been initialized

	at com.ibm.ws.webcontainer.servlet.ServletWrapper.service(ServletWrapper.java:1383)
	at com.ibm.ws.webcontainer.servlet.ServletWrapper.handleRequest(ServletWrapper.java:778)
	at com.ibm.ws.webcontainer.servlet.ServletWrapper.handleRequest(ServletWrapper.java:475)
	at com.ibm.ws.webcontainer.filter.WebAppFilterChain.invokeTarget(WebAppFilterChain.java:146)
	at com.ibm.ws.webcontainer.filter.WebAppFilterChain.doFilter(WebAppFilterChain.java:93)
	at com.ibm.ws.security.jaspi.JaspiServletFilter.doFilter(JaspiServletFilter.java:57)
	at com.ibm.ws.webcontainer.filter.FilterInstanceWrapper.doFilter(FilterInstanceWrapper.java:207)
	at com.ibm.ws.webcontainer.filter.WebAppFilterChain.doFilter(WebAppFilterChain.java:90)
	at com.ibm.ws.webcontainer.filter.WebAppFilterManager.doFilter(WebAppFilterManager.java:1020)
	at com.ibm.ws.webcontainer.filter.WebAppFilterManager.invokeFilters(WebAppFilterManager.java:1142)
	at com.ibm.ws.webcontainer.webapp.WebApp.handleRequest(WebApp.java:4867)
	at com.ibm.ws.webcontainer31.osgi.webapp.WebApp31.handleRequest(WebApp31.java:523)
	at com.ibm.ws.webcontainer.osgi.DynamicVirtualHost$2.handleRequest(DynamicVirtualHost.java:297)
	at com.ibm.ws.webcontainer.WebContainer.handleRequest(WebContainer.java:997)
	at com.ibm.ws.webcontainer.osgi.DynamicVirtualHost$2.run(DynamicVirtualHost.java:262)
	at com.ibm.ws.http.dispatcher.internal.channel.HttpDispatcherLink$TaskWrapper.run(HttpDispatcherLink.java:955)
	at com.ibm.ws.http.dispatcher.internal.channel.HttpDispatcherLink.ready(HttpDispatcherLink.java:341)
	at com.ibm.ws.http.channel.internal.inbound.HttpInboundLink.handleDiscrimination(HttpInboundLink.java:470)
	at com.ibm.ws.http.channel.internal.inbound.HttpInboundLink.handleNewRequest(HttpInboundLink.java:404)
	at com.ibm.ws.http.channel.internal.inbound.HttpInboundLink.processRequest(HttpInboundLink.java:284)
	at com.ibm.ws.http.channel.internal.inbound.HttpInboundLink.ready(HttpInboundLink.java:255)
	at com.ibm.ws.tcpchannel.internal.NewConnectionInitialReadCallback.sendToDiscriminators(NewConnectionInitialReadCallback.java:174)
	at com.ibm.ws.tcpchannel.internal.NewConnectionInitialReadCallback.complete(NewConnectionInitialReadCallback.java:83)
	at com.ibm.ws.tcpchannel.internal.WorkQueueManager.requestComplete(WorkQueueManager.java:504)
	at com.ibm.ws.tcpchannel.internal.WorkQueueManager.attemptIO(WorkQueueManager.java:574)
	at com.ibm.ws.tcpchannel.internal.WorkQueueManager.workerRun(WorkQueueManager.java:929)
	at com.ibm.ws.tcpchannel.internal.WorkQueueManager$Worker.run(WorkQueueManager.java:1018)
	at java.util.concurrent.ThreadPoolExecutor.runWorker(ThreadPoolExecutor.java:1142)
	at java.util.concurrent.ThreadPoolExecutor$Worker.run(ThreadPoolExecutor.java:617)
	at java.lang.Thread.run(Thread.java:745)
Caused by: java.lang.Error: Unresolved compilation problems: 
	The local variable putData may not have been initialized
	The local variable putData may not have been initialized

	at edu.umkc.mongorestapp.UserServlet.doGet(UserServlet.java:117)
	at javax.servlet.http.HttpServlet.service(HttpServlet.java:687)
	at javax.servlet.http.HttpServlet.service(HttpServlet.java:790)
	at com.ibm.ws.webcontainer.servlet.ServletWrapper.service(ServletWrapper.java:1287)
	... 29 more

Dump of callerThis
Object type = com.ibm.ws.webcontainer.filter.WebAppFilterChain
  _filters = class java.util.ArrayList@447eed35
    serialVersionUID = 8683452581122892189
    DEFAULT_CAPACITY = 10
    EMPTY_ELEMENTDATA = class java.lang.Object[0]
    DEFAULTCAPACITY_EMPTY_ELEMENTDATA = class java.lang.Object[0]
    elementData = class java.lang.Object[5]
      elementData[0] = class com.ibm.ws.webcontainer.filter.FilterInstanceWrapper@5c6e334a
      elementData[1] = null
      elementData[2] = null
      elementData[3] = null
      elementData[4] = null
    size = 1
    MAX_ARRAY_SIZE = 2147483639
    modCount = 1
    MAX_ARRAY_SIZE = 2147483639
  _currentFilterIndex = 1
  _numberOfFilters = 1
  requestProcessor = class com.ibm.ws.webcontainer.osgi.servlet.ServletWrapper@714c3992
    serialVersionUID = 1
    _mo = class com.ibm.ws.managedobject.internal.ManagedObjectImpl@2f5a32ba
      serialVersionUID = 2312695316196219051
      object = "<sensitive edu.umkc.mongorestapp.UserServlet@1b366511>"
      $$$tc$$$ = class com.ibm.websphere.ras.TraceComponent@ea455ad
    serialVersionUID = -4479626085298397598
    notifyInvocationListeners = false
    UNINITIALIZED_STATE = -1
    AVAILABLE_STATE = 0
    UNAVAILABLE_STATE = 1
    UNAVAILABLE_PERMANENTLY_STATE = 2
    collabHelper = class com.ibm.ws.webcontainer.osgi.collaborator.CollaboratorHelperImpl@76a10d21
    nServicing = class java.util.concurrent.atomic.AtomicInteger@7719e4a6
      serialVersionUID = 6214790243416807050
      unsafe = class sun.misc.Unsafe@77b83e98
      valueOffset = 12
      value = 0
      serialVersionUID = -8742448824652078965
    lastAccessTime = 1445627085253
    state = 0
    logger = class com.ibm.ws.logging.internal.WsLogger@16ae033c
      tc = class com.ibm.websphere.ras.TraceComponent@52eb4a85
      ivCachedResourceBundleName = "com.ibm.ws.webcontainer.resources.Messages"
      ivCachedResourceBundle = class com.ibm.ws.webcontainer.resources.Messages_en@6ccb5e8d
      ivComponent = null
      ivOrganization = null
      ivProduct = null
      ivMinimumLocalizationLevelIntValue = 625
      ivTC = class com.ibm.websphere.ras.TraceComponent@53ba277f
      loggerRegistrationComponent = class java.lang.ThreadLocal@60ae7950
      emptyHandlers = class java.util.logging.Handler[0]
      offValue = 2147483647
      SYSTEM_LOGGER_RB_NAME = "sun.util.logging.resources.logging"
      SYSTEM_BUNDLE = class java.util.logging.Logger$LoggerBundle@3ceafb8d
      NO_RESOURCE_BUNDLE = class java.util.logging.Logger$LoggerBundle@113eb79
      manager = class com.ibm.ws.kernel.boot.logging.WsLogManager@126466f2
      name = "com.ibm.ws.webcontainer.servlet"
      handlers = class java.util.concurrent.CopyOnWriteArrayList@5e7b4fe7
      loggerBundle = class java.util.logging.Logger$LoggerBundle@414f6861
      useParentHandlers = true
      filter = null
      anonymous = false
      catalog = class com.ibm.ws.webcontainer.resources.Messages_en@6ccb5e8d
      catalogName = "com.ibm.ws.webcontainer.resources.Messages"
      catalogLocale = class java.util.Locale@1ce822cc
      treeLock = class java.lang.Object@4eb1cb76
      parent = class com.ibm.ws.logging.internal.WsLogger@1ac3dbd7
      kids = null
      levelObject = class java.util.logging.Level@63a38b3c
      levelValue = 800
      callersClassLoaderRef = class java.lang.ref.WeakReference@4b8d0011
      isSystemLogger = false
      GLOBAL_LOGGER_NAME = "global"
      global = class java.util.logging.Logger@5b6527b
      $assertionsDisabled = true
    CLASS_NAME = "com.ibm.ws.webcontainer.servlet.ServletWrapper"
    nls = class com.ibm.ejs.ras.TraceNLS@46f84585
      resolver = class com.ibm.ws.logging.internal.TraceNLSResolver@4cd1fa60
      finder = class com.ibm.ws.logging.internal.StackFinder@4a250db
      ivBundleName = "com.ibm.ws.webcontainer.resources.Messages"
      caller = class java.lang.Class@4d13b2ae
    servletConfig = class com.ibm.ws.webcontainer.servlet.ServletConfig@240146a8
      logger = class com.ibm.ws.logging.internal.WsLogger@16ae033c
      CLASS_NAME = "com.ibm.ws.webcontainer.servlet.ServletConfig"
      nls = class com.ibm.ejs.ras.TraceNLS@1a3b324f
      liberty_nls = class com.ibm.ejs.ras.TraceNLS@2d0b47b9
      enabled = true
      servletName = "edu.umkc.mongorestapp.UserServlet"
      className = "edu.umkc.mongorestapp.UserServlet"
      mappings = class java.util.ArrayList@41ba10fd
      startUpWeight = -1
      DEFAULT_STARTUP = -1
      isCachingEnabled = true
      isStatisticsEnabled = true
      isInternal = false
      metaData = class com.ibm.ws.webcontainer.osgi.metadata.WebComponentMetaDataImpl@2e75e52e
      singleThreadModelServlet = false
      isJsp = false
      webAppConfig = class com.ibm.ws.webcontainer.osgi.webapp.WebAppConfiguration@542edb38
      servletWrapper = class com.ibm.ws.webcontainer.osgi.servlet.ServletWrapper@714c3992
      servletClass = null
      servlet = null
      addedToLoadOnStartup = true
      previousWeight = null
      multipartConfig = null
      multipartConfigBaseLocation = null
      runAsRole = null
      servletSecurityElement = null
      declareRolesAnnotation = null
      logger = class com.ibm.ws.logging.internal.WsLogger@16ae033c
      CLASS_NAME = "com.ibm.ws.webcontainer.servlet.TargetConfig"
      initParams = null
      fileName = null
      displayName = null
      name = "edu.umkc.mongorestapp.UserServlet"
      description = null
      smallIcon = null
      largeIcon = null
      context = class com.ibm.ws.webcontainer31.facade.ServletContextFacade31@67e08d14
      className = null
      asyncSupported = false
      _id = "ServletGeneratedId1"
      _attributes = null
      serialVersionUID = 7511545662945734886
      $$$tc$$$ = class com.ibm.websphere.ras.TraceComponent@6816dbf2
    context = class com.ibm.ws.webcontainer31.osgi.webapp.WebApp31@64083273
    target = class edu.umkc.mongorestapp.UserServlet@1b366511
      serialVersionUID = 1
      METHOD_DELETE = "DELETE"
      METHOD_HEAD = "HEAD"
      METHOD_GET = "GET"
      METHOD_OPTIONS = "OPTIONS"
      METHOD_POST = "POST"
      METHOD_PUT = "PUT"
      METHOD_TRACE = "TRACE"
      HEADER_IFMODSINCE = "If-Modified-Since"
      HEADER_LASTMOD = "Last-Modified"
      LSTRING_FILE = "javax.servlet.http.LocalStrings"
      lStrings = class java.util.PropertyResourceBundle@6cf958e7
      LSTRING_FILE = "javax.servlet.LocalStrings"
      lStrings = class java.util.PropertyResourceBundle@22538512
      config = class com.ibm.ws.webcontainer.servlet.ServletConfig@240146a8
    cacheWrappers = null
    targetLoader = class com.ibm.ws.classloading.internal.ThreadContextClassLoader@210ab836
    evtSource = class com.ibm.ws.webcontainer.webapp.WebAppEventSource@6f2013d7
    event = class com.ibm.websphere.servlet.event.ServletEvent@65874b2f
      serialVersionUID = 3906650803920713522
      _servletName = "edu.umkc.mongorestapp.UserServlet"
      _servletClassName = "edu.umkc.mongorestapp.UserServlet"
      $$$tc$$$ = class com.ibm.websphere.ras.TraceComponent@7a9b86f4
      serialVersionUID = 3546927969739289392
      _context = class com.ibm.ws.webcontainer31.facade.ServletContextFacade31@67e08d14
      _servletNames = class com.ibm.ws.webcontainer.util.EmptyEnumeration@46aeb4d7
      $$$tc$$$ = class com.ibm.websphere.ras.TraceComponent@169ec582
      serialVersionUID = 5516075349620653480
      source = class com.ibm.ws.webcontainer.osgi.servlet.ServletWrapper@714c3992
    unavailableMessage = null
    unavailableUntil = -1
    isSTM = false
    internalServlet = false
    webAppInvocationCollaborators = null
    platformHelper = class com.ibm.ws.webcontainer.PlatformHelper@18cd1098
    webAppNameSpaceCollab = class com.ibm.ws.webcontainer.osgi.collaborator.WebAppNameSpaceCollaboratorImpl@2315e8a7
    txCollab = class com.ibm.ws.transaction.services.WebAppTransactionCollaboratorImpl@46d37563
    connCollab = class com.ibm.ws.webcontainer.collaborator.ConnectionCollaborator@5d03afed
    suppressServletExceptionLogging = false
    throwExceptionEnum = class java.util.RegularEnumSet@f187622
      serialVersionUID = 3411599620347842686
      elements = 256
      elementType = class java.lang.Class@650fd75
      universe = class com.ibm.wsspi.webcontainer.collaborator.CollaboratorInvocationEnum[9]
      ZERO_LENGTH_ENUM_ARRAY = class java.lang.Enum[0]
      MAX_ARRAY_SIZE = 2147483639
    discernUnavailableServlet = false
    reInitServletonInitUnavailableException = true
    destroyServletonServiceUnavailableException = false
    servlet23 = true
    PARAMS_HEAD_TRACE = class java.lang.Class[2]
      PARAMS_HEAD_TRACE[0] = class java.lang.Class@40ee4cb
      PARAMS_HEAD_TRACE[1] = class java.lang.Class@7cf34e47
    defaultHeadMethodInUse = false
    defaultTraceMethodInUse = false
    checkedForDefaultMethods = null
    defaultTraceRequestBehavior = false
    defaultHeadRequestBehavior = false
    useOriginalRequestState = false
    warningStatusSet = false
    LSTRING_FILE = "javax.servlet.LocalStrings"
    lStrings = class java.util.PropertyResourceBundle@22538512
      lookup = class java.util.HashMap@73263197
      INITIAL_CACHE_SIZE = 32
      NONEXISTENT_BUNDLE = class java.util.ResourceBundle$1@73840b20
      cacheList = class java.util.concurrent.ConcurrentHashMap@22ff5855
      referenceQueue = class java.lang.ref.ReferenceQueue@3af71128
      parent = null
      locale = class java.util.Locale@4e228351
      name = "javax.servlet.LocalStrings"
      expired = false
      cacheKey = class java.util.ResourceBundle$CacheKey@31ba090e
      keySet = null
      providers = null
      $assertionsDisabled = true
    config = null
  _filtersDefined = true
  logger = class com.ibm.ws.logging.internal.WsLogger@5419fea6
    tc = class com.ibm.websphere.ras.TraceComponent@52eb4a85
      strings[0] = "TraceComponent[com.ibm.ws.logging.internal.WsLogger,class com.ibm.ws.logging.internal.WsLogger,[logging],com.ibm.ws.logging.internal.resources.LoggingMessages,null]"
    ivCachedResourceBundleName = null
    ivCachedResourceBundle = null
    ivComponent = null
    ivOrganization = null
    ivProduct = null
    ivMinimumLocalizationLevelIntValue = 625
    ivTC = class com.ibm.websphere.ras.TraceComponent@f90c3a2
      strings[0] = "TraceComponent[com.ibm.ws.webcontainer.filter,class com.ibm.wsspi.webcontainer.logging.LoggerFactory$1,[com.ibm.ws.webcontainer.filter],null,null]"
    loggerRegistrationComponent = class java.lang.ThreadLocal@60ae7950
      threadLocalHashCode = -1957966946
      nextHashCode = class java.util.concurrent.atomic.AtomicInteger@1c4cf635
      HASH_INCREMENT = 1640531527
    emptyHandlers = class java.util.logging.Handler[0]
    offValue = 2147483647
    SYSTEM_LOGGER_RB_NAME = "sun.util.logging.resources.logging"
    SYSTEM_BUNDLE = class java.util.logging.Logger$LoggerBundle@3ceafb8d
      resourceBundleName = "sun.util.logging.resources.logging"
      userBundle = null
    NO_RESOURCE_BUNDLE = class java.util.logging.Logger$LoggerBundle@113eb79
      resourceBundleName = null
      userBundle = null
    manager = class com.ibm.ws.kernel.boot.logging.WsLogManager@126466f2
      CLASS_NAME = "com.ibm.ws.kernel.boot.logging.WsLogManager"
      CONFIGURE_BY_SERVER_PROPERTY_NAME = "java.util.logging.configureByServer"
      CONFIGURE_BY_LOGGING_PROPERTIES_FILE = "java.util.logging.configureByLoggingPropertiesFile"
      configureByServer = true
      configureByLoggingProperties = false
      wsLogger = class java.lang.reflect.Constructor@4d72354e
      resetEnabled = true
      manager = class com.ibm.ws.kernel.boot.logging.WsLogManager@126466f2
      props = class java.util.Properties@4bd6737
      defaultLevel = class java.util.logging.Level@63a38b3c
      listenerMap = class java.util.HashMap@1c23d7c1
      systemContext = class java.util.logging.LogManager$SystemLoggerContext@40a7494e
      userContext = class java.util.logging.LogManager$LoggerContext@52797660
      rootLogger = class java.util.logging.LogManager$RootLogger@3d9227c7
      readPrimordialConfiguration = true
      initializedGlobalHandlers = true
      deathImminent = false
      initializedCalled = true
      initializationDone = true
      contextsMap = null
      loggerRefQueue = class java.lang.ref.ReferenceQueue@3f0d626b
      MAX_ITERATIONS = 400
      controlPermission = class java.util.logging.LoggingPermission@459ab1fd
      loggingMXBean = null
      LOGGING_MXBEAN_NAME = "java.util.logging:type=Logging"
      $assertionsDisabled = true
    name = "com.ibm.ws.webcontainer.filter"
    handlers = class java.util.concurrent.CopyOnWriteArrayList@58015146
      serialVersionUID = 8673264195747942595
      lock = class java.util.concurrent.locks.ReentrantLock@5b013832
      array = class java.lang.Object[0]
      UNSAFE = class sun.misc.Unsafe@77b83e98
      lockOffset = 12
    loggerBundle = class java.util.logging.Logger$LoggerBundle@335cef58
      resourceBundleName = "com.ibm.ws.webcontainer.resources.Messages"
      userBundle = null
    useParentHandlers = true
    filter = null
    anonymous = false
    catalog = class com.ibm.ws.webcontainer.resources.Messages_en@2d0a9269
      resources = class [Ljava.lang.Object;[0]
      lookup = null
      INITIAL_CACHE_SIZE = 32
      NONEXISTENT_BUNDLE = class java.util.ResourceBundle$1@73840b20
      cacheList = class java.util.concurrent.ConcurrentHashMap@22ff5855
      referenceQueue = class java.lang.ref.ReferenceQueue@3af71128
      parent = class com.ibm.ws.webcontainer.resources.Messages@609270f8
      locale = class java.util.Locale@1e1b8103
      name = "com.ibm.ws.webcontainer.resources.Messages"
      expired = false
      cacheKey = class java.util.ResourceBundle$CacheKey@339caac1
      keySet = null
      providers = null
      $assertionsDisabled = true
    catalogName = "com.ibm.ws.webcontainer.resources.Messages"
    catalogLocale = class java.util.Locale@1ce822cc
      LOCALECACHE = class java.util.Locale$Cache@14ec45e5
      ENGLISH = class java.util.Locale@1e1b8103
      FRENCH = class java.util.Locale@47dd3a09
      GERMAN = class java.util.Locale@4faeba4d
      ITALIAN = class java.util.Locale@399b1d30
      JAPANESE = class java.util.Locale@7b4a8099
      KOREAN = class java.util.Locale@55e9f08b
      CHINESE = class java.util.Locale@6faf44a9
      SIMPLIFIED_CHINESE = class java.util.Locale@ebcb6f1
      TRADITIONAL_CHINESE = class java.util.Locale@21dda1f7
      FRANCE = class java.util.Locale@3b2a70ef
      GERMANY = class java.util.Locale@2e35f12f
      ITALY = class java.util.Locale@4555d126
      JAPAN = class java.util.Locale@9cb0262
      KOREA = class java.util.Locale@610eb6bc
      CHINA = class java.util.Locale@ebcb6f1
      PRC = class java.util.Locale@ebcb6f1
      TAIWAN = class java.util.Locale@21dda1f7
      UK = class java.util.Locale@60b39f3b
      US = class java.util.Locale@1ce822cc
      CANADA = class java.util.Locale@b04beea
      CANADA_FRENCH = class java.util.Locale@5a0d65fa
      ROOT = class java.util.Locale@4e228351
      PRIVATE_USE_EXTENSION = x
      UNICODE_LOCALE_EXTENSION = u
      serialVersionUID = 9149081749638150636
      DISPLAY_LANGUAGE = 0
      DISPLAY_COUNTRY = 1
      DISPLAY_VARIANT = 2
      DISPLAY_SCRIPT = 3
      baseLocale = class sun.util.locale.BaseLocale@321497e9
      localeExtensions = null
      hashCodeValue = 96636889
      defaultLocale = class java.util.Locale@1ce822cc
      defaultDisplayLocale = null
      defaultFormatLocale = class java.util.Locale@1ce822cc
      languageTag = "en-US"
      serialPersistentFields = class java.io.ObjectStreamField[6]
      isoLanguages = null
      isoCountries = null
      $assertionsDisabled = true
    treeLock = class java.lang.Object@4eb1cb76
    parent = class com.ibm.ws.logging.internal.WsLogger@1ac3dbd7
      tc = class com.ibm.websphere.ras.TraceComponent@52eb4a85
      ivCachedResourceBundleName = "com.ibm.ws.webcontainer.resources.Messages"
      ivCachedResourceBundle = class com.ibm.ws.webcontainer.resources.Messages_en@6ccb5e8d
      ivComponent = null
      ivOrganization = null
      ivProduct = null
      ivMinimumLocalizationLevelIntValue = 625
      ivTC = class com.ibm.websphere.ras.TraceComponent@4b5202dc
      loggerRegistrationComponent = class java.lang.ThreadLocal@60ae7950
      emptyHandlers = class java.util.logging.Handler[0]
      offValue = 2147483647
      SYSTEM_LOGGER_RB_NAME = "sun.util.logging.resources.logging"
      SYSTEM_BUNDLE = class java.util.logging.Logger$LoggerBundle@3ceafb8d
      NO_RESOURCE_BUNDLE = class java.util.logging.Logger$LoggerBundle@113eb79
      manager = class com.ibm.ws.kernel.boot.logging.WsLogManager@126466f2
      name = "com.ibm.ws.webcontainer"
      handlers = class java.util.concurrent.CopyOnWriteArrayList@557ef551
      loggerBundle = class java.util.logging.Logger$LoggerBundle@302bba41
      useParentHandlers = true
      filter = null
      anonymous = false
      catalog = class com.ibm.ws.webcontainer.resources.Messages_en@6ccb5e8d
      catalogName = "com.ibm.ws.webcontainer.resources.Messages"
      catalogLocale = class java.util.Locale@1ce822cc
      treeLock = class java.lang.Object@4eb1cb76
      parent = class java.util.logging.Logger@5cad5fd1
      kids = class java.util.ArrayList@6a245dff
      levelObject = class java.util.logging.Level@63a38b3c
      levelValue = 800
      callersClassLoaderRef = class java.lang.ref.WeakReference@48d2e997
      isSystemLogger = false
      GLOBAL_LOGGER_NAME = "global"
      global = class java.util.logging.Logger@5b6527b
      $assertionsDisabled = true
    kids = null
    levelObject = class java.util.logging.Level@63a38b3c
      defaultBundle = "sun.util.logging.resources.logging"
      name = "INFO"
      value = 800
      resourceBundleName = "sun.util.logging.resources.logging"
      localizedLevelName = "INFO"
      cachedLocale = class java.util.Locale@1ce822cc
      OFF = class java.util.logging.Level@3406cf65
      SEVERE = class java.util.logging.Level@2071ff78
      WARNING = class java.util.logging.Level@1ded3f0a
      INFO = class java.util.logging.Level@63a38b3c
      CONFIG = class java.util.logging.Level@256c8ae9
      FINE = class java.util.logging.Level@279314c6
      FINER = class java.util.logging.Level@8b6b573
      FINEST = class java.util.logging.Level@7cd7ce00
      ALL = class java.util.logging.Level@3dad38b1
      serialVersionUID = -8176160795706313070
    levelValue = 800
    callersClassLoaderRef = class java.lang.ref.WeakReference@3e003bc6
      referent = class org.eclipse.osgi.internal.loader.EquinoxClassLoader@53e2aa1b
      queue = class java.lang.ref.ReferenceQueue$Null@70fb1652
      next = null
      discovered = null
      lock = class java.lang.ref.Reference$Lock@46e6c2f2
      pending = null
    isSystemLogger = false
    GLOBAL_LOGGER_NAME = "global"
    global = class java.util.logging.Logger@5b6527b
      emptyHandlers = class java.util.logging.Handler[0]
      offValue = 2147483647
      SYSTEM_LOGGER_RB_NAME = "sun.util.logging.resources.logging"
      SYSTEM_BUNDLE = class java.util.logging.Logger$LoggerBundle@3ceafb8d
      NO_RESOURCE_BUNDLE = class java.util.logging.Logger$LoggerBundle@113eb79
      manager = class com.ibm.ws.kernel.boot.logging.WsLogManager@126466f2
      name = "global"
      handlers = class java.util.concurrent.CopyOnWriteArrayList@4f61793
      loggerBundle = class java.util.logging.Logger$LoggerBundle@113eb79
      useParentHandlers = true
      filter = null
      anonymous = false
      catalog = null
      catalogName = null
      catalogLocale = null
      treeLock = class java.lang.Object@4eb1cb76
      parent = class java.util.logging.LogManager$RootLogger@3d9227c7
      kids = null
      levelObject = null
      levelValue = 800
      callersClassLoaderRef = null
      isSystemLogger = true
      GLOBAL_LOGGER_NAME = "global"
      global = class java.util.logging.Logger@5b6527b
      $assertionsDisabled = true
    $assertionsDisabled = true
  CLASS_NAME = "com.ibm.ws.webcontainer.filter.WebAppFilterChain"
  webapp = class com.ibm.ws.webcontainer31.osgi.webapp.WebApp31@64083273
    tc = class com.ibm.websphere.ras.TraceComponent@4a59617f
      strings[0] = "TraceComponent[com.ibm.ws.webcontainer31.osgi.webapp.WebApp31,class com.ibm.ws.webcontainer31.osgi.webapp.WebApp31,[webcontainer],com.ibm.ws.webcontainer31.resources.Messages,null]"
    CLASS_NAME = "com.ibm.ws.webcontainer31.osgi.webapp.WebApp31"
    servlet31NLS = class com.ibm.ejs.ras.TraceNLS@4521341b
      resolver = class com.ibm.ws.logging.internal.TraceNLSResolver@4cd1fa60
      finder = class com.ibm.ws.logging.internal.StackFinder@4a250db
      ivBundleName = "com.ibm.ws.webcontainer31.resources.Messages"
      caller = class java.lang.Class@64431a20
    validListenerClasses = class java.lang.Class[7]
      validListenerClasses[0] = class java.lang.Class@189fd564
      validListenerClasses[1] = class java.lang.Class@6bef4023
      validListenerClasses[2] = class java.lang.Class@6ce743a3
      validListenerClasses[3] = class java.lang.Class@7fae2065
      validListenerClasses[4] = class java.lang.Class@197cfe01
      validListenerClasses[5] = class java.lang.Class@8034b55
      validListenerClasses[6] = class java.lang.Class@5df9d47e
    wsocServHandler = class com.ibm.ws.wsoc.external.WsocHandlerImpl@670a95a9
      tc = class com.ibm.websphere.ras.TraceComponent@2169d1ed
      noMoreAddsCalled = true
      serialVersionUID = -2067291126638824067
    tc = class com.ibm.websphere.ras.TraceComponent@4af0f228
      strings[0] = "TraceComponent[com.ibm.ws.webcontainer.osgi.webapp.WebApp,class com.ibm.ws.webcontainer.osgi.webapp.WebApp,[webcontainer],com.ibm.ws.webcontainer.resources.LShimMessages,null]"
    CLASS_NAME = "com.ibm.ws.webcontainer.osgi.webapp.WebApp"
    metaDataService = class com.ibm.ws.container.service.metadata.internal.MetaDataServiceImpl@267beacd
      applicationMetaDataManager = class com.ibm.ws.container.service.metadata.internal.ApplicationMetaDataManager@12c95d84
      moduleMetaDataManager = class com.ibm.ws.container.service.metadata.internal.ModuleMetaDataManager@6250bb6f
      componentMetaDataManager = class com.ibm.ws.container.service.metadata.internal.ComponentMetaDataManager@4df94367
      methodMetaDataManager = class com.ibm.ws.container.service.metadata.internal.MethodMetaDataManager@381243c
      appModuleNameToModuleContainer = class java.util.concurrent.ConcurrentHashMap@5bfc7cb5
      jeeNameToComponentMetaData = class java.util.concurrent.ConcurrentHashMap@3c903f66
      deferredMetaDataFactories = class com.ibm.wsspi.kernel.service.utils.ConcurrentServiceReferenceSet@3bf5b1e8
      deferredMetaDataInitializers = class com.ibm.wsspi.kernel.service.utils.ConcurrentServiceReferenceMap@315fd26e
      serialVersionUID = -8170959944924351750
      $$$tc$$$ = class com.ibm.websphere.ras.TraceComponent@674ce901
    namespacePopulated = false
    referenceContext = class com.ibm.ws.injectionengine.osgi.internal.OSGiReferenceContextImpl@5252b1f3
      scopeData = class com.ibm.ws.injectionengine.osgi.internal.OSGiInjectionScopeData@2e7763f1
      serialVersionUID = 521511923892134915
      $$$tc$$$ = class com.ibm.websphere.ras.TraceComponent@63c5ba7e
      CLASS_NAME = "com.ibm.ws.injectionengine.ReferenceContextImpl"
      tc = class com.ibm.ejs.ras.TraceComponent@7416af3c
      ivInjectionEngine = class com.ibm.ws.injectionengine.osgi.internal.OSGiInjectionEngineImpl@148b042d
      ivProviders = class java.util.ArrayList@4e42c370
      ivComponentJavaContext = null
      ivComponentNameSpace = null
      ivJavaColonCompEnvMap = class java.util.LinkedHashMap@6fd676b7
      ivEjbContext10 = class java.util.Properties@614510ed
      ivResourceRefConfigList = null
      isAlreadyProcessed = true
      ivProcessFailure = null
      ivInjectionTargetMap = class java.util.HashMap@60848a9f
      ivDeclaredInjectionTargets = class java.util.HashMap@38859cbc
      ivProcessedInjectionClasses = class java.util.HashSet@643a36d5
      ivProcessedInjectionBindings = class java.util.LinkedHashSet@2db190c7
      ivAnyProcessDynamic = true
      ivCheckAppConfig = false
    j2eeNameFactory = class com.ibm.ws.container.service.metadata.internal.J2EENameFactoryImpl@5457ee2a
      serialVersionUID = 3486344295038028821
      $$$tc$$$ = class com.ibm.websphere.ras.TraceComponent@50e942cc
    moduleLoader = class com.ibm.ws.classloading.internal.AppClassLoader@5b58ff79
      tc = class com.ibm.websphere.ras.TraceComponent@4f8f8181
      PARENT_FIRST_SEARCH_ORDER = class java.util.Collections$UnmodifiableRandomAccessList@3ea4eb7b
      CLASS_LOADING_TRACE_PREFIX = "com.ibm.ws.class.load."
      DEFAULT_PACKAGE = "default.package"
      perPackageClassLoadingTraceComponents = class java.util.concurrent.ConcurrentHashMap@6925279c
      config = class com.ibm.ws.classloading.internal.ClassLoaderConfigurationImpl@7d512678
      privateLibraries = null
      delegateLoaders = class com.ibm.ws.classloading.internal.util.CompositeIterable@48e82b99
      nativeLibraryFiles = class java.util.ArrayList@69feadeb
      transformers = class java.util.ArrayList@29276e8f
      apiAccess = class com.ibm.ws.classloading.internal.GatewayClassLoader@44459d33
      generator = class com.ibm.ws.classloading.internal.ClassGeneratorManager@316f4e0d
      serialVersionUID = -8755588715217099101
      tc = class com.ibm.websphere.ras.TraceComponent@4d5f1e30
      EMPTY_URL_ARRAY = class java.net.URL[0]
      smartClassPath = class com.ibm.ws.classloading.internal.ContainerClassLoader$SmartClassPathImpl@5d31ef35
      nativeLibraryContainers = class java.util.ArrayList@540cb3e9
      redefiner = class com.ibm.ws.classloading.internal.util.ClassRedefiner@778582ed
      mapCreationQueue = class java.util.concurrent.Executors$FinalizableDelegatedExecutorService@61743139
      serialVersionUID = 1420723314841411509
      serialVersionUID = -7411549862368381758
      $$$tc$$$ = class com.ibm.websphere.ras.TraceComponent@6927e6f9
      serialVersionUID = -4868702105808481416
      $$$tc$$$ = class com.ibm.websphere.ras.TraceComponent@43fe9cfe
      serialVersionUID = 2596921220292114344
      $$$tc$$$ = class com.ibm.websphere.ras.TraceComponent@3e232a2d
      initialized = true
      pdcache = class java.util.HashMap@4881cd76
      debug = null
      parent = class com.ibm.ws.classloading.internal.GatewayClassLoader@44459d33
      parallelLockMap = null
      package2certs = class java.util.Hashtable@5ac091ff
      nocerts = class java.security.cert.Certificate[0]
      classes = class java.util.Vector@85a85d5
      defaultDomain = class java.security.ProtectionDomain@3978eccc
      domains = class java.util.HashSet@7f546ce8
      packages = class java.util.HashMap@21c54594
      scl = class sun.misc.Launcher$AppClassLoader@14dad5dc
      sclSet = true
      loadedLibraryNames = class java.util.Vector@147ce14f
      systemNativeLibraries = class java.util.Vector@2499694c
      nativeLibraries = class java.util.Vector@7d6d0854
      nativeLibraryContext = class java.util.Stack@479fc27f
      usr_paths = class java.lang.String[6]
      sys_paths = class java.lang.String[1]
      assertionLock = class com.ibm.ws.classloading.internal.AppClassLoader@5b58ff79
      defaultAssertionStatus = false
      packageAssertionStatus = null
      classAssertionStatus = null
    webAppConfig = class com.ibm.ws.webcontainer.osgi.webapp.WebAppConfiguration@542edb38
      webModuleMetaData = class com.ibm.ws.webcontainer.osgi.metadata.WebModuleMetaDataImpl@36b4b06e
      webComponentMetaData = class com.ibm.ws.webcontainer.osgi.metadata.WebComponentMetaDataImpl@449236ba
      dVirtualHost = class com.ibm.ws.webcontainer.osgi.DynamicVirtualHost@26ff5174
      orderedLibPaths = class java.util.Collections$UnmodifiableRandomAccessList@45b56981
      bundleHeaders = null
      cdiEnabled = false
      CLASS_NAME = "com.ibm.ws.webcontainer.webapp.WebAppConfiguration"
      logger = class com.ibm.ws.logging.internal.WsLogger@25837917
      tc = class com.ibm.websphere.ras.TraceComponent@2316a3b
      nls = class com.ibm.ejs.ras.TraceNLS@76a0c667
      version = 30
      contextRoot = "/MongoRestApp"
      sessionTimeout = 0
      moduleSessionTimeoutSet = false
      moduleSessionTrackingModeSet = false
      sessionCookieConfig = class com.ibm.ws.session.SessionCookieConfigImpl@7b839e55
      hasProgrammaticCookieConfig = false
      sessionDefaultTrackingModeSet = class java.util.RegularEnumSet@5b57fed2
      sessionManagerConfig = class com.ibm.ws.session.SessionManagerConfig@2b618688
      displayName = "MongoRestApp"
      description = null
      reloadInterval = 0
      distributable = false
      denyUncoveredHttpMethods = false
      reloadingEnabled = false
      serveServletsByClassnameEnabled = false
      defaultErrorPage = null
      additionalClassPath = null
      fileServingEnabled = null
      directoryBrowsingEnabled = false
      autoRequestEncoding = false
      autoResponseEncoding = false
      autoLoadFilters = false
      requestListeners = null
      requestAttributeListeners = null
      sessionListeners = null
      localeMap = null
      moduleName = "MongoRestApp"
      j2eeModuleName = "MongoRestApp.war"
      moduleId = null
      isSyncToThreadEnabled = false
      isSystemApp = false
      ardEnabled = false
      ardDispatchType = null
      listeners = class java.util.ArrayList@7e1352b8
      welcomeFileList = class java.util.ArrayList@19850a19
      servletMappings = class java.util.HashMap@7d40c695
      lastIndexBeforeDeclaredFilters = 0
      filterMappings = class java.util.ArrayList@5ab25a73
      servletInfo = class java.util.HashMap@3e50550f
      filterInfo = class java.util.HashMap@fb4551e
      mimeMappings = class java.util.HashMap@74bb5e13
      mimeFilters = null
      isMimeFilteringEnabled = false
      theWebGroup = null
      jspAttributes = class java.util.HashMap@3c92e335
      fileServingAttributes = class java.util.HashMap@562185
      invokerAttributes = class java.util.HashMap@2d678834
      contextParams = class java.util.HashMap@302104d
      virtualHost = "default_host"
      exceptionErrorPages = class java.util.HashMap@28a2c053
      codeErrorPages = class java.util.HashMap@19c986cb
      tagLibList = null
      precompileJsps = false
      webApp = class com.ibm.ws.webcontainer31.osgi.webapp.WebApp31@64083273
      virtualHostList = class java.util.Collections$EmptyList@1872d9a6
      appStartupWeight = 0
      moduleStartupWeight = 0
      metaDataComplete = false
      classesToScan = class java.util.ArrayList@87e9bee
      uriFilterMappingInfos = class java.util.ArrayList@1b6d62d4
      servletFilterMappingInfos = null
      dynamicServletRegistrationMap = null
      applicationName = "MongoRestApp"
      libBinPathList = class java.util.ArrayList@257389b2
      webXmlDefinedListeners = class java.util.HashSet@7059ac09
      allRefs = class java.util.EnumMap@c04f807
      allRefBindings = class java.util.EnumMap@7c8f4091
      envEntryValues = class java.util.HashMap@450878ab
      resourceRefConfigList = null
      disallowAllFileServingProp = "false"
      disallowServeServletsByClassnameProp = "true"
      disableStaticMappingCache = false
      jspCachedLocations = class java.util.HashMap@780cade7
      _id = "WebAppGeneratedId61"
      _attributes = null
      serialVersionUID = 7511545662945734886
      $$$tc$$$ = class com.ibm.websphere.ras.TraceComponent@6816dbf2
    extensionProcessingDisabled = false
    internalServletMetaData = interface com.ibm.wsspi.webcontainer.metadata.WebComponentMetaData[2]
      internalServletMetaData[0] = null
      internalServletMetaData[1] = null
    loginProcessor = null
    logoutProcessor = null
    collabHelper = class com.ibm.ws.webcontainer.osgi.collaborator.CollaboratorHelperImpl@76a10d21
      webAppInvCollabs = class java.util.Collections$UnmodifiableSet@731986e3
      securityDomainForApp = null
      logger = class com.ibm.ws.logging.internal.WsLogger@7c57e4a8
      staticDefaultSecurityCollaborator = class com.ibm.ws.webcontainer.collaborator.WebAppSecurityCollaborator@f10661f
      logger = class com.ibm.ws.logging.internal.WsLogger@8ec71a1
      CLASS_NAME = "com.ibm.wsspi.webcontainer.collaborator.CollaboratorHelper"
      webApp = class com.ibm.ws.webcontainer31.osgi.webapp.WebApp31@64083273
      securityCollaborator = class com.ibm.ws.webcontainer.security.WebAppSecurityCollaboratorImpl@6ec9e142
      nameSpaceCollaborator = class com.ibm.ws.webcontainer.osgi.collaborator.WebAppNameSpaceCollaboratorImpl@2315e8a7
      transactionCollaborator = class com.ibm.ws.transaction.services.WebAppTransactionCollaboratorImpl@46d37563
      connectionCollaborator = class com.ibm.ws.webcontainer.collaborator.ConnectionCollaborator@5d03afed
      allCollabEnum = class java.util.RegularEnumSet@47f1114a
      servlet_23_or_greater = true
      DEFER_SERVLET_REQUEST_LISTENER_DESTROY_ON_ERROR = false
    envObject = class com.ibm.ws.util.WSThreadLocal@7ee21aba
      tc = class com.ibm.ejs.ras.TraceComponent@3debba72
      count = 7
      index = 4
      SUSPECTED_MISUSAGE_THRESHOLD = 200
      threadLocalHashCode = -1580135483
      nextHashCode = class java.util.concurrent.atomic.AtomicInteger@1c4cf635
      HASH_INCREMENT = 1640531527
    orderedLibPaths = class java.util.Collections$UnmodifiableRandomAccessList@45b56981
      serialVersionUID = -2542308836966382001
      serialVersionUID = -283967356065247728
      list = class java.util.ArrayList@35305db3
      serialVersionUID = 1820017752578914078
      c = class java.util.ArrayList@35305db3
    perm = class com.ibm.websphere.security.WebSphereRuntimePermission@f577658
      serialVersionUID = -3306242789188168337
      $$$tc$$$ = class com.ibm.websphere.ras.TraceComponent@67a988a0
      serialVersionUID = 6279438298436773498
      wildcard = false
      path = "accessServletContext"
      exitVM = false
      serialVersionUID = -5636570222231596674
      name = "accessServletContext"
    WELCOME_FILE_LIST = "com.ibm.ws.webcontainer.config.WelcomeFileList"
    DIR_BROWSING_MAPPING = "__dirBrowsing__1445372687474"
    FILTER_PROXY_MAPPING = "/__filterProxy__1445372687474"
    logger = class com.ibm.ws.logging.internal.WsLogger@25837917
      tc = class com.ibm.websphere.ras.TraceComponent@52eb4a85
      ivCachedResourceBundleName = "com.ibm.ws.webcontainer.resources.Messages"
      ivCachedResourceBundle = class com.ibm.ws.webcontainer.resources.Messages_en@6ccb5e8d
      ivComponent = null
      ivOrganization = null
      ivProduct = null
      ivMinimumLocalizationLevelIntValue = 625
      ivTC = class com.ibm.websphere.ras.TraceComponent@4197c66
      loggerRegistrationComponent = class java.lang.ThreadLocal@60ae7950
      emptyHandlers = class java.util.logging.Handler[0]
      offValue = 2147483647
      SYSTEM_LOGGER_RB_NAME = "sun.util.logging.resources.logging"
      SYSTEM_BUNDLE = class java.util.logging.Logger$LoggerBundle@3ceafb8d
      NO_RESOURCE_BUNDLE = class java.util.logging.Logger$LoggerBundle@113eb79
      manager = class com.ibm.ws.kernel.boot.logging.WsLogManager@126466f2
      name = "com.ibm.ws.webcontainer.webapp"
      handlers = class java.util.concurrent.CopyOnWriteArrayList@58d77f61
      loggerBundle = class java.util.logging.Logger$LoggerBundle@358c9bec
      useParentHandlers = true
      filter = null
      anonymous = false
      catalog = class com.ibm.ws.webcontainer.resources.Messages_en@6ccb5e8d
      catalogName = "com.ibm.ws.webcontainer.resources.Messages"
      catalogLocale = class java.util.Locale@1ce822cc
      treeLock = class java.lang.Object@4eb1cb76
      parent = class com.ibm.ws.logging.internal.WsLogger@1ac3dbd7
      kids = null
      levelObject = class java.util.logging.Level@63a38b3c
      levelValue = 800
      callersClassLoaderRef = class java.lang.ref.WeakReference@68540796
      isSystemLogger = false
      GLOBAL_LOGGER_NAME = "global"
      global = class java.util.logging.Logger@5b6527b
      $assertionsDisabled = true
    CLASS_NAME = "com.ibm.ws.webcontainer.webapp.WebApp"
    loader = class com.ibm.ws.classloading.internal.ThreadContextClassLoader@210ab836
      tc = class com.ibm.websphere.ras.TraceComponent@5e9515d7
      bundle = class java.util.concurrent.atomic.AtomicReference@249c8e10
      key = "WebModule:MongoRestApp#MongoRestApp.war"
      refCount = class java.util.concurrent.atomic.AtomicInteger@25414338
      appLoader = class com.ibm.ws.classloading.internal.AppClassLoader@5b58ff79
      serialVersionUID = 7093379526360135425
      followOnClassLoaders = class java.util.ArrayList@210d178e
      serialVersionUID = -5107316606107305512
      $$$tc$$$ = class com.ibm.websphere.ras.TraceComponent@9b41779
      serialVersionUID = -4868702105808481416
      $$$tc$$$ = class com.ibm.websphere.ras.TraceComponent@43fe9cfe
      serialVersionUID = 2596921220292114344
      $$$tc$$$ = class com.ibm.websphere.ras.TraceComponent@3e232a2d
      initialized = true
      pdcache = class java.util.HashMap@16e70bd9
      debug = null
      parent = class com.ibm.ws.classloading.internal.GatewayClassLoader@4abaa6af
      parallelLockMap = null
      package2certs = class java.util.Hashtable@56cbeb1b
      nocerts = class java.security.cert.Certificate[0]
      classes = class java.util.Vector@793c2a79
      defaultDomain = class java.security.ProtectionDomain@30c4f3b7
      domains = class java.util.HashSet@1e538fb5
      packages = class java.util.HashMap@17492c57
      scl = class sun.misc.Launcher$AppClassLoader@14dad5dc
      sclSet = true
      loadedLibraryNames = class java.util.Vector@147ce14f
      systemNativeLibraries = class java.util.Vector@2499694c
      nativeLibraries = class java.util.Vector@fbeb325
      nativeLibraryContext = class java.util.Stack@479fc27f
      usr_paths = class java.lang.String[6]
      sys_paths = class java.lang.String[1]
      assertionLock = class com.ibm.ws.classloading.internal.ThreadContextClassLoader@210ab836
      defaultAssertionStatus = false
      packageAssertionStatus = null
      classAssertionStatus = null
    facade = class com.ibm.ws.webcontainer31.facade.ServletContextFacade31@67e08d14
      context = class com.ibm.ws.webcontainer31.osgi.webapp.WebApp31@64083273
    features = class java.util.ArrayList@542933b6
      serialVersionUID = 8683452581122892189
      DEFAULT_CAPACITY = 10
      EMPTY_ELEMENTDATA = class java.lang.Object[0]
      DEFAULTCAPACITY_EMPTY_ELEMENTDATA = class java.lang.Object[0]
      elementData = class java.lang.Object[0]
      size = 0
      MAX_ARRAY_SIZE = 2147483639
      modCount = 0
      MAX_ARRAY_SIZE = 2147483639
    applicationName = "MongoRestApp"
    config = class com.ibm.ws.webcontainer.osgi.webapp.WebAppConfiguration@542edb38
    securityEnabledForApp = true
    webExtensionProcessor = class com.ibm.ws.webcontainer.osgi.extension.WebExtensionProcessor@2a1ff417
      webApp = class com.ibm.ws.webcontainer31.osgi.webapp.WebApp31@64083273
      extensionContext = class com.ibm.ws.webcontainer31.osgi.webapp.WebApp31@64083273
    production = true
    isServlet23 = true
    contextPath = "/MongoRestApp"
    internalServletList = class [Ljava.lang.String;[2]
      internalServletList[0] = class java.lang.String[2]
      internalServletList[1] = class java.lang.String[2]
    BY_NAME_ONLY = "/_1445627059131_/"
    filterManager = class com.ibm.ws.webcontainer.osgi.filter.WebAppFilterManagerImpl@2763d40c
      _filterWrappers = class java.util.Hashtable@6ca6d45
      chainCache = class java.util.Collections$SynchronizedMap@60b922d9
      forwardChainCache = class java.util.Collections$SynchronizedMap@10e08902
      includeChainCache = class java.util.Collections$SynchronizedMap@194f272
      errorChainCache = class java.util.Collections$SynchronizedMap@54610740
      _filtersDefined = true
      FMI_MAPPING_SINGLE_SLASH = 0
      FMI_MAPPING_PATH_MATCH = 1
      FMI_MAPPING_EXTENSION_MATCH = 2
      FMI_MAPPING_EXACT_MATCH = 3
      logger = class com.ibm.ws.logging.internal.WsLogger@5419fea6
      CLASS_NAME = "com.ibm.ws.webcontainer.filter.WebAppFilterManager"
      nls = class com.ibm.ejs.ras.TraceNLS@7be18c0b
      webAppConfig = class com.ibm.ws.webcontainer.osgi.webapp.WebAppConfiguration@542edb38
      webApp = class com.ibm.ws.webcontainer31.osgi.webapp.WebApp31@64083273
      collabHelper = class com.ibm.ws.webcontainer.osgi.collaborator.CollaboratorHelperImpl@76a10d21
      webAppNameSpaceCollab = class com.ibm.ws.webcontainer.osgi.collaborator.WebAppNameSpaceCollaboratorImpl@2315e8a7
      secCollab = class com.ibm.ws.webcontainer.security.WebAppSecurityCollaboratorImpl@6ec9e142
      sessionSecurityIntegrationEnabled = true
      assumeFilterSuccessOnSecurityError = false
      useOriginalRequestState = false
      _evtSource = class com.ibm.ws.webcontainer.webapp.WebAppEventSource@6f2013d7
      defaultComponentMetaData = class com.ibm.ws.webcontainer.osgi.metadata.WebComponentMetaDataImpl@449236ba
      DEFER_SERVLET_REQUEST_LISTENER_DESTROY_ON_ERROR = false
    documentRoot = null
    SERVLET_API_VERSION = "Servlet 2.5"
    disableServletAuditLogging = -1
    serverInfo = "IBM WebSphere Liberty/8.5.5.7"
    sessionCtx = class com.ibm.ws.webcontainer31.session.impl.HttpSessionContext31Impl@3acaf7d5
      methodClassName = "HttpSessionContextImpl"
      _smc = class com.ibm.ws.session.SessionManagerConfig@2b618688
      sessionStoreService = null
      _sap = class com.ibm.ws.session.SessionApplicationParameters@53e3a621
      _coreHttpSessionManager = class com.ibm.ws.session.SessionManager@55eeef04
      _coreHttpAppSessionManager = null
      _sam = class com.ibm.ws.webcontainer.session.impl.SessionAffinityManagerImpl@53251832
      isSIPApplication = false
      sessionAttributeListener = false
      sessionListener = true
      mHttpSessionAttributeListeners = class java.util.ArrayList@4e5bf424
      mHttpSessionListeners = class java.util.ArrayList@c79160
      mHttpSessionIdListeners = class java.util.ArrayList@22f3d8b3
      mHttpSessionAttributeListenersJ2eeNames = class java.util.ArrayList@59ecb057
      mHttpSessionListenersJ2eeNames = class java.util.ArrayList@4807859a
      mHttpSessionIdListenersJ2eeNames = class java.util.ArrayList@74f7416b
      mLocalHost = null
      _refCount = 1
      currentThreadSacHashtable = null
      methodClassName = "SessionContext"
      ANONYMOUS_USER = "anonymous"
      wasHttpSessionObserver = class com.ibm.ws.session.WasHttpSessionObserver@487d3906
      wasHttpSessionAttributeObserver = null
      _invalidator = class com.ibm.ws.session.SessionInvalidatorWithThreadPool@74af4656
      _storer = class com.ibm.ws.session.EOSSessionStorer@70360c
      wasHttpAppSessionObserver = null
      mHttpAppSessionListeners = null
      cmvcInfo = "CMVC Version 1.9 6/24/07 11:12:24"
      _loggedVersion = true
      CREATE_CORE_SESSION_MANAGER = 0
      GET_REQUESTED_SESSION_ID = 1
      GET_IHTTP_SESSION = 2
      SESSION_PRE_INVOKE = 3
      SESSION_POST_INVOKE = 4
      STOP = 5
      STOP_LISTENERS = 6
      IS_VALID = 7
      ENCODE_URL = 8
      SHOULD_ENCODE_URL = 9
      IS_PROTOCOL_SWITCH = 10
      GET_LOCAL_HOST = 11
      ADD_HTTP_SESSION_ATTRIBUTE_LISTENER = 12
      ADD_HTTP_SESSION_LISTENER = 13
      GET_SESSION_AFFINITY_CONTEXT = 14
      CHECK_SECURITY = 15
      INVALIDATE = 16
      CHECK_SESSSIONID_IS_RIGHT_LENGTH = 17
      LOCK_SESSION = 18
      UNLOCK_SESSION = 19
      ADD_HTTP_SESSION_ID_LISTENER = 20
      methodNames = class java.lang.String[21]
    eventSource = class com.ibm.ws.webcontainer.webapp.WebAppEventSource@6f2013d7
      _invocationListeners = class com.ibm.ws.webcontainer.util.EventListeners@7d6758ff
      _servletListeners = class com.ibm.ws.webcontainer.util.EventListeners@69db66c8
      _errorListeners = class com.ibm.ws.webcontainer.util.EventListeners@4ffa0ee3
      _applicationListeners = class com.ibm.ws.webcontainer.util.EventListeners@137d5b5b
      _filterInvocationListeners = class com.ibm.ws.webcontainer.util.EventListeners@549a496b
      _filterListeners = class com.ibm.ws.webcontainer.util.EventListeners@66c59816
      _filterErrorListeners = class com.ibm.ws.webcontainer.util.EventListeners@79d70f3b
    nls = class com.ibm.ejs.ras.TraceNLS@71377b34
      resolver = class com.ibm.ws.logging.internal.TraceNLSResolver@4cd1fa60
      finder = class com.ibm.ws.logging.internal.StackFinder@4a250db
      ivBundleName = "com.ibm.ws.webcontainer.resources.Messages"
      caller = class java.lang.Class@483c5855
    liberty_nls = class com.ibm.ejs.ras.TraceNLS@10602e8a
      resolver = class com.ibm.ws.logging.internal.TraceNLSResolver@4cd1fa60
      finder = class com.ibm.ws.logging.internal.StackFinder@4a250db
      ivBundleName = "com.ibm.ws.webcontainer.resources.LShimMessages"
      caller = class java.lang.Class@483c5855
    error_nls = class com.ibm.ejs.ras.TraceNLS@63896808
      resolver = class com.ibm.ws.logging.internal.TraceNLSResolver@4cd1fa60
      finder = class com.ibm.ws.logging.internal.StackFinder@4a250db
      ivBundleName = "com.ibm.ws.webcontainer.resources.ErrorPage"
      caller = class java.lang.Class@483c5855
    sessionListeners = class java.util.ArrayList@68e2125e
      serialVersionUID = 8683452581122892189
      DEFAULT_CAPACITY = 10
      EMPTY_ELEMENTDATA = class java.lang.Object[0]
      DEFAULTCAPACITY_EMPTY_ELEMENTDATA = class java.lang.Object[0]
      elementData = class java.lang.Object[10]
      size = 1
      MAX_ARRAY_SIZE = 2147483639
      modCount = 2
      MAX_ARRAY_SIZE = 2147483639
    sessionIdListeners = class java.util.ArrayList@519878fa
      serialVersionUID = 8683452581122892189
      DEFAULT_CAPACITY = 10
      EMPTY_ELEMENTDATA = class java.lang.Object[0]
      DEFAULTCAPACITY_EMPTY_ELEMENTDATA = class java.lang.Object[0]
      elementData = class java.lang.Object[0]
      size = 0
      MAX_ARRAY_SIZE = 2147483639
      modCount = 0
      MAX_ARRAY_SIZE = 2147483639
    sessionAttrListeners = class java.util.ArrayList@3c015943
      serialVersionUID = 8683452581122892189
      DEFAULT_CAPACITY = 10
      EMPTY_ELEMENTDATA = class java.lang.Object[0]
      DEFAULTCAPACITY_EMPTY_ELEMENTDATA = class java.lang.Object[0]
      elementData = class java.lang.Object[0]
      size = 0
      MAX_ARRAY_SIZE = 2147483639
      modCount = 1
      MAX_ARRAY_SIZE = 2147483639
    addedSessionListeners = class java.util.ArrayList@53505bbf
      serialVersionUID = 8683452581122892189
      DEFAULT_CAPACITY = 10
      EMPTY_ELEMENTDATA = class java.lang.Object[0]
      DEFAULTCAPACITY_EMPTY_ELEMENTDATA = class java.lang.Object[0]
      elementData = class java.lang.Object[0]
      size = 0
      MAX_ARRAY_SIZE = 2147483639
      modCount = 0
      MAX_ARRAY_SIZE = 2147483639
    addedSessionAttrListeners = class java.util.ArrayList@2bd8c369
      serialVersionUID = 8683452581122892189
      DEFAULT_CAPACITY = 10
      EMPTY_ELEMENTDATA = class java.lang.Object[0]
      DEFAULTCAPACITY_EMPTY_ELEMENTDATA = class java.lang.Object[0]
      elementData = class java.lang.Object[0]
      size = 0
      MAX_ARRAY_SIZE = 2147483639
      modCount = 0
      MAX_ARRAY_SIZE = 2147483639
    servletContextListeners = class java.util.ArrayList@39152140
      serialVersionUID = 8683452581122892189
      DEFAULT_CAPACITY = 10
      EMPTY_ELEMENTDATA = class java.lang.Object[0]
      DEFAULTCAPACITY_EMPTY_ELEMENTDATA = class java.lang.Object[0]
      elementData = class java.lang.Object[10]
      size = 4
      MAX_ARRAY_SIZE = 2147483639
      modCount = 5
      MAX_ARRAY_SIZE = 2147483639
    servletContextLAttrListeners = class java.util.ArrayList@f68ac60
      serialVersionUID = 8683452581122892189
      DEFAULT_CAPACITY = 10
      EMPTY_ELEMENTDATA = class java.lang.Object[0]
      DEFAULTCAPACITY_EMPTY_ELEMENTDATA = class java.lang.Object[0]
      elementData = class java.lang.Object[0]
      size = 0
      MAX_ARRAY_SIZE = 2147483639
      modCount = 1
      MAX_ARRAY_SIZE = 2147483639
    servletRequestListeners = class java.util.ArrayList@5e349391
      serialVersionUID = 8683452581122892189
      DEFAULT_CAPACITY = 10
      EMPTY_ELEMENTDATA = class java.lang.Object[0]
      DEFAULTCAPACITY_EMPTY_ELEMENTDATA = class java.lang.Object[0]
      elementData = class java.lang.Object[0]
      size = 0
      MAX_ARRAY_SIZE = 2147483639
      modCount = 1
      MAX_ARRAY_SIZE = 2147483639
    servletRequestLAttrListeners = class java.util.ArrayList@339ad0b5
      serialVersionUID = 8683452581122892189
      DEFAULT_CAPACITY = 10
      EMPTY_ELEMENTDATA = class java.lang.Object[0]
      DEFAULTCAPACITY_EMPTY_ELEMENTDATA = class java.lang.Object[0]
      elementData = class java.lang.Object[0]
      size = 0
      MAX_ARRAY_SIZE = 2147483639
      modCount = 1
      MAX_ARRAY_SIZE = 2147483639
    prependSlashToResource = false
    destroyed = false
    webAppNameSpaceCollab = class com.ibm.ws.webcontainer.osgi.collaborator.WebAppNameSpaceCollaboratorImpl@2315e8a7
      cmdai = class com.ibm.ws.threadContext.ComponentMetaDataAccessorImpl@356e9db3
    txCollab = class com.ibm.ws.transaction.services.WebAppTransactionCollaboratorImpl@46d37563
      tc = class com.ibm.websphere.ras.TraceComponent@4b26d228
      ltCurrentRef = class com.ibm.wsspi.kernel.service.utils.AtomicServiceReference@27f1c3ab
      tranMgrRef = class com.ibm.wsspi.kernel.service.utils.AtomicServiceReference@1e180b75
      userTranRef = class com.ibm.wsspi.kernel.service.utils.AtomicServiceReference@1cdb69fe
      uowCallbackRef = class com.ibm.wsspi.kernel.service.utils.AtomicServiceReference@201c7771
      serialVersionUID = -8319003162899973281
    sessionActivationListeners = class java.util.ArrayList@69d45b09
      serialVersionUID = 8683452581122892189
      DEFAULT_CAPACITY = 10
      EMPTY_ELEMENTDATA = class java.lang.Object[0]
      DEFAULTCAPACITY_EMPTY_ELEMENTDATA = class java.lang.Object[0]
      elementData = class java.lang.Object[0]
      size = 0
      MAX_ARRAY_SIZE = 2147483639
      modCount = 1
      MAX_ARRAY_SIZE = 2147483639
    sessionBindingListeners = class java.util.ArrayList@1386e5b9
      serialVersionUID = 8683452581122892189
      DEFAULT_CAPACITY = 10
      EMPTY_ELEMENTDATA = class java.lang.Object[0]
      DEFAULTCAPACITY_EMPTY_ELEMENTDATA = class java.lang.Object[0]
      elementData = class java.lang.Object[0]
      size = 0
      MAX_ARRAY_SIZE = 2147483639
      modCount = 1
      MAX_ARRAY_SIZE = 2147483639
    scratchdir = null
    jspClassLoaderLimit = 0
    jspClassLoaderExclusionList = null
    jspClassLoadersMap = null
    jspClassLoaderLimitTrackIF = false
    defaultExtProc = null
    directoryBrowsingServlet = null
    cdiContexts = class java.util.concurrent.ConcurrentHashMap@767c9004
      serialVersionUID = 7249069246763182397
      MAXIMUM_CAPACITY = 1073741824
      DEFAULT_CAPACITY = 16
      MAX_ARRAY_SIZE = 2147483639
      DEFAULT_CONCURRENCY_LEVEL = 16
      LOAD_FACTOR = 0.75
      TREEIFY_THRESHOLD = 8
      UNTREEIFY_THRESHOLD = 6
      MIN_TREEIFY_CAPACITY = 64
      MIN_TRANSFER_STRIDE = 16
      RESIZE_STAMP_BITS = 16
      MAX_RESIZERS = 65535
      RESIZE_STAMP_SHIFT = 16
      MOVED = -1
      TREEBIN = -2
      RESERVED = -3
      HASH_BITS = 2147483647
      NCPU = 4
      serialPersistentFields = class java.io.ObjectStreamField[3]
      table = null
      nextTable = null
      baseCount = 0
      sizeCtl = 0
      transferIndex = 0
      cellsBusy = 0
      counterCells = null
      keySet = null
      values = null
      entrySet = null
      U = class sun.misc.Unsafe@77b83e98
      SIZECTL = 20
      TRANSFERINDEX = 32
      BASECOUNT = 24
      CELLSBUSY = 36
      CELLVALUE = 144
      ABASE = 16
      ASHIFT = 2
      keySet = null
      values = null
    moduleConfig = class com.ibm.ws.webcontainer.osgi.container.DeployedModule@7a201ebc
      tc = class com.ibm.websphere.ras.TraceComponent@312ac1c3
      loader = class com.ibm.ws.classloading.internal.ThreadContextClassLoader@210ab836
      webApp = class com.ibm.ws.webcontainer31.osgi.webapp.WebApp31@64083273
      webAppConfig = class com.ibm.ws.webcontainer.osgi.webapp.WebAppConfiguration@542edb38
      contextRootAdded = null
      properContextRoot = "/MongoRestApp"
      mappingContextRoot = "/MongoRestApp/*"
      serialVersionUID = -2104814060051592457
      $$$tc$$$ = class com.ibm.websphere.ras.TraceComponent@c3fe027
    extensionFactories = class java.util.ArrayList@1808659a
      serialVersionUID = 8683452581122892189
      DEFAULT_CAPACITY = 10
      EMPTY_ELEMENTDATA = class java.lang.Object[0]
      DEFAULTCAPACITY_EMPTY_ELEMENTDATA = class java.lang.Object[0]
      elementData = class java.lang.Object[10]
      size = 6
      MAX_ARRAY_SIZE = 2147483639
      modCount = 10
      MAX_ARRAY_SIZE = 2147483639
    initialized = true
    lock = class com.ibm.ws.webcontainer.webapp.WebApp$1@31e70ee2
      this$0 = class com.ibm.ws.webcontainer31.osgi.webapp.WebApp31@64083273
    afterServletContextCreated = false
    redirectContextRoot = false
    errorExceptionTypeFirst = false
    initFilterBeforeServletInit = false
    sortedServletConfigs = class java.util.ArrayList@15e89e4a
      serialVersionUID = 8683452581122892189
      DEFAULT_CAPACITY = 10
      EMPTY_ELEMENTDATA = class java.lang.Object[0]
      DEFAULTCAPACITY_EMPTY_ELEMENTDATA = class java.lang.Object[0]
      elementData = class java.lang.Object[10]
      size = 1
      MAX_ARRAY_SIZE = 2147483639
      modCount = 1
      MAX_ARRAY_SIZE = 2147483639
    effectiveMajorVersion = 3
    effectiveMinorVersion = 0
    canAddServletContextListener = true
    withinContextInitOfProgAddListener = false
    lastProgAddListenerInitialized = "com.ibm.ws.cache.CacheServiceImpl"
    webInfLibClassloader = null
    metaInfCache = class com.ibm.ws.webcontainer.webapp.WebApp$2@786d043
      this$0 = class com.ibm.ws.webcontainer31.osgi.webapp.WebApp31@64083273
      serialVersionUID = 3801124242820219131
      head = null
      tail = null
      accessOrder = true
      serialVersionUID = 362498820763181265
      DEFAULT_INITIAL_CAPACITY = 16
      MAXIMUM_CAPACITY = 1073741824
      DEFAULT_LOAD_FACTOR = 0.75
      TREEIFY_THRESHOLD = 8
      UNTREEIFY_THRESHOLD = 6
      MIN_TREEIFY_CAPACITY = 64
      table = null
      entrySet = null
      size = 0
      modCount = 0
      threshold = 32
      loadFactor = 1.0
      keySet = null
      values = null
    useMetaInfCache = true
    SUN_CONFIGURE_LISTENER_CLASSNAME = "com.sun.faces.config.ConfigureListener"
    MYFACES_LIFECYCLE_LISTENER_CLASSNAME = "org.apache.myfaces.webapp.StartupServletContextListener"
    JSF_IMPL_ENABLED_PARAM = "com.ibm.ws.jsf.JSF_IMPL_ENABLED"
    JSF_IMPL_ENABLED_CUSTOM = "Custom"
    JSF_IMPL_ENABLED_NONE = "None"
    staticDocRoot = class com.ibm.ws.webcontainer.util.DocumentRootUtils@7d29ebf1
      logger = class com.ibm.ws.logging.internal.WsLogger@750af965
      CLASS_NAME = "com.ibm.ws.webcontainer.util.DocumentRootUtils"
      useContentLength = false
      matchedFile = null
      matchedZipFile = null
      matchedEntry = null
      matchedURL = null
      edrRoot = null
      pfedrRoot = null
      ctxt = class com.ibm.ws.webcontainer31.osgi.webapp.WebApp31@64083273
      baseDir = null
      edr = null
      pfedr = null
      metaInfRes = null
      searchpfEDR = false
      searchEDR = false
      searchMetaInfRes = true
      matchFromEDR = false
      matchFromMetaInfRes = false
      matchIsADirectory = false
      appConfig = class com.ibm.ws.webcontainer.osgi.webapp.WebAppConfiguration@542edb38
      attributeType = "staticFile"
      STATIC_FILE = "staticFile"
      JSP = "jsp"
      PFEDR = "preFragmentExtendedDocumentRoot"
      EDR = "extendedDocumentRoot"
    jspDocRoot = class com.ibm.ws.webcontainer.util.DocumentRootUtils@74307aa8
      logger = class com.ibm.ws.logging.internal.WsLogger@750af965
      CLASS_NAME = "com.ibm.ws.webcontainer.util.DocumentRootUtils"
      useContentLength = false
      matchedFile = null
      matchedZipFile = null
      matchedEntry = null
      matchedURL = null
      edrRoot = null
      pfedrRoot = null
      ctxt = class com.ibm.ws.webcontainer31.osgi.webapp.WebApp31@64083273
      baseDir = null
      edr = null
      pfedr = null
      metaInfRes = null
      searchpfEDR = false
      searchEDR = false
      searchMetaInfRes = true
      matchFromEDR = false
      matchFromMetaInfRes = false
      matchIsADirectory = false
      appConfig = class com.ibm.ws.webcontainer.osgi.webapp.WebAppConfiguration@542edb38
      attributeType = "jsp"
      STATIC_FILE = "staticFile"
      JSP = "jsp"
      PFEDR = "preFragmentExtendedDocumentRoot"
      EDR = "extendedDocumentRoot"
    container = class com.ibm.ws.adaptable.module.internal.AdaptableContainerImpl@612a900d
      root = class com.ibm.ws.adaptable.module.internal.AdaptableContainerImpl@612a900d
      rootOverlay = class com.ibm.ws.artifact.overlay.internal.DirectoryBasedOverlayContainerImpl@5fe28a1c
      factoryHolder = class com.ibm.ws.adaptable.module.internal.AdaptableModuleFactoryImpl@3a6b8c67
      delegate = class com.ibm.ws.artifact.overlay.internal.DirectoryBasedOverlayContainerImpl@5fe28a1c
      notifier = class com.ibm.ws.adaptable.module.internal.NotifierImpl@54809d91
      serialVersionUID = -5621513278641113667
      $$$tc$$$ = class com.ibm.websphere.ras.TraceComponent@3e6de36a
    metaInfResourceFinder = class com.ibm.ws.webcontainer.util.MetaInfResourceFinder@257ba0aa
      jarResourceContainers = class java.util.ArrayList@4b05a21f
      container = class com.ibm.ws.adaptable.module.internal.AdaptableContainerImpl@612a900d
    postConstructMethods = class com.ibm.ws.webcontainer.webapp.WebApp$AnnotatedMethods@14ce688e
      annotationClass = class java.lang.Class@54a3d21d
      noOpClassNames = class java.util.Collections$SynchronizedSet@3e74b201
      annotatedMethodNames = class java.util.concurrent.ConcurrentHashMap@23188431
      EMPTY_METHODS = class java.lang.reflect.Method[0]
    preDestroyMethods = class com.ibm.ws.webcontainer.webapp.WebApp$AnnotatedMethods@260a6f85
      annotationClass = class java.lang.Class@61a4a466
      noOpClassNames = class java.util.Collections$SynchronizedSet@5baf6b7c
      annotatedMethodNames = class java.util.concurrent.ConcurrentHashMap@42e8d15
      EMPTY_METHODS = class java.lang.reflect.Method[0]
    OBJ_EMPTY = class java.lang.Object[0]
    CLASS_EMPTY = class java.lang.Class[0]
    DEFAULT_JSP_EXTENSIONS = class java.util.ArrayList@7359a315
      serialVersionUID = 8683452581122892189
      DEFAULT_CAPACITY = 10
      EMPTY_ELEMENTDATA = class java.lang.Object[0]
      DEFAULTCAPACITY_EMPTY_ELEMENTDATA = class java.lang.Object[0]
      elementData = class java.lang.Object[10]
      size = 4
      MAX_ARRAY_SIZE = 2147483639
      modCount = 4
      MAX_ARRAY_SIZE = 2147483639
    DEFER_SERVLET_REQUEST_LISTENER_DESTROY_ON_ERROR = false
    DO_ACCEPT_PARTIAL = true
    DO_NOT_ACCEPT_PARTIAL = false
    DO_ACCEPT_EXCLUDED = true
    DO_NOT_ACCEPT_EXCLUDED = false
    commands = class java.util.ArrayList@5118b4d6
      serialVersionUID = 8683452581122892189
      DEFAULT_CAPACITY = 10
      EMPTY_ELEMENTDATA = class java.lang.Object[0]
      DEFAULTCAPACITY_EMPTY_ELEMENTDATA = class java.lang.Object[0]
      elementData = class java.lang.Object[3]
      size = 0
      MAX_ARRAY_SIZE = 2147483639
      modCount = 0
      MAX_ARRAY_SIZE = 2147483639
    requestMapper = class com.ibm.wsspi.webcontainer.util.URIMapper@299e20af
      matcher = class com.ibm.wsspi.webcontainer.util.URIMatcher@650c3896
    parent = class com.ibm.ws.webcontainer.osgi.webapp.WebGroup@4ef3b70a
      tc = class com.ibm.websphere.ras.TraceComponent@6c11374f
      logger = class com.ibm.ws.logging.internal.WsLogger@25837917
      CLASS_NAME = "com.ibm.ws.webcontainer.webapp.WebGroup"
      sessUrlRewritePrefix = ";jsessionid="
      qMark = "?"
      config = class com.ibm.ws.webcontainer.osgi.webapp.WebGroupConfiguration@934d9
      webApp = class com.ibm.ws.webcontainer31.osgi.webapp.WebApp31@64083273
      commands = class java.util.ArrayList@6dee4a2
      requestMapper = null
      parent = class com.ibm.ws.webcontainer.osgi.DynamicVirtualHost@26ff5174
      name = "/MongoRestApp/*"
      isAlive = true
      subElements = class java.util.HashMap@4c91d947
      attributes = null
      config = null
      serialVersionUID = -8271459000149267764
      $$$tc$$$ = class com.ibm.websphere.ras.TraceComponent@1802ff5a
    name = "MongoRestApp"
    isAlive = true
    subElements = null
    attributes = class java.util.Collections$SynchronizedMap@3bf09f16
      serialVersionUID = 1978198479659022715
      m = class java.util.HashMap@1021cf0
      mutex = class java.util.Collections$SynchronizedMap@3bf09f16
      keySet = null
      entrySet = null
      values = null
    config = null
    serialVersionUID = -8271459000149267764
    $$$tc$$$ = class com.ibm.websphere.ras.TraceComponent@1802ff5a
      strings[0] = "TraceComponent[com.ibm.ws.container.AbstractContainer,class com.ibm.ws.container.AbstractContainer,[],null,null]"

