------Start of DE processing------ = [10/23/15 14:04:45:308 CDT]
Exception = com.ibm.websphere.servlet.error.ServletErrorReport
Source = com.ibm.ws.webcontainer.filter.FilterInstanceWrapper.doFilter
probeid = 144
Stack Dump = com.ibm.websphere.servlet.error.ServletErrorReport: java.lang.Error: Unresolved compilation problems: 
	The local variable putData may not have been initialized
	The local variable putData may not have been initialized

	at com.ibm.ws.webcontainer.servlet.ServletWrapper.service(ServletWrapper.java:1383)
	at com.ibm.ws.webcontainer.servlet.ServletWrapper.handleRequest(ServletWrapper.java:778)
	at com.ibm.ws.webcontainer.servlet.ServletWrapper.handleRequest(ServletWrapper.java:475)
	at com.ibm.ws.webcontainer.filter.WebAppFilterChain.invokeTarget(WebAppFilterChain.java:146)
	at com.ibm.ws.webcontainer.filter.WebAppFilterChain.doFilter(WebAppFilterChain.java:93)
	at com.ibm.ws.security.jaspi.JaspiServletFilter.doFilter(JaspiServletFilter.java:57)
	at com.ibm.ws.webcontainer.filter.FilterInstanceWrapper.doFilter(FilterInstanceWrapper.java:207)
	at com.ibm.ws.webcontainer.filter.WebAppFilterChain.doFilter(WebAppFilterChain.java:90)
	at com.ibm.ws.webcontainer.filter.WebAppFilterManager.doFilter(WebAppFilterManager.java:1020)
	at com.ibm.ws.webcontainer.filter.WebAppFilterManager.invokeFilters(WebAppFilterManager.java:1142)
	at com.ibm.ws.webcontainer.webapp.WebApp.handleRequest(WebApp.java:4867)
	at com.ibm.ws.webcontainer31.osgi.webapp.WebApp31.handleRequest(WebApp31.java:523)
	at com.ibm.ws.webcontainer.osgi.DynamicVirtualHost$2.handleRequest(DynamicVirtualHost.java:297)
	at com.ibm.ws.webcontainer.WebContainer.handleRequest(WebContainer.java:997)
	at com.ibm.ws.webcontainer.osgi.DynamicVirtualHost$2.run(DynamicVirtualHost.java:262)
	at com.ibm.ws.http.dispatcher.internal.channel.HttpDispatcherLink$TaskWrapper.run(HttpDispatcherLink.java:955)
	at com.ibm.ws.http.dispatcher.internal.channel.HttpDispatcherLink.ready(HttpDispatcherLink.java:341)
	at com.ibm.ws.http.channel.internal.inbound.HttpInboundLink.handleDiscrimination(HttpInboundLink.java:470)
	at com.ibm.ws.http.channel.internal.inbound.HttpInboundLink.handleNewRequest(HttpInboundLink.java:404)
	at com.ibm.ws.http.channel.internal.inbound.HttpInboundLink.processRequest(HttpInboundLink.java:284)
	at com.ibm.ws.http.channel.internal.inbound.HttpInboundLink.ready(HttpInboundLink.java:255)
	at com.ibm.ws.tcpchannel.internal.NewConnectionInitialReadCallback.sendToDiscriminators(NewConnectionInitialReadCallback.java:174)
	at com.ibm.ws.tcpchannel.internal.NewConnectionInitialReadCallback.complete(NewConnectionInitialReadCallback.java:83)
	at com.ibm.ws.tcpchannel.internal.WorkQueueManager.requestComplete(WorkQueueManager.java:504)
	at com.ibm.ws.tcpchannel.internal.WorkQueueManager.attemptIO(WorkQueueManager.java:574)
	at com.ibm.ws.tcpchannel.internal.WorkQueueManager.workerRun(WorkQueueManager.java:929)
	at com.ibm.ws.tcpchannel.internal.WorkQueueManager$Worker.run(WorkQueueManager.java:1018)
	at java.util.concurrent.ThreadPoolExecutor.runWorker(ThreadPoolExecutor.java:1142)
	at java.util.concurrent.ThreadPoolExecutor$Worker.run(ThreadPoolExecutor.java:617)
	at java.lang.Thread.run(Thread.java:745)
Caused by: java.lang.Error: Unresolved compilation problems: 
	The local variable putData may not have been initialized
	The local variable putData may not have been initialized

	at edu.umkc.mongorestapp.UserServlet.doGet(UserServlet.java:117)
	at javax.servlet.http.HttpServlet.service(HttpServlet.java:687)
	at javax.servlet.http.HttpServlet.service(HttpServlet.java:790)
	at com.ibm.ws.webcontainer.servlet.ServletWrapper.service(ServletWrapper.java:1287)
	... 29 more

Dump of callerThis
Object type = com.ibm.ws.webcontainer.filter.FilterInstanceWrapper
  FILTER_STATE_UNINITIALIZED = 0
  FILTER_STATE_INITIALIZING = 1
  FILTER_STATE_AVAILABLE = 2
  FILTER_STATE_DESTROYING = 3
  FILTER_STATE_DESTROYED = 4
  FILTER_STATE_UNAVAILABLE = 5
  _filterName = "com.ibm.ws.security.jaspi.servlet.filter"
  _filterInstance = class com.ibm.ws.security.jaspi.JaspiServletFilter@235ad4f1
    serialVersionUID = -1292833612206940252
    $$$tc$$$ = class com.ibm.websphere.ras.TraceComponent@25b7d79c
      strings[0] = "TraceComponent[com.ibm.ws.security.jaspi.JaspiServletFilter,class com.ibm.ws.security.jaspi.JaspiServletFilter,[security],com.ibm.ws.security.jaspi.internal.resources.JaspiMessages,null]"
  _filterState = 2
  nServicing = class java.util.concurrent.atomic.AtomicInteger@3b84ada
    serialVersionUID = 6214790243416807050
    unsafe = class sun.misc.Unsafe@77b83e98
      theUnsafe = class sun.misc.Unsafe@77b83e98
      INVALID_FIELD_OFFSET = -1
      ARRAY_BOOLEAN_BASE_OFFSET = 16
      ARRAY_BYTE_BASE_OFFSET = 16
      ARRAY_SHORT_BASE_OFFSET = 16
      ARRAY_CHAR_BASE_OFFSET = 16
      ARRAY_INT_BASE_OFFSET = 16
      ARRAY_LONG_BASE_OFFSET = 16
      ARRAY_FLOAT_BASE_OFFSET = 16
      ARRAY_DOUBLE_BASE_OFFSET = 16
      ARRAY_OBJECT_BASE_OFFSET = 16
      ARRAY_BOOLEAN_INDEX_SCALE = 1
      ARRAY_BYTE_INDEX_SCALE = 1
      ARRAY_SHORT_INDEX_SCALE = 2
      ARRAY_CHAR_INDEX_SCALE = 2
      ARRAY_INT_INDEX_SCALE = 4
      ARRAY_LONG_INDEX_SCALE = 8
      ARRAY_FLOAT_INDEX_SCALE = 4
      ARRAY_DOUBLE_INDEX_SCALE = 8
      ARRAY_OBJECT_INDEX_SCALE = 4
      ADDRESS_SIZE = 8
    valueOffset = 12
    value = 0
    serialVersionUID = -8742448824652078965
  logger = class com.ibm.ws.logging.internal.WsLogger@5419fea6
    tc = class com.ibm.websphere.ras.TraceComponent@52eb4a85
      strings[0] = "TraceComponent[com.ibm.ws.logging.internal.WsLogger,class com.ibm.ws.logging.internal.WsLogger,[logging],com.ibm.ws.logging.internal.resources.LoggingMessages,null]"
    ivCachedResourceBundleName = null
    ivCachedResourceBundle = null
    ivComponent = null
    ivOrganization = null
    ivProduct = null
    ivMinimumLocalizationLevelIntValue = 625
    ivTC = class com.ibm.websphere.ras.TraceComponent@f90c3a2
      strings[0] = "TraceComponent[com.ibm.ws.webcontainer.filter,class com.ibm.wsspi.webcontainer.logging.LoggerFactory$1,[com.ibm.ws.webcontainer.filter],null,null]"
    loggerRegistrationComponent = class java.lang.ThreadLocal@60ae7950
      threadLocalHashCode = -1957966946
      nextHashCode = class java.util.concurrent.atomic.AtomicInteger@1c4cf635
      HASH_INCREMENT = 1640531527
    emptyHandlers = class java.util.logging.Handler[0]
    offValue = 2147483647
    SYSTEM_LOGGER_RB_NAME = "sun.util.logging.resources.logging"
    SYSTEM_BUNDLE = class java.util.logging.Logger$LoggerBundle@3ceafb8d
      resourceBundleName = "sun.util.logging.resources.logging"
      userBundle = null
    NO_RESOURCE_BUNDLE = class java.util.logging.Logger$LoggerBundle@113eb79
      resourceBundleName = null
      userBundle = null
    manager = class com.ibm.ws.kernel.boot.logging.WsLogManager@126466f2
      CLASS_NAME = "com.ibm.ws.kernel.boot.logging.WsLogManager"
      CONFIGURE_BY_SERVER_PROPERTY_NAME = "java.util.logging.configureByServer"
      CONFIGURE_BY_LOGGING_PROPERTIES_FILE = "java.util.logging.configureByLoggingPropertiesFile"
      configureByServer = true
      configureByLoggingProperties = false
      wsLogger = class java.lang.reflect.Constructor@4d72354e
      resetEnabled = true
      manager = class com.ibm.ws.kernel.boot.logging.WsLogManager@126466f2
      props = class java.util.Properties@4bd6737
      defaultLevel = class java.util.logging.Level@63a38b3c
      listenerMap = class java.util.HashMap@1c23d7c1
      systemContext = class java.util.logging.LogManager$SystemLoggerContext@40a7494e
      userContext = class java.util.logging.LogManager$LoggerContext@52797660
      rootLogger = class java.util.logging.LogManager$RootLogger@3d9227c7
      readPrimordialConfiguration = true
      initializedGlobalHandlers = true
      deathImminent = false
      initializedCalled = true
      initializationDone = true
      contextsMap = null
      loggerRefQueue = class java.lang.ref.ReferenceQueue@3f0d626b
      MAX_ITERATIONS = 400
      controlPermission = class java.util.logging.LoggingPermission@459ab1fd
      loggingMXBean = null
      LOGGING_MXBEAN_NAME = "java.util.logging:type=Logging"
      $assertionsDisabled = true
    name = "com.ibm.ws.webcontainer.filter"
    handlers = class java.util.concurrent.CopyOnWriteArrayList@58015146
      serialVersionUID = 8673264195747942595
      lock = class java.util.concurrent.locks.ReentrantLock@5b013832
      array = class java.lang.Object[0]
      UNSAFE = class sun.misc.Unsafe@77b83e98
      lockOffset = 12
    loggerBundle = class java.util.logging.Logger$LoggerBundle@335cef58
      resourceBundleName = "com.ibm.ws.webcontainer.resources.Messages"
      userBundle = null
    useParentHandlers = true
    filter = null
    anonymous = false
    catalog = class com.ibm.ws.webcontainer.resources.Messages_en@2d0a9269
      resources = class [Ljava.lang.Object;[0]
      lookup = null
      INITIAL_CACHE_SIZE = 32
      NONEXISTENT_BUNDLE = class java.util.ResourceBundle$1@73840b20
      cacheList = class java.util.concurrent.ConcurrentHashMap@22ff5855
      referenceQueue = class java.lang.ref.ReferenceQueue@3af71128
      parent = class com.ibm.ws.webcontainer.resources.Messages@609270f8
      locale = class java.util.Locale@1e1b8103
      name = "com.ibm.ws.webcontainer.resources.Messages"
      expired = false
      cacheKey = class java.util.ResourceBundle$CacheKey@339caac1
      keySet = null
      providers = null
      $assertionsDisabled = true
    catalogName = "com.ibm.ws.webcontainer.resources.Messages"
    catalogLocale = class java.util.Locale@1ce822cc
      LOCALECACHE = class java.util.Locale$Cache@14ec45e5
      ENGLISH = class java.util.Locale@1e1b8103
      FRENCH = class java.util.Locale@47dd3a09
      GERMAN = class java.util.Locale@4faeba4d
      ITALIAN = class java.util.Locale@399b1d30
      JAPANESE = class java.util.Locale@7b4a8099
      KOREAN = class java.util.Locale@55e9f08b
      CHINESE = class java.util.Locale@6faf44a9
      SIMPLIFIED_CHINESE = class java.util.Locale@ebcb6f1
      TRADITIONAL_CHINESE = class java.util.Locale@21dda1f7
      FRANCE = class java.util.Locale@3b2a70ef
      GERMANY = class java.util.Locale@2e35f12f
      ITALY = class java.util.Locale@4555d126
      JAPAN = class java.util.Locale@9cb0262
      KOREA = class java.util.Locale@610eb6bc
      CHINA = class java.util.Locale@ebcb6f1
      PRC = class java.util.Locale@ebcb6f1
      TAIWAN = class java.util.Locale@21dda1f7
      UK = class java.util.Locale@60b39f3b
      US = class java.util.Locale@1ce822cc
      CANADA = class java.util.Locale@b04beea
      CANADA_FRENCH = class java.util.Locale@5a0d65fa
      ROOT = class java.util.Locale@4e228351
      PRIVATE_USE_EXTENSION = x
      UNICODE_LOCALE_EXTENSION = u
      serialVersionUID = 9149081749638150636
      DISPLAY_LANGUAGE = 0
      DISPLAY_COUNTRY = 1
      DISPLAY_VARIANT = 2
      DISPLAY_SCRIPT = 3
      baseLocale = class sun.util.locale.BaseLocale@321497e9
      localeExtensions = null
      hashCodeValue = 96636889
      defaultLocale = class java.util.Locale@1ce822cc
      defaultDisplayLocale = null
      defaultFormatLocale = class java.util.Locale@1ce822cc
      languageTag = "en-US"
      serialPersistentFields = class java.io.ObjectStreamField[6]
      isoLanguages = null
      isoCountries = null
      $assertionsDisabled = true
    treeLock = class java.lang.Object@4eb1cb76
    parent = class com.ibm.ws.logging.internal.WsLogger@1ac3dbd7
      tc = class com.ibm.websphere.ras.TraceComponent@52eb4a85
      ivCachedResourceBundleName = "com.ibm.ws.webcontainer.resources.Messages"
      ivCachedResourceBundle = class com.ibm.ws.webcontainer.resources.Messages_en@6ccb5e8d
      ivComponent = null
      ivOrganization = null
      ivProduct = null
      ivMinimumLocalizationLevelIntValue = 625
      ivTC = class com.ibm.websphere.ras.TraceComponent@4b5202dc
      loggerRegistrationComponent = class java.lang.ThreadLocal@60ae7950
      emptyHandlers = class java.util.logging.Handler[0]
      offValue = 2147483647
      SYSTEM_LOGGER_RB_NAME = "sun.util.logging.resources.logging"
      SYSTEM_BUNDLE = class java.util.logging.Logger$LoggerBundle@3ceafb8d
      NO_RESOURCE_BUNDLE = class java.util.logging.Logger$LoggerBundle@113eb79
      manager = class com.ibm.ws.kernel.boot.logging.WsLogManager@126466f2
      name = "com.ibm.ws.webcontainer"
      handlers = class java.util.concurrent.CopyOnWriteArrayList@557ef551
      loggerBundle = class java.util.logging.Logger$LoggerBundle@302bba41
      useParentHandlers = true
      filter = null
      anonymous = false
      catalog = class com.ibm.ws.webcontainer.resources.Messages_en@6ccb5e8d
      catalogName = "com.ibm.ws.webcontainer.resources.Messages"
      catalogLocale = class java.util.Locale@1ce822cc
      treeLock = class java.lang.Object@4eb1cb76
      parent = class java.util.logging.Logger@5cad5fd1
      kids = class java.util.ArrayList@6a245dff
      levelObject = class java.util.logging.Level@63a38b3c
      levelValue = 800
      callersClassLoaderRef = class java.lang.ref.WeakReference@48d2e997
      isSystemLogger = false
      GLOBAL_LOGGER_NAME = "global"
      global = class java.util.logging.Logger@5b6527b
      $assertionsDisabled = true
    kids = null
    levelObject = class java.util.logging.Level@63a38b3c
      defaultBundle = "sun.util.logging.resources.logging"
      name = "INFO"
      value = 800
      resourceBundleName = "sun.util.logging.resources.logging"
      localizedLevelName = "INFO"
      cachedLocale = class java.util.Locale@1ce822cc
      OFF = class java.util.logging.Level@3406cf65
      SEVERE = class java.util.logging.Level@2071ff78
      WARNING = class java.util.logging.Level@1ded3f0a
      INFO = class java.util.logging.Level@63a38b3c
      CONFIG = class java.util.logging.Level@256c8ae9
      FINE = class java.util.logging.Level@279314c6
      FINER = class java.util.logging.Level@8b6b573
      FINEST = class java.util.logging.Level@7cd7ce00
      ALL = class java.util.logging.Level@3dad38b1
      serialVersionUID = -8176160795706313070
    levelValue = 800
    callersClassLoaderRef = class java.lang.ref.WeakReference@3e003bc6
      referent = class org.eclipse.osgi.internal.loader.EquinoxClassLoader@53e2aa1b
      queue = class java.lang.ref.ReferenceQueue$Null@70fb1652
      next = null
      discovered = null
      lock = class java.lang.ref.Reference$Lock@46e6c2f2
      pending = null
    isSystemLogger = false
    GLOBAL_LOGGER_NAME = "global"
    global = class java.util.logging.Logger@5b6527b
      emptyHandlers = class java.util.logging.Handler[0]
      offValue = 2147483647
      SYSTEM_LOGGER_RB_NAME = "sun.util.logging.resources.logging"
      SYSTEM_BUNDLE = class java.util.logging.Logger$LoggerBundle@3ceafb8d
      NO_RESOURCE_BUNDLE = class java.util.logging.Logger$LoggerBundle@113eb79
      manager = class com.ibm.ws.kernel.boot.logging.WsLogManager@126466f2
      name = "global"
      handlers = class java.util.concurrent.CopyOnWriteArrayList@4f61793
      loggerBundle = class java.util.logging.Logger$LoggerBundle@113eb79
      useParentHandlers = true
      filter = null
      anonymous = false
      catalog = null
      catalogName = null
      catalogLocale = null
      treeLock = class java.lang.Object@4eb1cb76
      parent = class java.util.logging.LogManager$RootLogger@3d9227c7
      kids = null
      levelObject = null
      levelValue = 800
      callersClassLoaderRef = null
      isSystemLogger = true
      GLOBAL_LOGGER_NAME = "global"
      global = class java.util.logging.Logger@5b6527b
      $assertionsDisabled = true
    $assertionsDisabled = true
  CLASS_NAME = "com.ibm.ws.webcontainer.filter.FilterInstanceWrapper"
  _filterEvent = null
  _filterConfig = class com.ibm.ws.webcontainer.filter.FilterConfig@219e44a2
    dispatchMode = null
    filterClassLoader = null
    isInternal = false
    webAppConfig = class com.ibm.ws.webcontainer.osgi.webapp.WebAppConfiguration@542edb38
      webModuleMetaData = class com.ibm.ws.webcontainer.osgi.metadata.WebModuleMetaDataImpl@36b4b06e
      webComponentMetaData = class com.ibm.ws.webcontainer.osgi.metadata.WebComponentMetaDataImpl@449236ba
      dVirtualHost = class com.ibm.ws.webcontainer.osgi.DynamicVirtualHost@26ff5174
      orderedLibPaths = class java.util.Collections$UnmodifiableRandomAccessList@45b56981
      bundleHeaders = null
      cdiEnabled = false
      CLASS_NAME = "com.ibm.ws.webcontainer.webapp.WebAppConfiguration"
      logger = class com.ibm.ws.logging.internal.WsLogger@25837917
      tc = class com.ibm.websphere.ras.TraceComponent@2316a3b
      nls = class com.ibm.ejs.ras.TraceNLS@76a0c667
      version = 30
      contextRoot = "/MongoRestApp"
      sessionTimeout = 0
      moduleSessionTimeoutSet = false
      moduleSessionTrackingModeSet = false
      sessionCookieConfig = class com.ibm.ws.session.SessionCookieConfigImpl@7b839e55
      hasProgrammaticCookieConfig = false
      sessionDefaultTrackingModeSet = class java.util.RegularEnumSet@5b57fed2
      sessionManagerConfig = class com.ibm.ws.session.SessionManagerConfig@2b618688
      displayName = "MongoRestApp"
      description = null
      reloadInterval = 0
      distributable = false
      denyUncoveredHttpMethods = false
      reloadingEnabled = false
      serveServletsByClassnameEnabled = false
      defaultErrorPage = null
      additionalClassPath = null
      fileServingEnabled = null
      directoryBrowsingEnabled = false
      autoRequestEncoding = false
      autoResponseEncoding = false
      autoLoadFilters = false
      requestListeners = null
      requestAttributeListeners = null
      sessionListeners = null
      localeMap = null
      moduleName = "MongoRestApp"
      j2eeModuleName = "MongoRestApp.war"
      moduleId = null
      isSyncToThreadEnabled = false
      isSystemApp = false
      ardEnabled = false
      ardDispatchType = null
      listeners = class java.util.ArrayList@7e1352b8
      welcomeFileList = class java.util.ArrayList@19850a19
      servletMappings = class java.util.HashMap@7d40c695
      lastIndexBeforeDeclaredFilters = 0
      filterMappings = class java.util.ArrayList@5ab25a73
      servletInfo = class java.util.HashMap@3e50550f
      filterInfo = class java.util.HashMap@fb4551e
      mimeMappings = class java.util.HashMap@74bb5e13
      mimeFilters = null
      isMimeFilteringEnabled = false
      theWebGroup = null
      jspAttributes = class java.util.HashMap@3c92e335
      fileServingAttributes = class java.util.HashMap@562185
      invokerAttributes = class java.util.HashMap@2d678834
      contextParams = class java.util.HashMap@302104d
      virtualHost = "default_host"
      exceptionErrorPages = class java.util.HashMap@28a2c053
      codeErrorPages = class java.util.HashMap@19c986cb
      tagLibList = null
      precompileJsps = false
      webApp = class com.ibm.ws.webcontainer31.osgi.webapp.WebApp31@64083273
      virtualHostList = class java.util.Collections$EmptyList@1872d9a6
      appStartupWeight = 0
      moduleStartupWeight = 0
      metaDataComplete = false
      classesToScan = class java.util.ArrayList@87e9bee
      uriFilterMappingInfos = class java.util.ArrayList@1b6d62d4
      servletFilterMappingInfos = null
      dynamicServletRegistrationMap = null
      applicationName = "MongoRestApp"
      libBinPathList = class java.util.ArrayList@257389b2
      webXmlDefinedListeners = class java.util.HashSet@7059ac09
      allRefs = class java.util.EnumMap@c04f807
      allRefBindings = class java.util.EnumMap@7c8f4091
      envEntryValues = class java.util.HashMap@450878ab
      resourceRefConfigList = null
      disallowAllFileServingProp = "false"
      disallowServeServletsByClassnameProp = "true"
      disableStaticMappingCache = false
      jspCachedLocations = class java.util.HashMap@780cade7
      _id = "WebAppGeneratedId61"
      _attributes = null
      serialVersionUID = 7511545662945734886
      $$$tc$$$ = class com.ibm.websphere.ras.TraceComponent@6816dbf2
    filter = null
    filterClass = class java.lang.Class@41464871
      ANNOTATION = 8192
      ENUM = 16384
      SYNTHETIC = 4096
      cachedConstructor = null
      newInstanceCallerCache = null
      name = "com.ibm.ws.security.jaspi.JaspiServletFilter"
      allPermDomain = class java.security.ProtectionDomain@5d09154d
      useCaches = true
      reflectionData = class java.lang.ref.SoftReference@10463199
      classRedefinedCount = 0
      genericInfo = null
      serialVersionUID = 3206093459760846163
      serialPersistentFields = class java.io.ObjectStreamField[0]
      reflectionFactory = class sun.reflect.ReflectionFactory@761f61b
      initted = true
      enumConstants = null
      enumConstantDirectory = null
      annotationData = class java.lang.Class$AnnotationData@1d4de60a
      annotationType = null
      classValueMap = null
    urlPatternMappings = class java.util.ArrayList@510b3cfa
      serialVersionUID = 8683452581122892189
      DEFAULT_CAPACITY = 10
      EMPTY_ELEMENTDATA = class java.lang.Object[0]
      DEFAULTCAPACITY_EMPTY_ELEMENTDATA = class java.lang.Object[0]
      elementData = class java.lang.Object[10]
      size = 1
      MAX_ARRAY_SIZE = 2147483639
      modCount = 1
      MAX_ARRAY_SIZE = 2147483639
    servletNameMappings = null
    nls = class com.ibm.ejs.ras.TraceNLS@76791a0b
      resolver = class com.ibm.ws.logging.internal.TraceNLSResolver@4cd1fa60
      finder = class com.ibm.ws.logging.internal.StackFinder@4a250db
      ivBundleName = "com.ibm.ws.webcontainer.resources.Messages"
      caller = class java.lang.Class@46164b70
    logger = class com.ibm.ws.logging.internal.WsLogger@16ae033c
      tc = class com.ibm.websphere.ras.TraceComponent@52eb4a85
      ivCachedResourceBundleName = "com.ibm.ws.webcontainer.resources.Messages"
      ivCachedResourceBundle = class com.ibm.ws.webcontainer.resources.Messages_en@6ccb5e8d
      ivComponent = null
      ivOrganization = null
      ivProduct = null
      ivMinimumLocalizationLevelIntValue = 625
      ivTC = class com.ibm.websphere.ras.TraceComponent@53ba277f
      loggerRegistrationComponent = class java.lang.ThreadLocal@60ae7950
      emptyHandlers = class java.util.logging.Handler[0]
      offValue = 2147483647
      SYSTEM_LOGGER_RB_NAME = "sun.util.logging.resources.logging"
      SYSTEM_BUNDLE = class java.util.logging.Logger$LoggerBundle@3ceafb8d
      NO_RESOURCE_BUNDLE = class java.util.logging.Logger$LoggerBundle@113eb79
      manager = class com.ibm.ws.kernel.boot.logging.WsLogManager@126466f2
      name = "com.ibm.ws.webcontainer.servlet"
      handlers = class java.util.concurrent.CopyOnWriteArrayList@5e7b4fe7
      loggerBundle = class java.util.logging.Logger$LoggerBundle@414f6861
      useParentHandlers = true
      filter = null
      anonymous = false
      catalog = class com.ibm.ws.webcontainer.resources.Messages_en@6ccb5e8d
      catalogName = "com.ibm.ws.webcontainer.resources.Messages"
      catalogLocale = class java.util.Locale@1ce822cc
      treeLock = class java.lang.Object@4eb1cb76
      parent = class com.ibm.ws.logging.internal.WsLogger@1ac3dbd7
      kids = null
      levelObject = class java.util.logging.Level@63a38b3c
      levelValue = 800
      callersClassLoaderRef = class java.lang.ref.WeakReference@4b8d0011
      isSystemLogger = false
      GLOBAL_LOGGER_NAME = "global"
      global = class java.util.logging.Logger@5b6527b
      $assertionsDisabled = true
    CLASS_NAME = "com.ibm.ws.webcontainer.servlet.TargetConfig"
    initParams = null
    fileName = null
    displayName = "com.ibm.ws.security.jaspi.servlet.filter"
    name = "com.ibm.ws.security.jaspi.servlet.filter"
    description = null
    smallIcon = null
    largeIcon = null
    context = class com.ibm.ws.webcontainer31.facade.ServletContextFacade31@67e08d14
      context = class com.ibm.ws.webcontainer31.osgi.webapp.WebApp31@64083273
    className = null
    asyncSupported = true
    _id = "com.ibm.ws.security.jaspi.servlet.filter"
    _attributes = null
    serialVersionUID = 7511545662945734886
    $$$tc$$$ = class com.ibm.websphere.ras.TraceComponent@6816dbf2
      strings[0] = "TraceComponent[com.ibm.ws.container.BaseConfiguration,class com.ibm.ws.container.BaseConfiguration,[],null,null]"
  _eventSource = class com.ibm.ws.webcontainer.webapp.WebAppEventSource@6f2013d7
    _invocationListeners = class com.ibm.ws.webcontainer.util.EventListeners@7d6758ff
      EMPTY_LISTENERS = interface java.util.EventListener[0]
      logger = class com.ibm.ws.logging.internal.WsLogger@750af965
      CLASS_NAME = "com.ibm.ws.webcontainer.util.EventListeners"
      listeners = interface java.util.EventListener[0]
    _servletListeners = class com.ibm.ws.webcontainer.util.EventListeners@69db66c8
      EMPTY_LISTENERS = interface java.util.EventListener[0]
      logger = class com.ibm.ws.logging.internal.WsLogger@750af965
      CLASS_NAME = "com.ibm.ws.webcontainer.util.EventListeners"
      listeners = interface java.util.EventListener[0]
    _errorListeners = class com.ibm.ws.webcontainer.util.EventListeners@4ffa0ee3
      EMPTY_LISTENERS = interface java.util.EventListener[0]
      logger = class com.ibm.ws.logging.internal.WsLogger@750af965
      CLASS_NAME = "com.ibm.ws.webcontainer.util.EventListeners"
      listeners = interface java.util.EventListener[0]
    _applicationListeners = class com.ibm.ws.webcontainer.util.EventListeners@137d5b5b
      EMPTY_LISTENERS = interface java.util.EventListener[0]
      logger = class com.ibm.ws.logging.internal.WsLogger@750af965
      CLASS_NAME = "com.ibm.ws.webcontainer.util.EventListeners"
      listeners = interface java.util.EventListener[0]
    _filterInvocationListeners = class com.ibm.ws.webcontainer.util.EventListeners@549a496b
      EMPTY_LISTENERS = interface java.util.EventListener[0]
      logger = class com.ibm.ws.logging.internal.WsLogger@750af965
      CLASS_NAME = "com.ibm.ws.webcontainer.util.EventListeners"
      listeners = interface java.util.EventListener[0]
    _filterListeners = class com.ibm.ws.webcontainer.util.EventListeners@66c59816
      EMPTY_LISTENERS = interface java.util.EventListener[0]
      logger = class com.ibm.ws.logging.internal.WsLogger@750af965
      CLASS_NAME = "com.ibm.ws.webcontainer.util.EventListeners"
      listeners = interface java.util.EventListener[0]
    _filterErrorListeners = class com.ibm.ws.webcontainer.util.EventListeners@79d70f3b
      EMPTY_LISTENERS = interface java.util.EventListener[0]
      logger = class com.ibm.ws.logging.internal.WsLogger@750af965
      CLASS_NAME = "com.ibm.ws.webcontainer.util.EventListeners"
      listeners = interface java.util.EventListener[0]
  _managedObject = class com.ibm.ws.managedobject.internal.ManagedObjectImpl@57ad8cf2
    serialVersionUID = 2312695316196219051
    object = "<sensitive com.ibm.ws.security.jaspi.JaspiServletFilter@235ad4f1>"
    $$$tc$$$ = class com.ibm.websphere.ras.TraceComponent@ea455ad
      strings[0] = "TraceComponent[com.ibm.ws.managedobject.internal.ManagedObjectImpl,class com.ibm.ws.managedobject.internal.ManagedObjectImpl,[],null,null]"

